<?xml version="1.0" encoding="UTF-8"?>
<testsuites name="Mobile Suite" time="472.793" tests="1" failures="0" errors="0">
   <testsuite name="Mobile Suite" tests="1" failures="0" errors="0" time="472.793" skipped="0" timestamp="2023-05-26 17:30:30" hostname="akile - 10.146.4.19" id="Test Suites/Mobile Suite">
      <properties>
         <property name="deviceName"/>
         <property name="devicePlatform" value=""/>
         <property name="logFolder" value="C:\\Users\\akile\\git\\KatalonMobileWeb\\Reports\\20230526_173022\\Mobile Suite\\20230526_173022"/>
         <property name="logFiles" value="C:\\Users\\akile\\git\\KatalonMobileWeb\\Reports\\20230526_173022\\Mobile Suite\\20230526_173022\\execution0.log"/>
         <property name="attachments" value="C:\\Users\\akile\\git\\KatalonMobileWeb\\Reports\\20230526_173022\\Mobile Suite\\20230526_173022\\1685102803311.png"/>
         <property name="hostName" value="akile - 10.146.4.19"/>
         <property name="remoteDriverUrl" value="http://hub.browserstack.com/wd/hub"/>
         <property name="desiredCapabilities" value="{
  &quot;app&quot;: &quot;bs://70ba423167486281f805009f4439403483e6bc4d&quot;,
  &quot;build&quot;: &quot;OneCS QA&quot;,
  &quot;browserstack.key&quot;: &quot;XL3oy1yprCJD24apFpHu&quot;,
  &quot;os_version&quot;: &quot;12.0&quot;,
  &quot;project&quot;: &quot;OneCS Mobile&quot;,
  &quot;browserstack.user&quot;: &quot;akileshs_Jit0Ln&quot;,
  &quot;device&quot;: &quot;Samsung Galaxy S22 Ultra&quot;
}"/>
         <property name="os" value="Windows 10 64bit"/>
         <property name="appiumServerStatus" value="{&quot;status&quot;:0,&quot;sessionId&quot;:null,&quot;value&quot;:{&quot;build&quot;:{&quot;time&quot;:&quot;2015-02-26 23:59:50&quot;,&quot;version&quot;:&quot;2.45.0&quot;,&quot;revision&quot;:&quot;5017cb8&quot;}},&quot;state&quot;:&quot;success&quot;}"/>
         <property name="katalonVersion" value="8.6.0.208"/>
         <property name="appiumVersion" value="2.45.0"/>
         <property name="hostAddress" value="10.146.4.19"/>
      </properties>
      <testcase name="Test Cases/SignIn Module" time="98.197" classname="Test Cases/SignIn Module" status="INCOMPLETE">
         <system-out><![CDATA[2023-05-26 17:36:45 - [TEST_CASE][INCOMPLETE] - Test Cases/SignIn Module: null

2023-05-26 17:36:45 - [TEST_STEP][INCOMPLETE] - runFeatureFile("Include/features/OneCSMobile-SignIn_Registration.feature"): null

2023-05-26 17:36:45 - [MESSAGE][INFO] - Starting run keyword runFeatureFile: 'Include/features/OneCSMobile-SignIn_Registration.feature' and extract report to folder: 'C:\Users\akile\git\KatalonMobileWeb\Reports\20230526_173022\Mobile Suite\20230526_173022/cucumber_report/1685102805529'...

2023-05-26 17:36:45 - [TEST_CASE][INCOMPLETE] - Start Test Case : SCENARIO 2.01 - verify the details displayed on the Sign In Welcome Screen: null

2023-05-26 17:36:45 - [TEST_STEP][PASSED] - the user launches the OneCS Mobile app: the user launches the OneCS Mobile app

2023-05-26 17:36:45 - [TEST_CASE][PASSED] - Test Cases/Initiating Mobile App: Test Cases/Initiating Mobile App

2023-05-26 17:36:45 - [TEST_STEP][PASSED] - startApplication("bs://70ba423167486281f805009f4439403483e6bc4d", true): Started app at: 'bs://70ba423167486281f805009f4439403483e6bc4d'

2023-05-26 17:37:13 - [MESSAGE][PASSED] - Started app at: 'bs://70ba423167486281f805009f4439403483e6bc4d'

2023-05-26 17:37:13 - [MESSAGE][PASSED] - Call Test Case 'Test Cases/Initiating Mobile App' successfully

2023-05-26 17:37:13 - [MESSAGE][PASSED] - the user launches the OneCS Mobile app

2023-05-26 17:37:13 - [TEST_STEP][INCOMPLETE] - the user validates the following for Sign in Module: null

2023-05-26 17:37:13 - [TEST_CASE][INCOMPLETE] - Test Cases/SignIn_Registration: null

2023-05-26 17:37:13 - [TEST_STEP][PASSED] - verifyElementExist(findTestObject("Object Repository/Android Objects/logo"), 0): Element 'Object Repository/Android Objects/logo' is exist

2023-05-26 17:37:13 - [MESSAGE][WARNING] - Timeout '0' is invalid. Using default page load timeout: '30'

2023-05-26 17:37:14 - [MESSAGE][PASSED] - Element 'Object Repository/Android Objects/logo' is exist

2023-05-26 17:37:14 - [TEST_STEP][PASSED] - verifyElementExist(findTestObject("Object Repository/Android Objects/Create a secure"), 0): Element 'Object Repository/Android Objects/Create a secure' is exist

2023-05-26 17:37:14 - [MESSAGE][WARNING] - Timeout '0' is invalid. Using default page load timeout: '30'

2023-05-26 17:37:15 - [MESSAGE][PASSED] - Element 'Object Repository/Android Objects/Create a secure' is exist

2023-05-26 17:37:15 - [TEST_STEP][PASSED] - verifyElementExist(findTestObject("Object Repository/Android Objects/android.widget.TextView - Sign in"), 0): Element 'Object Repository/Android Objects/android.widget.TextView - Sign in' is exist

2023-05-26 17:37:15 - [MESSAGE][WARNING] - Timeout '0' is invalid. Using default page load timeout: '30'

2023-05-26 17:37:17 - [MESSAGE][PASSED] - Element 'Object Repository/Android Objects/android.widget.TextView - Sign in' is exist

2023-05-26 17:37:17 - [TEST_STEP][PASSED] - verifyElementText(findTestObject("Object Repository/Android Objects/Sign in Button"), "Sign in"): Actual text and expected text of test object 'Object Repository/Android Objects/Sign in Button' are matched.

2023-05-26 17:37:18 - [MESSAGE][PASSED] - Actual text and expected text of test object 'Object Repository/Android Objects/Sign in Button' are matched.

2023-05-26 17:37:18 - [TEST_STEP][PASSED] - verifyElementText(findTestObject("Object Repository/Android Objects/android.widget.TextView - Dont have an account"), "Don't have an account?"): Actual text and expected text of test object 'Object Repository/Android Objects/android.widget.TextView - Dont have an account' are matched.

2023-05-26 17:37:20 - [MESSAGE][PASSED] - Actual text and expected text of test object 'Object Repository/Android Objects/android.widget.TextView - Dont have an account' are matched.

2023-05-26 17:37:20 - [TEST_STEP][PASSED] - verifyElementText(findTestObject("Object Repository/Android Objects/android.widget.TextView - Create one on our website"), "Create one on our website"): Actual text and expected text of test object 'Object Repository/Android Objects/android.widget.TextView - Create one on our website' are matched.

2023-05-26 17:37:22 - [MESSAGE][PASSED] - Actual text and expected text of test object 'Object Repository/Android Objects/android.widget.TextView - Create one on our website' are matched.

2023-05-26 17:37:22 - [TEST_STEP][PASSED] - tap(findTestObject("Object Repository/Android Objects/Create one on our website"), 0): Tapped on element 'Object Repository/Android Objects/Create one on our website'

2023-05-26 17:37:22 - [MESSAGE][WARNING] - Timeout '0' is invalid. Using default page load timeout: '30'

2023-05-26 17:37:26 - [MESSAGE][PASSED] - Tapped on element 'Object Repository/Android Objects/Create one on our website'

2023-05-26 17:37:26 - [TEST_STEP][PASSED] - tap(findTestObject("Object Repository/Android Objects/android.widget.Button - Accept All"), 0): Tapped on element 'Object Repository/Android Objects/android.widget.Button - Accept All'

2023-05-26 17:37:26 - [MESSAGE][WARNING] - Timeout '0' is invalid. Using default page load timeout: '30'

2023-05-26 17:37:33 - [MESSAGE][PASSED] - Tapped on element 'Object Repository/Android Objects/android.widget.Button - Accept All'

2023-05-26 17:37:33 - [TEST_STEP][PASSED] - continuebutton = getText(findTestObject("Object Repository/Android Objects/weburl"), 0): Text of element 'Object Repository/Android Objects/weburl' is: 'charles-stanley.co.uk/services/save'

2023-05-26 17:37:33 - [MESSAGE][WARNING] - Timeout '0' is invalid. Using default page load timeout: '30'

2023-05-26 17:37:36 - [MESSAGE][PASSED] - Text of element 'Object Repository/Android Objects/weburl' is: 'charles-stanley.co.uk/services/save'

2023-05-26 17:37:36 - [TEST_STEP][PASSED] - Assert.assertEquals(continuebutton, "charles-stanley.co.uk/services/save"): null

2023-05-26 17:37:36 - [TEST_STEP][PASSED] - pressBack(): Press back button successfully

2023-05-26 17:37:38 - [MESSAGE][PASSED] - Press back button successfully

2023-05-26 17:37:38 - [TEST_STEP][PASSED] - verifyElementVisible(findTestObject("Object Repository/Android Objects/logo"), 0): Element 'Object Repository/Android Objects/logo' is visible

2023-05-26 17:37:38 - [MESSAGE][WARNING] - Timeout '0' is invalid. Using default page load timeout: '30'

2023-05-26 17:37:39 - [MESSAGE][PASSED] - Element 'Object Repository/Android Objects/logo' is visible

2023-05-26 17:37:39 - [TEST_STEP][PASSED] - tap(findTestObject("Object Repository/Android Objects/Sign in Button"), 0): Tapped on element 'Object Repository/Android Objects/Sign in Button'

2023-05-26 17:37:39 - [MESSAGE][WARNING] - Timeout '0' is invalid. Using default page load timeout: '30'

2023-05-26 17:37:42 - [MESSAGE][PASSED] - Tapped on element 'Object Repository/Android Objects/Sign in Button'

2023-05-26 17:37:42 - [TEST_STEP][PASSED] - verifyElementText(findTestObject("Object Repository/Android Objects/android.widget.TextView - Sign in step 1 of 4"), "Sign in step 1 of 4"): Actual text and expected text of test object 'Object Repository/Android Objects/android.widget.TextView - Sign in step 1 of 4' are matched.

2023-05-26 17:37:44 - [MESSAGE][PASSED] - Actual text and expected text of test object 'Object Repository/Android Objects/android.widget.TextView - Sign in step 1 of 4' are matched.

2023-05-26 17:37:44 - [TEST_STEP][PASSED] - verifyElementExist(findTestObject("Object Repository/Android Objects/X_Button"), 0): Element 'Object Repository/Android Objects/X_Button' is exist

2023-05-26 17:37:44 - [MESSAGE][WARNING] - Timeout '0' is invalid. Using default page load timeout: '30'

2023-05-26 17:37:45 - [MESSAGE][PASSED] - Element 'Object Repository/Android Objects/X_Button' is exist

2023-05-26 17:37:45 - [TEST_STEP][PASSED] - verifyElementText(findTestObject("Object Repository/Android Objects/android.widget.TextView - Username  password"), "Username & password"): Actual text and expected text of test object 'Object Repository/Android Objects/android.widget.TextView - Username  password' are matched.

2023-05-26 17:37:47 - [MESSAGE][PASSED] - Actual text and expected text of test object 'Object Repository/Android Objects/android.widget.TextView - Username  password' are matched.

2023-05-26 17:37:47 - [TEST_STEP][PASSED] - verifyElementText(findTestObject("Object Repository/Android Objects/android.widget.TextView - Please enter your username and password associated with your Charles Stanley account"), "Please enter your username and password associated with your Charles Stanley account."): Actual text and expected text of test object 'Object Repository/Android Objects/android.widget.TextView - Please enter your username and password associated with your Charles Stanley account' are matched.

2023-05-26 17:37:49 - [MESSAGE][PASSED] - Actual text and expected text of test object 'Object Repository/Android Objects/android.widget.TextView - Please enter your username and password associated with your Charles Stanley account' are matched.

2023-05-26 17:37:49 - [TEST_STEP][PASSED] - verifyElementText(findTestObject("Object Repository/Android Objects/Usernamefiled"), ""): Actual text and expected text of test object 'Object Repository/Android Objects/Usernamefiled' are matched.

2023-05-26 17:37:50 - [MESSAGE][PASSED] - Actual text and expected text of test object 'Object Repository/Android Objects/Usernamefiled' are matched.

2023-05-26 17:37:50 - [TEST_STEP][PASSED] - verifyElementText(findTestObject("Object Repository/Android Objects/Passwordfiled"), ""): Actual text and expected text of test object 'Object Repository/Android Objects/Passwordfiled' are matched.

2023-05-26 17:37:52 - [MESSAGE][PASSED] - Actual text and expected text of test object 'Object Repository/Android Objects/Passwordfiled' are matched.

2023-05-26 17:37:52 - [TEST_STEP][PASSED] - verifyElementVisible(findTestObject("Object Repository/Android Objects/eyebuttoninsignin"), 0): Element 'Object Repository/Android Objects/eyebuttoninsignin' is visible

2023-05-26 17:37:52 - [MESSAGE][WARNING] - Timeout '0' is invalid. Using default page load timeout: '30'

2023-05-26 17:37:54 - [MESSAGE][PASSED] - Element 'Object Repository/Android Objects/eyebuttoninsignin' is visible

2023-05-26 17:37:54 - [TEST_STEP][PASSED] - setText(findTestObject("Object Repository/Android Objects/Usernamefiled"), "bob", 0): Text 'bob' has been set to element 'Object Repository/Android Objects/Usernamefiled'

2023-05-26 17:37:54 - [MESSAGE][WARNING] - Timeout '0' is invalid. Using default page load timeout: '30'

2023-05-26 17:37:56 - [MESSAGE][PASSED] - Text 'bob' has been set to element 'Object Repository/Android Objects/Usernamefiled'

2023-05-26 17:37:56 - [TEST_STEP][PASSED] - clearText(findTestObject("Object Repository/Android Objects/Usernamefiled"), 0): Element 'Object Repository/Android Objects/Usernamefiled' text is cleared

2023-05-26 17:37:56 - [MESSAGE][WARNING] - Timeout '0' is invalid. Using default page load timeout: '30'

2023-05-26 17:37:57 - [MESSAGE][PASSED] - Element 'Object Repository/Android Objects/Usernamefiled' text is cleared

2023-05-26 17:37:57 - [TEST_STEP][PASSED] - setText(findTestObject("Object Repository/Android Objects/Passwordfiled"), "Pass123$", 0): Text 'Pass123$' has been set to element 'Object Repository/Android Objects/Passwordfiled'

2023-05-26 17:37:57 - [MESSAGE][WARNING] - Timeout '0' is invalid. Using default page load timeout: '30'

2023-05-26 17:37:59 - [MESSAGE][PASSED] - Text 'Pass123$' has been set to element 'Object Repository/Android Objects/Passwordfiled'

2023-05-26 17:37:59 - [TEST_STEP][PASSED] - verifyElementText(findTestObject("Object Repository/Android Objects/Passwordfiled"), "••••••••"): Actual text and expected text of test object 'Object Repository/Android Objects/Passwordfiled' are matched.

2023-05-26 17:38:01 - [MESSAGE][PASSED] - Actual text and expected text of test object 'Object Repository/Android Objects/Passwordfiled' are matched.

2023-05-26 17:38:01 - [TEST_STEP][PASSED] - tap(findTestObject("Object Repository/Android Objects/closebutton"), 0): Tapped on element 'Object Repository/Android Objects/closebutton'

2023-05-26 17:38:01 - [MESSAGE][WARNING] - Timeout '0' is invalid. Using default page load timeout: '30'

2023-05-26 17:38:04 - [MESSAGE][PASSED] - Tapped on element 'Object Repository/Android Objects/closebutton'

2023-05-26 17:38:04 - [TEST_STEP][PASSED] - verifyElementVisible(findTestObject("Object Repository/Android Objects/logo"), 0): Element 'Object Repository/Android Objects/logo' is visible

2023-05-26 17:38:04 - [MESSAGE][WARNING] - Timeout '0' is invalid. Using default page load timeout: '30'

2023-05-26 17:38:05 - [MESSAGE][PASSED] - Element 'Object Repository/Android Objects/logo' is visible

2023-05-26 17:38:05 - [TEST_STEP][PASSED] - tap(findTestObject("Object Repository/Android Objects/Sign in Button"), 0): Tapped on element 'Object Repository/Android Objects/Sign in Button'

2023-05-26 17:38:05 - [MESSAGE][WARNING] - Timeout '0' is invalid. Using default page load timeout: '30'

2023-05-26 17:38:07 - [MESSAGE][PASSED] - Tapped on element 'Object Repository/Android Objects/Sign in Button'

2023-05-26 17:38:07 - [TEST_STEP][PASSED] - setText(findTestObject("Object Repository/Android Objects/Usernamefiled"), "bob", 0): Text 'bob' has been set to element 'Object Repository/Android Objects/Usernamefiled'

2023-05-26 17:38:07 - [MESSAGE][WARNING] - Timeout '0' is invalid. Using default page load timeout: '30'

2023-05-26 17:38:09 - [MESSAGE][PASSED] - Text 'bob' has been set to element 'Object Repository/Android Objects/Usernamefiled'

2023-05-26 17:38:09 - [TEST_STEP][PASSED] - setText(findTestObject("Object Repository/Android Objects/Passwordfiled"), "pass123$", 0): Text 'pass123$' has been set to element 'Object Repository/Android Objects/Passwordfiled'

2023-05-26 17:38:09 - [MESSAGE][WARNING] - Timeout '0' is invalid. Using default page load timeout: '30'

2023-05-26 17:38:11 - [MESSAGE][PASSED] - Text 'pass123$' has been set to element 'Object Repository/Android Objects/Passwordfiled'

2023-05-26 17:38:11 - [TEST_STEP][PASSED] - verifyElementText(findTestObject("Object Repository/Android Objects/Usernamefiled"), "bob"): Actual text and expected text of test object 'Object Repository/Android Objects/Usernamefiled' are matched.

2023-05-26 17:38:13 - [MESSAGE][PASSED] - Actual text and expected text of test object 'Object Repository/Android Objects/Usernamefiled' are matched.

2023-05-26 17:38:13 - [TEST_STEP][PASSED] - verifyElementText(findTestObject("Object Repository/Android Objects/Passwordfiled"), "••••••••"): Actual text and expected text of test object 'Object Repository/Android Objects/Passwordfiled' are matched.

2023-05-26 17:38:15 - [MESSAGE][PASSED] - Actual text and expected text of test object 'Object Repository/Android Objects/Passwordfiled' are matched.

2023-05-26 17:38:15 - [TEST_STEP][PASSED] - tap(findTestObject("Object Repository/Android Objects/android.widget.TextView - Continue"), 0): Tapped on element 'Object Repository/Android Objects/android.widget.TextView - Continue'

2023-05-26 17:38:15 - [MESSAGE][WARNING] - Timeout '0' is invalid. Using default page load timeout: '30'

2023-05-26 17:38:17 - [MESSAGE][PASSED] - Tapped on element 'Object Repository/Android Objects/android.widget.TextView - Continue'

2023-05-26 17:38:17 - [TEST_STEP][PASSED] - waitForElementPresent(findTestObject("Object Repository/Android Objects/android.widget.TextView - Details incorrect"), 0): Element 'Object Repository/Android Objects/android.widget.TextView - Details incorrect' is present

2023-05-26 17:38:17 - [MESSAGE][WARNING] - Timeout '0' is invalid. Using default page load timeout: '30'

2023-05-26 17:38:19 - [MESSAGE][PASSED] - Element 'Object Repository/Android Objects/android.widget.TextView - Details incorrect' is present

2023-05-26 17:38:19 - [TEST_STEP][PASSED] - verifyElementText(findTestObject("Object Repository/Android Objects/android.widget.TextView - Details incorrect"), "Details incorrect"): Actual text and expected text of test object 'Object Repository/Android Objects/android.widget.TextView - Details incorrect' are matched.

2023-05-26 17:38:20 - [MESSAGE][PASSED] - Actual text and expected text of test object 'Object Repository/Android Objects/android.widget.TextView - Details incorrect' are matched.

2023-05-26 17:38:20 - [TEST_STEP][PASSED] - verifyElementText(findTestObject("Object Repository/Android Objects/android.widget.TextView - Please check the details youve entered are correct"), "Please check the details you've entered are correct."): Actual text and expected text of test object 'Object Repository/Android Objects/android.widget.TextView - Please check the details youve entered are correct' are matched.

2023-05-26 17:38:22 - [MESSAGE][PASSED] - Actual text and expected text of test object 'Object Repository/Android Objects/android.widget.TextView - Please check the details youve entered are correct' are matched.

2023-05-26 17:38:22 - [TEST_STEP][PASSED] - verifyElementText(findTestObject("Object Repository/Android Objects/android.widget.TextView - Edit details"), "Edit details"): Actual text and expected text of test object 'Object Repository/Android Objects/android.widget.TextView - Edit details' are matched.

2023-05-26 17:38:23 - [MESSAGE][PASSED] - Actual text and expected text of test object 'Object Repository/Android Objects/android.widget.TextView - Edit details' are matched.

2023-05-26 17:38:23 - [TEST_STEP][INCOMPLETE] - tap(findTestObject("Object Repository/Android Objects/android.widget.TextView - Edit details"), 0): Timeout '0' is invalid. Using default page load timeout: '30'

2023-05-26 17:38:23 - [MESSAGE][WARNING] - Timeout '0' is invalid. Using default page load timeout: '30']]></system-out>
         <system-err><![CDATA[2023-05-26 17:36:45 - [TEST_CASE][INCOMPLETE] - Test Cases/SignIn Module: null]]></system-err>
      </testcase>
      <system-out><![CDATA[2023-05-26 17:30:30 - [TEST_SUITE][INCOMPLETE] - Mobile Suite: null]]></system-out>
      <system-err><![CDATA[2023-05-26 17:30:30 - [TEST_SUITE][INCOMPLETE] - Mobile Suite: null]]></system-err>
   </testsuite>
</testsuites>
