<?xml version="1.0" encoding="UTF-8"?>
<testsuites name="OneCS App Android" time="84.858" tests="2" failures="0" errors="0">
   <testsuite name="OneCS App Android" tests="2" failures="0" errors="0" time="84.858" skipped="0" timestamp="2023-06-12 18:42:06" hostname="akile - AkILeShKiNgS.mshome.net" id="Test Suites/OneCS App Android">
      <properties>
         <property name="deviceName"/>
         <property name="devicePlatform" value=""/>
         <property name="logFolder" value="C:\\Users\\akile\\git\\KatalonMobileWeb\\Reports\\20230612_184156\\OneCS App Android\\20230612_184157"/>
         <property name="logFiles" value="C:\\Users\\akile\\git\\KatalonMobileWeb\\Reports\\20230612_184156\\OneCS App Android\\20230612_184157\\execution0.log"/>
         <property name="attachments" value=""/>
         <property name="hostName" value="akile - AkILeShKiNgS.mshome.net"/>
         <property name="remoteDriverUrl" value="http://hub.browserstack.com/wd/hub"/>
         <property name="desiredCapabilities" value="{
  &quot;app&quot;: &quot;bs://42357bf6cdd0b22ec96727a4dd91b055497b9807&quot;,
  &quot;build&quot;: &quot;OneCS QA&quot;,
  &quot;browserstack.key&quot;: &quot;XL3oy1yprCJD24apFpHu&quot;,
  &quot;os_version&quot;: &quot;12.0&quot;,
  &quot;project&quot;: &quot;OneCS Mobile&quot;,
  &quot;browserstack.user&quot;: &quot;akileshs_Jit0Ln&quot;,
  &quot;device&quot;: &quot;Samsung Galaxy S21&quot;,
  &quot;browserstack.idleTimeout&quot;: &quot;120&quot;
}"/>
         <property name="os" value="Windows 10 64bit"/>
         <property name="appiumServerStatus" value="{&quot;status&quot;:0,&quot;sessionId&quot;:null,&quot;value&quot;:{&quot;build&quot;:{&quot;time&quot;:&quot;2015-02-26 23:59:50&quot;,&quot;version&quot;:&quot;2.45.0&quot;,&quot;revision&quot;:&quot;5017cb8&quot;}},&quot;state&quot;:&quot;success&quot;}"/>
         <property name="katalonVersion" value="8.6.5.208"/>
         <property name="appiumVersion" value="2.45.0"/>
         <property name="hostAddress" value="172.26.0.1"/>
      </properties>
      <testcase name="Test Cases/Sign In/2.01_Android" time="31.94" classname="Test Cases/Sign In/2.01_Android" status="PASSED">
         <system-out><![CDATA[2023-06-12 18:42:06 - [TEST_CASE][PASSED] - Test Cases/Sign In/2.01_Android: Test Cases/Sign In/2.01_Android

2023-06-12 18:42:06 - [TEST_STEP][PASSED] - startApplication(bsApp, true): Started app at: 'bs://42357bf6cdd0b22ec96727a4dd91b055497b9807'

2023-06-12 18:42:26 - [MESSAGE][PASSED] - Started app at: 'bs://42357bf6cdd0b22ec96727a4dd91b055497b9807'

2023-06-12 18:42:26 - [TEST_STEP][PASSED] - verifyElementExist(findTestObject("Object Repository/Android Objects/logo"), 0): Element 'Object Repository/Android Objects/logo' is exist

2023-06-12 18:42:26 - [MESSAGE][WARNING] - Timeout '0' is invalid. Using default page load timeout: '30'

2023-06-12 18:42:26 - [MESSAGE][PASSED] - Element 'Object Repository/Android Objects/logo' is exist

2023-06-12 18:42:26 - [TEST_STEP][PASSED] - verifyElementExist(findTestObject("Object Repository/Android Objects/Create a secure"), 0): Element 'Object Repository/Android Objects/Create a secure' is exist

2023-06-12 18:42:26 - [MESSAGE][WARNING] - Timeout '0' is invalid. Using default page load timeout: '30'

2023-06-12 18:42:27 - [MESSAGE][PASSED] - Element 'Object Repository/Android Objects/Create a secure' is exist

2023-06-12 18:42:27 - [TEST_STEP][PASSED] - verifyElementText(findTestObject("Object Repository/Android Objects/Sign in Button"), "Sign in"): Actual text and expected text of test object 'Object Repository/Android Objects/Sign in Button' are matched.

2023-06-12 18:42:28 - [MESSAGE][PASSED] - Actual text and expected text of test object 'Object Repository/Android Objects/Sign in Button' are matched.

2023-06-12 18:42:28 - [TEST_STEP][PASSED] - verifyElementText(findTestObject("Object Repository/Android Objects/android.widget.TextView - Dont have an account"), "Don't have an account?"): Actual text and expected text of test object 'Object Repository/Android Objects/android.widget.TextView - Dont have an account' are matched.

2023-06-12 18:42:28 - [MESSAGE][PASSED] - Actual text and expected text of test object 'Object Repository/Android Objects/android.widget.TextView - Dont have an account' are matched.

2023-06-12 18:42:28 - [TEST_STEP][PASSED] - verifyElementText(findTestObject("Object Repository/Android Objects/android.widget.TextView - Create one on our website"), "Create one on our website"): Actual text and expected text of test object 'Object Repository/Android Objects/android.widget.TextView - Create one on our website' are matched.

2023-06-12 18:42:29 - [MESSAGE][PASSED] - Actual text and expected text of test object 'Object Repository/Android Objects/android.widget.TextView - Create one on our website' are matched.

2023-06-12 18:42:29 - [TEST_STEP][PASSED] - tap(findTestObject("Object Repository/Android Objects/Create one on our website"), 0): Tapped on element 'Object Repository/Android Objects/Create one on our website'

2023-06-12 18:42:29 - [MESSAGE][WARNING] - Timeout '0' is invalid. Using default page load timeout: '30'

2023-06-12 18:42:31 - [MESSAGE][PASSED] - Tapped on element 'Object Repository/Android Objects/Create one on our website'

2023-06-12 18:42:31 - [TEST_STEP][PASSED] - continuebutton = getText(findTestObject("Object Repository/Android Objects/weburl"), 0): Text of element 'Object Repository/Android Objects/weburl' is: 'charles-stanley.co.uk/services/save'

2023-06-12 18:42:31 - [MESSAGE][WARNING] - Timeout '0' is invalid. Using default page load timeout: '30'

2023-06-12 18:42:34 - [MESSAGE][PASSED] - Text of element 'Object Repository/Android Objects/weburl' is: 'charles-stanley.co.uk/services/save'

2023-06-12 18:42:34 - [TEST_STEP][PASSED] - Assert.assertEquals(continuebutton, "charles-stanley.co.uk/services/save"): null

2023-06-12 18:42:34 - [TEST_STEP][PASSED] - pressBack(): Press back button successfully

2023-06-12 18:42:36 - [MESSAGE][PASSED] - Press back button successfully

2023-06-12 18:42:36 - [TEST_STEP][PASSED] - verifyElementVisible(findTestObject("Object Repository/Android Objects/logo"), 0): Element 'Object Repository/Android Objects/logo' is visible

2023-06-12 18:42:36 - [MESSAGE][WARNING] - Timeout '0' is invalid. Using default page load timeout: '30'

2023-06-12 18:42:36 - [MESSAGE][PASSED] - Element 'Object Repository/Android Objects/logo' is visible

2023-06-12 18:42:36 - [TEST_STEP][PASSED] - getDriver().closeApp(): null

2023-06-12 18:42:37 - [TEST_STEP][PASSED] - getDriver().quit(): null

2023-06-12 18:42:38 - [TEST_STEP][PASSED] - Start listener action : sampleAfterTestCase: null]]></system-out>
         <system-err><![CDATA[]]></system-err>
      </testcase>
      <testcase name="Test Cases/Sign In/2.02_Android" time="52.683" classname="Test Cases/Sign In/2.02_Android" status="PASSED">
         <system-out><![CDATA[2023-06-12 18:42:38 - [TEST_CASE][PASSED] - Test Cases/Sign In/2.02_Android: Test Cases/Sign In/2.02_Android

2023-06-12 18:42:38 - [TEST_STEP][PASSED] - startApplication(bsApp, true): Started app at: 'bs://42357bf6cdd0b22ec96727a4dd91b055497b9807'

2023-06-12 18:43:10 - [MESSAGE][PASSED] - Started app at: 'bs://42357bf6cdd0b22ec96727a4dd91b055497b9807'

2023-06-12 18:43:10 - [TEST_STEP][PASSED] - tap(findTestObject("Object Repository/Android Objects/Sign in Button"), 0): Tapped on element 'Object Repository/Android Objects/Sign in Button'

2023-06-12 18:43:10 - [MESSAGE][WARNING] - Timeout '0' is invalid. Using default page load timeout: '30'

2023-06-12 18:43:12 - [MESSAGE][PASSED] - Tapped on element 'Object Repository/Android Objects/Sign in Button'

2023-06-12 18:43:12 - [TEST_STEP][PASSED] - verifyElementText(findTestObject("Object Repository/Android Objects/android.widget.TextView - Sign in step 1 of 4"), "Sign in step 1 of 4"): Actual text and expected text of test object 'Object Repository/Android Objects/android.widget.TextView - Sign in step 1 of 4' are matched.

2023-06-12 18:43:12 - [MESSAGE][PASSED] - Actual text and expected text of test object 'Object Repository/Android Objects/android.widget.TextView - Sign in step 1 of 4' are matched.

2023-06-12 18:43:12 - [TEST_STEP][PASSED] - verifyElementExist(findTestObject("Object Repository/Android Objects/X_Button"), 0): Element 'Object Repository/Android Objects/X_Button' is exist

2023-06-12 18:43:12 - [MESSAGE][WARNING] - Timeout '0' is invalid. Using default page load timeout: '30'

2023-06-12 18:43:13 - [MESSAGE][PASSED] - Element 'Object Repository/Android Objects/X_Button' is exist

2023-06-12 18:43:13 - [TEST_STEP][PASSED] - verifyElementText(findTestObject("Object Repository/Android Objects/android.widget.TextView - Username  password"), "Username & password"): Actual text and expected text of test object 'Object Repository/Android Objects/android.widget.TextView - Username  password' are matched.

2023-06-12 18:43:13 - [MESSAGE][PASSED] - Actual text and expected text of test object 'Object Repository/Android Objects/android.widget.TextView - Username  password' are matched.

2023-06-12 18:43:13 - [TEST_STEP][PASSED] - verifyElementText(findTestObject("Object Repository/Android Objects/android.widget.TextView - Please enter your username and password associated with your Charles Stanley account"), "Please enter your username and password associated with your Charles Stanley account."): Actual text and expected text of test object 'Object Repository/Android Objects/android.widget.TextView - Please enter your username and password associated with your Charles Stanley account' are matched.

2023-06-12 18:43:14 - [MESSAGE][PASSED] - Actual text and expected text of test object 'Object Repository/Android Objects/android.widget.TextView - Please enter your username and password associated with your Charles Stanley account' are matched.

2023-06-12 18:43:14 - [TEST_STEP][PASSED] - verifyElementText(findTestObject("Object Repository/Android Objects/Usernamefiled"), ""): Actual text and expected text of test object 'Object Repository/Android Objects/Usernamefiled' are matched.

2023-06-12 18:43:14 - [MESSAGE][PASSED] - Actual text and expected text of test object 'Object Repository/Android Objects/Usernamefiled' are matched.

2023-06-12 18:43:14 - [TEST_STEP][PASSED] - verifyElementText(findTestObject("Object Repository/Android Objects/Passwordfiled"), ""): Actual text and expected text of test object 'Object Repository/Android Objects/Passwordfiled' are matched.

2023-06-12 18:43:15 - [MESSAGE][PASSED] - Actual text and expected text of test object 'Object Repository/Android Objects/Passwordfiled' are matched.

2023-06-12 18:43:15 - [TEST_STEP][PASSED] - verifyElementVisible(findTestObject("Object Repository/Android Objects/eyebuttoninsignin"), 0): Element 'Object Repository/Android Objects/eyebuttoninsignin' is visible

2023-06-12 18:43:15 - [MESSAGE][WARNING] - Timeout '0' is invalid. Using default page load timeout: '30'

2023-06-12 18:43:15 - [MESSAGE][PASSED] - Element 'Object Repository/Android Objects/eyebuttoninsignin' is visible

2023-06-12 18:43:15 - [TEST_STEP][PASSED] - verifyElementVisible(findTestObject("Object Repository/SignIn/android.widget.TextView - Ive forgotten my details"), 0): Element 'Object Repository/SignIn/android.widget.TextView - Ive forgotten my details' is visible

2023-06-12 18:43:16 - [MESSAGE][WARNING] - Timeout '0' is invalid. Using default page load timeout: '30'

2023-06-12 18:43:16 - [MESSAGE][PASSED] - Element 'Object Repository/SignIn/android.widget.TextView - Ive forgotten my details' is visible

2023-06-12 18:43:16 - [TEST_STEP][PASSED] - getDriver().closeApp(): null

2023-06-12 18:43:16 - [TEST_STEP][PASSED] - getDriver().quit(): null

2023-06-12 18:43:31 - [TEST_STEP][PASSED] - Start listener action : sampleAfterTestCase: null]]></system-out>
         <system-err><![CDATA[]]></system-err>
      </testcase>
      <system-out><![CDATA[2023-06-12 18:42:06 - [TEST_SUITE][PASSED] - OneCS App Android: Test Cases/Sign In/2.02_Android]]></system-out>
      <system-err><![CDATA[]]></system-err>
   </testsuite>
</testsuites>
