<?xml version="1.0" encoding="UTF-8"?>
<testsuites name="OneCSWebSuite" time="5.898" tests="1" failures="0" errors="0">
   <testsuite name="OneCSWebSuite" tests="1" failures="0" errors="0" time="5.898" skipped="0" timestamp="2023-05-22 09:50:30" hostname="akile - AkILeShKiNgS.domain.name" id="Test Suites/OneCSWebSuite">
      <properties>
         <property name="deviceName" value=""/>
         <property name="devicePlatform" value=""/>
         <property name="logFolder" value="C:\\Users\\akile\\Katalon Studio\\OneCS\\Reports\\20230522_095020\\OneCSWebSuite\\20230522_095020"/>
         <property name="logFiles" value="C:\\Users\\akile\\Katalon Studio\\OneCS\\Reports\\20230522_095020\\OneCSWebSuite\\20230522_095020\\execution0.log"/>
         <property name="attachments" value=""/>
         <property name="hostName" value="akile - AkILeShKiNgS.domain.name"/>
         <property name="os" value="Windows 10 64bit"/>
         <property name="katalonVersion" value="8.6.0.208"/>
         <property name="browser" value="Chrome 113.0.0.0"/>
         <property name="hostAddress" value="10.146.3.1"/>
         <property name="sessionId" value="d50844be0f24a0410d8bfc2e49485e58"/>
         <property name="seleniumVersion" value="3.141.59"/>
         <property name="proxyInformation" value="ProxyInformation { proxyOption=NO_PROXY, proxyServerType=HTTP, username=, password=********, proxyServerAddress=, proxyServerPort=0, executionList=&quot;&quot;, isApplyToDesiredCapabilities=true }"/>
         <property name="platform" value="Windows 10"/>
      </properties>
      <testcase name="Test Cases/RunFeatureFile" time="5.686" classname="Test Cases/RunFeatureFile" status="PASSED">
         <system-out><![CDATA[2023-05-22 09:50:31 - [TEST_CASE][PASSED] - Test Cases/RunFeatureFile: Test Cases/RunFeatureFile

2023-05-22 09:50:31 - [TEST_STEP][PASSED] - runFeatureFile("Include/features/OneCSWebIMS.feature"): Feature file: 'Include/features/OneCSWebIMS.feature' was passed

2023-05-22 09:50:31 - [MESSAGE][INFO] - Starting run keyword runFeatureFile: 'Include/features/OneCSWebIMS.feature' and extract report to folder: 'C:\Users\akile\Katalon Studio\OneCS\Reports\20230522_095020\OneCSWebSuite\20230522_095020/cucumber_report/1684729231404'...

2023-05-22 09:50:31 - [TEST_CASE][PASSED] - Start Test Case : SCENARIO 2.01 - verify the details displayed on the Sign In Welcome Screen: SCENARIO 2.01 - verify the details displayed on the Sign In Welcome Screen

2023-05-22 09:50:31 - [TEST_STEP][PASSED] - user launch OneCS Portal Dasboard page: user launch OneCS Portal Dasboard page

2023-05-22 09:50:32 - [TEST_CASE][PASSED] - Test Cases/OpenDashboard: Test Cases/OpenDashboard

2023-05-22 09:50:32 - [TEST_STEP][PASSED] - openBrowser(""): Browser is opened with url: ''

2023-05-22 09:50:32 - [MESSAGE][INFO] - Starting 'Chrome' driver

2023-05-22 09:50:32 - [MESSAGE][INFO] - Action delay is set to 0 milliseconds

2023-05-22 09:50:34 - [MESSAGE][PASSED] - Browser is opened with url: ''

2023-05-22 09:50:34 - [TEST_STEP][PASSED] - maximizeWindow(): Current window maximized

2023-05-22 09:50:34 - [MESSAGE][PASSED] - Current window maximized

2023-05-22 09:50:34 - [TEST_STEP][PASSED] - navigateToUrl("http://kdx03:Servehugematch93!@clientsupport.sit.charles-stanley.co.uk/app/"): Navigate to 'http://kdx03:Servehugematch93!@clientsupport.sit.charles-stanley.co.uk/app/' successfully

2023-05-22 09:50:36 - [MESSAGE][PASSED] - Navigate to 'http://kdx03:Servehugematch93!@clientsupport.sit.charles-stanley.co.uk/app/' successfully

2023-05-22 09:50:36 - [MESSAGE][PASSED] - Call Test Case 'Test Cases/OpenDashboard' successfully

2023-05-22 09:50:36 - [MESSAGE][PASSED] - user launch OneCS Portal Dasboard page

2023-05-22 09:50:36 - [MESSAGE][PASSED] - Feature file: 'Include/features/OneCSWebIMS.feature' was passed]]></system-out>
         <system-err><![CDATA[]]></system-err>
      </testcase>
      <system-out><![CDATA[2023-05-22 09:50:30 - [TEST_SUITE][PASSED] - OneCSWebSuite: Test Cases/RunFeatureFile]]></system-out>
      <system-err><![CDATA[]]></system-err>
   </testsuite>
</testsuites>
