<?xml version="1.0" encoding="UTF-8"?>
<testsuites name="Android Mob UI Automation" time="61.649" tests="1" failures="0" errors="0">
   <testsuite name="Android Mob UI Automation" tests="1" failures="0" errors="0" time="61.649" skipped="0" timestamp="2023-06-08 10:39:57" hostname="akile - 10.146.5.71" id="Test Suites/Android Mob UI Automation">
      <properties>
         <property name="deviceName"/>
         <property name="devicePlatform" value=""/>
         <property name="logFolder" value="C:\\Users\\akile\\git\\KatalonMobileWeb\\Reports\\20230608_103948\\Android Mob UI Automation\\20230608_103949"/>
         <property name="logFiles" value="C:\\Users\\akile\\git\\KatalonMobileWeb\\Reports\\20230608_103948\\Android Mob UI Automation\\20230608_103949\\execution0.log"/>
         <property name="attachments" value="keyes\keyes-logoScreen.png, keyes\keyes-SignIn.png, keyes\keyes-UsernmaePassword.png, keyes\keyes-2FA.png"/>
         <property name="hostName" value="akile - 10.146.5.71"/>
         <property name="remoteDriverUrl" value="http://hub.browserstack.com/wd/hub"/>
         <property name="desiredCapabilities" value="{
  &quot;app&quot;: &quot;bs://42357bf6cdd0b22ec96727a4dd91b055497b9807&quot;,
  &quot;build&quot;: &quot;OneCS QA&quot;,
  &quot;browserstack.key&quot;: &quot;XL3oy1yprCJD24apFpHu&quot;,
  &quot;os_version&quot;: &quot;12.0&quot;,
  &quot;project&quot;: &quot;OneCS Mobile&quot;,
  &quot;browserstack.user&quot;: &quot;akileshs_Jit0Ln&quot;,
  &quot;device&quot;: &quot;Samsung Galaxy S21&quot;,
  &quot;browserstack.idleTimeout&quot;: &quot;120&quot;
}"/>
         <property name="os" value="Windows 10 64bit"/>
         <property name="appiumServerStatus" value="{&quot;status&quot;:0,&quot;sessionId&quot;:null,&quot;value&quot;:{&quot;build&quot;:{&quot;time&quot;:&quot;2015-02-26 23:59:50&quot;,&quot;version&quot;:&quot;2.45.0&quot;,&quot;revision&quot;:&quot;5017cb8&quot;}},&quot;state&quot;:&quot;success&quot;}"/>
         <property name="katalonVersion" value="8.6.0.208"/>
         <property name="appiumVersion" value="2.45.0"/>
         <property name="hostAddress" value="10.146.5.71"/>
      </properties>
      <testcase name="Test Cases/Ui Testing/UI Testing Mobile Android" time="61.42" classname="Test Cases/Ui Testing/UI Testing Mobile Android" status="PASSED">
         <system-out><![CDATA[2023-06-08 10:39:57 - [TEST_CASE][PASSED] - Test Cases/Ui Testing/UI Testing Mobile Android: Test Cases/Ui Testing/UI Testing Mobile Android

2023-06-08 10:39:58 - [TEST_STEP][PASSED] - startApplication(bsApp, true): Started app at: 'bs://42357bf6cdd0b22ec96727a4dd91b055497b9807'

2023-06-08 10:40:30 - [MESSAGE][PASSED] - Started app at: 'bs://42357bf6cdd0b22ec96727a4dd91b055497b9807'

2023-06-08 10:40:30 - [TEST_STEP][PASSED] - takeScreenshotAsCheckpoint("logoScreen"): Screenshot is taken

2023-06-08 10:40:34 - [MESSAGE][INFO] - 0 hidden object(s)

2023-06-08 10:40:34 - [MESSAGE][PASSED] - Screenshot is taken
[[ATTACHMENT|keyes\keyes-logoScreen.png]]

2023-06-08 10:40:34 - [TEST_STEP][PASSED] - tap(findTestObject("Object Repository/Ui Testing/android.widget.TextView - Sign in"), 0): Tapped on element 'Object Repository/Ui Testing/android.widget.TextView - Sign in'

2023-06-08 10:40:34 - [MESSAGE][WARNING] - Timeout '0' is invalid. Using default page load timeout: '30'

2023-06-08 10:40:37 - [MESSAGE][PASSED] - Tapped on element 'Object Repository/Ui Testing/android.widget.TextView - Sign in'

2023-06-08 10:40:37 - [TEST_STEP][PASSED] - waitForElementPresent(findTestObject("Object Repository/Ui Testing/android.widget.EditText"), 0): Element 'Object Repository/Ui Testing/android.widget.EditText' is present

2023-06-08 10:40:37 - [MESSAGE][WARNING] - Timeout '0' is invalid. Using default page load timeout: '30'

2023-06-08 10:40:39 - [MESSAGE][PASSED] - Element 'Object Repository/Ui Testing/android.widget.EditText' is present

2023-06-08 10:40:39 - [TEST_STEP][PASSED] - takeScreenshotAsCheckpoint("SignIn"): Screenshot is taken

2023-06-08 10:40:41 - [MESSAGE][INFO] - 0 hidden object(s)

2023-06-08 10:40:42 - [MESSAGE][PASSED] - Screenshot is taken
[[ATTACHMENT|keyes\keyes-SignIn.png]]

2023-06-08 10:40:42 - [TEST_STEP][PASSED] - setText(findTestObject("Object Repository/Ui Testing/android.widget.EditText"), "bob", 0): Text 'bob' has been set to element 'Object Repository/Ui Testing/android.widget.EditText'

2023-06-08 10:40:42 - [MESSAGE][WARNING] - Timeout '0' is invalid. Using default page load timeout: '30'

2023-06-08 10:40:44 - [MESSAGE][PASSED] - Text 'bob' has been set to element 'Object Repository/Ui Testing/android.widget.EditText'

2023-06-08 10:40:44 - [TEST_STEP][PASSED] - setText(findTestObject("Object Repository/Ui Testing/android.widget.EditText (1)"), "Pass123$", 0): Text 'Pass123$' has been set to element 'Object Repository/Ui Testing/android.widget.EditText (1)'

2023-06-08 10:40:44 - [MESSAGE][WARNING] - Timeout '0' is invalid. Using default page load timeout: '30'

2023-06-08 10:40:46 - [MESSAGE][PASSED] - Text 'Pass123$' has been set to element 'Object Repository/Ui Testing/android.widget.EditText (1)'

2023-06-08 10:40:46 - [TEST_STEP][PASSED] - takeScreenshotAsCheckpoint("UsernmaePassword"): Screenshot is taken

2023-06-08 10:40:48 - [MESSAGE][INFO] - 0 hidden object(s)

2023-06-08 10:40:48 - [MESSAGE][PASSED] - Screenshot is taken
[[ATTACHMENT|keyes\keyes-UsernmaePassword.png]]

2023-06-08 10:40:49 - [TEST_STEP][PASSED] - tap(findTestObject("Object Repository/Ui Testing/android.widget.TextView - Continue"), 0): Tapped on element 'Object Repository/Ui Testing/android.widget.TextView - Continue'

2023-06-08 10:40:49 - [MESSAGE][WARNING] - Timeout '0' is invalid. Using default page load timeout: '30'

2023-06-08 10:40:50 - [MESSAGE][PASSED] - Tapped on element 'Object Repository/Ui Testing/android.widget.TextView - Continue'

2023-06-08 10:40:50 - [TEST_STEP][PASSED] - waitForElementPresent(findTestObject("Object Repository/Ui Testing/android.widget.TextView - Verify your account"), 0): Element 'Object Repository/Ui Testing/android.widget.TextView - Verify your account' is present

2023-06-08 10:40:50 - [MESSAGE][WARNING] - Timeout '0' is invalid. Using default page load timeout: '30'

2023-06-08 10:40:55 - [MESSAGE][PASSED] - Element 'Object Repository/Ui Testing/android.widget.TextView - Verify your account' is present

2023-06-08 10:40:55 - [TEST_STEP][PASSED] - takeScreenshotAsCheckpoint("2FA"): Screenshot is taken

2023-06-08 10:40:57 - [MESSAGE][INFO] - 0 hidden object(s)

2023-06-08 10:40:57 - [MESSAGE][PASSED] - Screenshot is taken
[[ATTACHMENT|keyes\keyes-2FA.png]]

2023-06-08 10:40:57 - [TEST_STEP][PASSED] - getDriver().closeApp(): null

2023-06-08 10:40:58 - [TEST_STEP][PASSED] - getDriver().quit(): null]]></system-out>
         <system-err><![CDATA[]]></system-err>
      </testcase>
      <system-out><![CDATA[2023-06-08 10:39:57 - [TEST_SUITE][PASSED] - Android Mob UI Automation: Test Cases/Ui Testing/UI Testing Mobile Android]]></system-out>
      <system-err><![CDATA[]]></system-err>
   </testsuite>
</testsuites>
