<?xml version="1.0" encoding="UTF-8"?>
<testsuites name="DataDriven" time="50.582" tests="6" failures="0" errors="0">
   <testsuite name="DataDriven" tests="6" failures="0" errors="0" time="50.582" skipped="0" timestamp="2023-06-06 11:17:34" hostname="akile - 10.146.4.42" id="Test Suites/DataDriven">
      <properties>
         <property name="deviceName" value=""/>
         <property name="devicePlatform" value=""/>
         <property name="logFolder" value="C:\\Users\\akile\\git\\KatalonMobileWeb\\Reports\\20230606_111725\\DataDriven\\20230606_111725"/>
         <property name="logFiles" value="C:\\Users\\akile\\git\\KatalonMobileWeb\\Reports\\20230606_111725\\DataDriven\\20230606_111725\\execution0.log"/>
         <property name="attachments" value=""/>
         <property name="hostName" value="akile - 10.146.4.42"/>
         <property name="os" value="Windows 10 64bit"/>
         <property name="katalonVersion" value="8.6.0.208"/>
         <property name="browser" value="Chrome 114.0.0.0"/>
         <property name="hostAddress" value="10.146.4.42"/>
         <property name="sessionId" value="311a69476d4793f959d1b418d9cb4b0a"/>
         <property name="seleniumVersion" value="3.141.59"/>
         <property name="proxyInformation" value="ProxyInformation { proxyOption=NO_PROXY, proxyServerType=HTTP, username=, password=********, proxyServerAddress=, proxyServerPort=0, executionList=&quot;&quot;, isApplyToDesiredCapabilities=true }"/>
         <property name="platform" value="Windows 10"/>
      </properties>
      <testcase name="Test Cases/Secure Portal DD" time="9.042" classname="Test Cases/Secure Portal DD" status="PASSED">
         <system-out><![CDATA[2023-06-06 11:17:34 - [TEST_CASE][PASSED] - Test Cases/Secure Portal DD: Test Cases/Secure Portal DD

2023-06-06 11:17:35 - [TEST_STEP][PASSED] - openBrowser(""): Browser is opened with url: ''

2023-06-06 11:17:35 - [MESSAGE][INFO] - Starting 'Chrome' driver

2023-06-06 11:17:35 - [MESSAGE][INFO] - Action delay is set to 0 milliseconds

2023-06-06 11:17:37 - [MESSAGE][WARNING] - FFmpeg was not installed! Browser Recording will be disabled. Please follow this document to install FFmpeg first: https://docs.katalon.com/katalon-studio/docs/screenshots-videos.html#browser-based-recorder

2023-06-06 11:17:37 - [MESSAGE][PASSED] - Browser is opened with url: ''

2023-06-06 11:17:37 - [TEST_STEP][PASSED] - navigateToUrl(SecurePortal): Navigate to 'http://secure-sit.charles-stanley.co.uk/' successfully

2023-06-06 11:17:40 - [MESSAGE][PASSED] - Navigate to 'http://secure-sit.charles-stanley.co.uk/' successfully

2023-06-06 11:17:40 - [TEST_STEP][PASSED] - setText(findTestObject("Object Repository/Secure Portal DD/Page_Portal/input_Username_username"), Username): Text 'bob' is set on object 'Object Repository/Secure Portal DD/Page_Portal/input_Username_username'

2023-06-06 11:17:40 - [MESSAGE][PASSED] - Text 'bob' is set on object 'Object Repository/Secure Portal DD/Page_Portal/input_Username_username'

2023-06-06 11:17:40 - [TEST_STEP][PASSED] - setText(findTestObject("Object Repository/Secure Portal DD/Page_Portal/input_Password_password"), Password): Text 'Pass123$' is set on object 'Object Repository/Secure Portal DD/Page_Portal/input_Password_password'

2023-06-06 11:17:41 - [MESSAGE][PASSED] - Text 'Pass123$' is set on object 'Object Repository/Secure Portal DD/Page_Portal/input_Password_password'

2023-06-06 11:17:41 - [TEST_STEP][PASSED] - click(findTestObject("Object Repository/Secure Portal DD/Page_Portal/button_Continue")): Object: 'Object Repository/Secure Portal DD/Page_Portal/button_Continue' is clicked on

2023-06-06 11:17:41 - [MESSAGE][PASSED] - Object: 'Object Repository/Secure Portal DD/Page_Portal/button_Continue' is clicked on

2023-06-06 11:17:41 - [TEST_STEP][PASSED] - verifyElementVisible(findTestObject("Secure Portal DD/Page_Portal/h2_Enter the verification code we have sent_0a5385")): Object 'Object Repository/Secure Portal DD/Page_Portal/h2_Enter the verification code we have sent_0a5385' is visible

2023-06-06 11:17:43 - [MESSAGE][PASSED] - Object 'Object Repository/Secure Portal DD/Page_Portal/h2_Enter the verification code we have sent_0a5385' is visible]]></system-out>
         <system-err><![CDATA[]]></system-err>
      </testcase>
      <testcase name="Test Cases/Secure Portal DD" time="7.738" classname="Test Cases/Secure Portal DD" status="PASSED">
         <system-out><![CDATA[2023-06-06 11:17:43 - [TEST_CASE][PASSED] - Test Cases/Secure Portal DD: Test Cases/Secure Portal DD

2023-06-06 11:17:43 - [TEST_STEP][PASSED] - openBrowser(""): Browser is opened with url: ''

2023-06-06 11:17:44 - [MESSAGE][WARNING] - A browser is already opened. Closing browser and opening a new one

2023-06-06 11:17:44 - [MESSAGE][INFO] - Starting 'Chrome' driver

2023-06-06 11:17:44 - [MESSAGE][INFO] - Action delay is set to 0 milliseconds

2023-06-06 11:17:45 - [MESSAGE][WARNING] - FFmpeg was not installed! Browser Recording will be disabled. Please follow this document to install FFmpeg first: https://docs.katalon.com/katalon-studio/docs/screenshots-videos.html#browser-based-recorder

2023-06-06 11:17:45 - [MESSAGE][PASSED] - Browser is opened with url: ''

2023-06-06 11:17:45 - [TEST_STEP][PASSED] - navigateToUrl(SecurePortal): Navigate to 'http://secure-sit.charles-stanley.co.uk/' successfully

2023-06-06 11:17:48 - [MESSAGE][PASSED] - Navigate to 'http://secure-sit.charles-stanley.co.uk/' successfully

2023-06-06 11:17:48 - [TEST_STEP][PASSED] - setText(findTestObject("Object Repository/Secure Portal DD/Page_Portal/input_Username_username"), Username): Text 'execution' is set on object 'Object Repository/Secure Portal DD/Page_Portal/input_Username_username'

2023-06-06 11:17:48 - [MESSAGE][PASSED] - Text 'execution' is set on object 'Object Repository/Secure Portal DD/Page_Portal/input_Username_username'

2023-06-06 11:17:48 - [TEST_STEP][PASSED] - setText(findTestObject("Object Repository/Secure Portal DD/Page_Portal/input_Password_password"), Password): Text 'Cupholder1' is set on object 'Object Repository/Secure Portal DD/Page_Portal/input_Password_password'

2023-06-06 11:17:49 - [MESSAGE][PASSED] - Text 'Cupholder1' is set on object 'Object Repository/Secure Portal DD/Page_Portal/input_Password_password'

2023-06-06 11:17:49 - [TEST_STEP][PASSED] - click(findTestObject("Object Repository/Secure Portal DD/Page_Portal/button_Continue")): Object: 'Object Repository/Secure Portal DD/Page_Portal/button_Continue' is clicked on

2023-06-06 11:17:49 - [MESSAGE][PASSED] - Object: 'Object Repository/Secure Portal DD/Page_Portal/button_Continue' is clicked on

2023-06-06 11:17:49 - [TEST_STEP][PASSED] - verifyElementVisible(findTestObject("Secure Portal DD/Page_Portal/h2_Enter the verification code we have sent_0a5385")): Object 'Object Repository/Secure Portal DD/Page_Portal/h2_Enter the verification code we have sent_0a5385' is visible

2023-06-06 11:17:51 - [MESSAGE][PASSED] - Object 'Object Repository/Secure Portal DD/Page_Portal/h2_Enter the verification code we have sent_0a5385' is visible]]></system-out>
         <system-err><![CDATA[]]></system-err>
      </testcase>
      <testcase name="Test Cases/Secure Portal DD" time="9.689" classname="Test Cases/Secure Portal DD" status="PASSED">
         <system-out><![CDATA[2023-06-06 11:17:51 - [TEST_CASE][PASSED] - Test Cases/Secure Portal DD: Test Cases/Secure Portal DD

2023-06-06 11:17:51 - [TEST_STEP][PASSED] - openBrowser(""): Browser is opened with url: ''

2023-06-06 11:17:51 - [MESSAGE][WARNING] - A browser is already opened. Closing browser and opening a new one

2023-06-06 11:17:52 - [MESSAGE][INFO] - Starting 'Chrome' driver

2023-06-06 11:17:52 - [MESSAGE][INFO] - Action delay is set to 0 milliseconds

2023-06-06 11:17:53 - [MESSAGE][WARNING] - FFmpeg was not installed! Browser Recording will be disabled. Please follow this document to install FFmpeg first: https://docs.katalon.com/katalon-studio/docs/screenshots-videos.html#browser-based-recorder

2023-06-06 11:17:53 - [MESSAGE][PASSED] - Browser is opened with url: ''

2023-06-06 11:17:53 - [TEST_STEP][PASSED] - navigateToUrl(SecurePortal): Navigate to 'http://secure-sit.charles-stanley.co.uk/' successfully

2023-06-06 11:17:55 - [MESSAGE][PASSED] - Navigate to 'http://secure-sit.charles-stanley.co.uk/' successfully

2023-06-06 11:17:55 - [TEST_STEP][PASSED] - setText(findTestObject("Object Repository/Secure Portal DD/Page_Portal/input_Username_username"), Username): Text 'Username' is set on object 'Object Repository/Secure Portal DD/Page_Portal/input_Username_username'

2023-06-06 11:17:56 - [MESSAGE][PASSED] - Text 'Username' is set on object 'Object Repository/Secure Portal DD/Page_Portal/input_Username_username'

2023-06-06 11:17:56 - [TEST_STEP][PASSED] - setText(findTestObject("Object Repository/Secure Portal DD/Page_Portal/input_Password_password"), Password): Text 'Password' is set on object 'Object Repository/Secure Portal DD/Page_Portal/input_Password_password'

2023-06-06 11:17:56 - [MESSAGE][PASSED] - Text 'Password' is set on object 'Object Repository/Secure Portal DD/Page_Portal/input_Password_password'

2023-06-06 11:17:56 - [TEST_STEP][PASSED] - click(findTestObject("Object Repository/Secure Portal DD/Page_Portal/button_Continue")): Object: 'Object Repository/Secure Portal DD/Page_Portal/button_Continue' is clicked on

2023-06-06 11:17:57 - [MESSAGE][PASSED] - Object: 'Object Repository/Secure Portal DD/Page_Portal/button_Continue' is clicked on

2023-06-06 11:17:57 - [TEST_STEP][PASSED] - verifyElementVisible(findTestObject("Secure Portal DD/Page_Portal/h2_Enter the verification code we have sent_0a5385")): Object 'Object Repository/Secure Portal DD/Page_Portal/h2_Enter the verification code we have sent_0a5385' is visible

2023-06-06 11:17:58 - [MESSAGE][INFO] - Unable to find the element located by 'By.xpath: //h2[(text() = 'Enter the verification code we have sent to your mobile phone' or . = 'Enter the verification code we have sent to your mobile phone')]'. Please recheck the objects properties to make sure the desired element is located. 

2023-06-06 11:17:58 - [MESSAGE][WARNING] - [SELF-HEALING] Failed to find element with id 'Object Repository/Secure Portal DD/Page_Portal/h2_Enter the verification code we have sent_0a5385'. Try using Self-healing.

2023-06-06 11:17:59 - [MESSAGE][INFO] - [SELF-HEALING] Failed Locator: '//h2[(text() = 'Enter the verification code we have sent to your mobile phone' or . = 'Enter the verification code we have sent to your mobile phone')]'.

2023-06-06 11:17:59 - [MESSAGE][INFO] - [SELF-HEALING] Failed Locator: '//h2[(text() = 'Enter the verification code we have sent to your mobile phone' or . = 'Enter the verification code we have sent to your mobile phone')]'.

2023-06-06 11:17:59 - [MESSAGE][INFO] - [SELF-HEALING] Failed Locator: '//h2[(text() = 'Enter the verification code we have sent to your mobile phone' or . = 'Enter the verification code we have sent to your mobile phone')]'.

2023-06-06 11:17:59 - [MESSAGE][INFO] - [SELF-HEALING] Failed Locator: '//h2[(text() = 'Enter the verification code we have sent to your mobile phone' or . = 'Enter the verification code we have sent to your mobile phone')]'.

2023-06-06 11:18:00 - [MESSAGE][INFO] - Unable to find the element located by 'By.xpath: //*[(text() = 'Enter the verification code we have sent to your mobile phone' or . = 'Enter the verification code we have sent to your mobile phone')]'. Please recheck the objects properties to make sure the desired element is located. 

2023-06-06 11:18:01 - [MESSAGE][INFO] - [SELF-HEALING] Screenshot: C:/Users/akile/git/KatalonMobileWeb/Reports/Self-healing/Object Repository/Secure Portal DD/Page_Portal/h2_Enter the verification code we have sent_0a5385_CSS.png

2023-06-06 11:18:01 - [MESSAGE][WARNING] - [SELF-HEALING] The current locator of test object 'Object Repository/Secure Portal DD/Page_Portal/h2_Enter the verification code we have sent_0a5385' was broken. Propose an alternative one: 'h2.font-mrs-eaves.font-h2.mb-m'.

2023-06-06 11:18:01 - [MESSAGE][PASSED] - Object 'Object Repository/Secure Portal DD/Page_Portal/h2_Enter the verification code we have sent_0a5385' is visible]]></system-out>
         <system-err><![CDATA[]]></system-err>
      </testcase>
      <testcase name="Test Cases/Secure Portal DD" time="7.941" classname="Test Cases/Secure Portal DD" status="PASSED">
         <system-out><![CDATA[2023-06-06 11:18:01 - [TEST_CASE][PASSED] - Test Cases/Secure Portal DD: Test Cases/Secure Portal DD

2023-06-06 11:18:01 - [TEST_STEP][PASSED] - openBrowser(""): Browser is opened with url: ''

2023-06-06 11:18:01 - [MESSAGE][WARNING] - A browser is already opened. Closing browser and opening a new one

2023-06-06 11:18:02 - [MESSAGE][INFO] - Starting 'Chrome' driver

2023-06-06 11:18:02 - [MESSAGE][INFO] - Action delay is set to 0 milliseconds

2023-06-06 11:18:03 - [MESSAGE][WARNING] - FFmpeg was not installed! Browser Recording will be disabled. Please follow this document to install FFmpeg first: https://docs.katalon.com/katalon-studio/docs/screenshots-videos.html#browser-based-recorder

2023-06-06 11:18:03 - [MESSAGE][PASSED] - Browser is opened with url: ''

2023-06-06 11:18:03 - [TEST_STEP][PASSED] - navigateToUrl(SecurePortal): Navigate to 'http://secure-sit.charles-stanley.co.uk/' successfully

2023-06-06 11:18:05 - [MESSAGE][PASSED] - Navigate to 'http://secure-sit.charles-stanley.co.uk/' successfully

2023-06-06 11:18:05 - [TEST_STEP][PASSED] - setText(findTestObject("Object Repository/Secure Portal DD/Page_Portal/input_Username_username"), Username): Text 'bob' is set on object 'Object Repository/Secure Portal DD/Page_Portal/input_Username_username'

2023-06-06 11:18:06 - [MESSAGE][PASSED] - Text 'bob' is set on object 'Object Repository/Secure Portal DD/Page_Portal/input_Username_username'

2023-06-06 11:18:06 - [TEST_STEP][PASSED] - setText(findTestObject("Object Repository/Secure Portal DD/Page_Portal/input_Password_password"), Password): Text 'Pass123$' is set on object 'Object Repository/Secure Portal DD/Page_Portal/input_Password_password'

2023-06-06 11:18:06 - [MESSAGE][PASSED] - Text 'Pass123$' is set on object 'Object Repository/Secure Portal DD/Page_Portal/input_Password_password'

2023-06-06 11:18:06 - [TEST_STEP][PASSED] - click(findTestObject("Object Repository/Secure Portal DD/Page_Portal/button_Continue")): Object: 'Object Repository/Secure Portal DD/Page_Portal/button_Continue' is clicked on

2023-06-06 11:18:07 - [MESSAGE][PASSED] - Object: 'Object Repository/Secure Portal DD/Page_Portal/button_Continue' is clicked on

2023-06-06 11:18:07 - [TEST_STEP][PASSED] - verifyElementVisible(findTestObject("Secure Portal DD/Page_Portal/h2_Enter the verification code we have sent_0a5385")): Object 'Object Repository/Secure Portal DD/Page_Portal/h2_Enter the verification code we have sent_0a5385' is visible

2023-06-06 11:18:09 - [MESSAGE][PASSED] - Object 'Object Repository/Secure Portal DD/Page_Portal/h2_Enter the verification code we have sent_0a5385' is visible]]></system-out>
         <system-err><![CDATA[]]></system-err>
      </testcase>
      <testcase name="Test Cases/Secure Portal DD" time="8.32" classname="Test Cases/Secure Portal DD" status="PASSED">
         <system-out><![CDATA[2023-06-06 11:18:09 - [TEST_CASE][PASSED] - Test Cases/Secure Portal DD: Test Cases/Secure Portal DD

2023-06-06 11:18:09 - [TEST_STEP][PASSED] - openBrowser(""): Browser is opened with url: ''

2023-06-06 11:18:09 - [MESSAGE][WARNING] - A browser is already opened. Closing browser and opening a new one

2023-06-06 11:18:10 - [MESSAGE][INFO] - Starting 'Chrome' driver

2023-06-06 11:18:10 - [MESSAGE][INFO] - Action delay is set to 0 milliseconds

2023-06-06 11:18:11 - [MESSAGE][WARNING] - FFmpeg was not installed! Browser Recording will be disabled. Please follow this document to install FFmpeg first: https://docs.katalon.com/katalon-studio/docs/screenshots-videos.html#browser-based-recorder

2023-06-06 11:18:11 - [MESSAGE][PASSED] - Browser is opened with url: ''

2023-06-06 11:18:11 - [TEST_STEP][PASSED] - navigateToUrl(SecurePortal): Navigate to 'http://secure-sit.charles-stanley.co.uk/' successfully

2023-06-06 11:18:13 - [MESSAGE][PASSED] - Navigate to 'http://secure-sit.charles-stanley.co.uk/' successfully

2023-06-06 11:18:13 - [TEST_STEP][PASSED] - setText(findTestObject("Object Repository/Secure Portal DD/Page_Portal/input_Username_username"), Username): Text 'execution' is set on object 'Object Repository/Secure Portal DD/Page_Portal/input_Username_username'

2023-06-06 11:18:14 - [MESSAGE][PASSED] - Text 'execution' is set on object 'Object Repository/Secure Portal DD/Page_Portal/input_Username_username'

2023-06-06 11:18:14 - [TEST_STEP][PASSED] - setText(findTestObject("Object Repository/Secure Portal DD/Page_Portal/input_Password_password"), Password): Text 'Cupholder1' is set on object 'Object Repository/Secure Portal DD/Page_Portal/input_Password_password'

2023-06-06 11:18:14 - [MESSAGE][PASSED] - Text 'Cupholder1' is set on object 'Object Repository/Secure Portal DD/Page_Portal/input_Password_password'

2023-06-06 11:18:14 - [TEST_STEP][PASSED] - click(findTestObject("Object Repository/Secure Portal DD/Page_Portal/button_Continue")): Object: 'Object Repository/Secure Portal DD/Page_Portal/button_Continue' is clicked on

2023-06-06 11:18:15 - [MESSAGE][PASSED] - Object: 'Object Repository/Secure Portal DD/Page_Portal/button_Continue' is clicked on

2023-06-06 11:18:15 - [TEST_STEP][PASSED] - verifyElementVisible(findTestObject("Secure Portal DD/Page_Portal/h2_Enter the verification code we have sent_0a5385")): Object 'Object Repository/Secure Portal DD/Page_Portal/h2_Enter the verification code we have sent_0a5385' is visible

2023-06-06 11:18:17 - [MESSAGE][PASSED] - Object 'Object Repository/Secure Portal DD/Page_Portal/h2_Enter the verification code we have sent_0a5385' is visible]]></system-out>
         <system-err><![CDATA[]]></system-err>
      </testcase>
      <testcase name="Test Cases/Secure Portal DD" time="7.484" classname="Test Cases/Secure Portal DD" status="PASSED">
         <system-out><![CDATA[2023-06-06 11:18:17 - [TEST_CASE][PASSED] - Test Cases/Secure Portal DD: Test Cases/Secure Portal DD

2023-06-06 11:18:17 - [TEST_STEP][PASSED] - openBrowser(""): Browser is opened with url: ''

2023-06-06 11:18:17 - [MESSAGE][WARNING] - A browser is already opened. Closing browser and opening a new one

2023-06-06 11:18:18 - [MESSAGE][INFO] - Starting 'Chrome' driver

2023-06-06 11:18:18 - [MESSAGE][INFO] - Action delay is set to 0 milliseconds

2023-06-06 11:18:19 - [MESSAGE][WARNING] - FFmpeg was not installed! Browser Recording will be disabled. Please follow this document to install FFmpeg first: https://docs.katalon.com/katalon-studio/docs/screenshots-videos.html#browser-based-recorder

2023-06-06 11:18:19 - [MESSAGE][PASSED] - Browser is opened with url: ''

2023-06-06 11:18:19 - [TEST_STEP][PASSED] - navigateToUrl(SecurePortal): Navigate to 'http://secure-sit.charles-stanley.co.uk/' successfully

2023-06-06 11:18:21 - [MESSAGE][PASSED] - Navigate to 'http://secure-sit.charles-stanley.co.uk/' successfully

2023-06-06 11:18:21 - [TEST_STEP][PASSED] - setText(findTestObject("Object Repository/Secure Portal DD/Page_Portal/input_Username_username"), Username): Text 'Username' is set on object 'Object Repository/Secure Portal DD/Page_Portal/input_Username_username'

2023-06-06 11:18:22 - [MESSAGE][PASSED] - Text 'Username' is set on object 'Object Repository/Secure Portal DD/Page_Portal/input_Username_username'

2023-06-06 11:18:22 - [TEST_STEP][PASSED] - setText(findTestObject("Object Repository/Secure Portal DD/Page_Portal/input_Password_password"), Password): Text 'Password' is set on object 'Object Repository/Secure Portal DD/Page_Portal/input_Password_password'

2023-06-06 11:18:23 - [MESSAGE][PASSED] - Text 'Password' is set on object 'Object Repository/Secure Portal DD/Page_Portal/input_Password_password'

2023-06-06 11:18:23 - [TEST_STEP][PASSED] - click(findTestObject("Object Repository/Secure Portal DD/Page_Portal/button_Continue")): Object: 'Object Repository/Secure Portal DD/Page_Portal/button_Continue' is clicked on

2023-06-06 11:18:23 - [MESSAGE][PASSED] - Object: 'Object Repository/Secure Portal DD/Page_Portal/button_Continue' is clicked on

2023-06-06 11:18:23 - [TEST_STEP][PASSED] - verifyElementVisible(findTestObject("Secure Portal DD/Page_Portal/h2_Enter the verification code we have sent_0a5385")): Object 'Object Repository/Secure Portal DD/Page_Portal/h2_Enter the verification code we have sent_0a5385' is visible

2023-06-06 11:18:24 - [MESSAGE][INFO] - Unable to find the element located by 'By.xpath: //h2[(text() = 'Enter the verification code we have sent to your mobile phone' or . = 'Enter the verification code we have sent to your mobile phone')]'. Please recheck the objects properties to make sure the desired element is located. 

2023-06-06 11:18:24 - [MESSAGE][WARNING] - [SELF-HEALING] Failed to find element with id 'Object Repository/Secure Portal DD/Page_Portal/h2_Enter the verification code we have sent_0a5385'. Try using Self-healing.

2023-06-06 11:18:25 - [MESSAGE][WARNING] - [SELF-HEALING] The current locator of test object 'Object Repository/Secure Portal DD/Page_Portal/h2_Enter the verification code we have sent_0a5385' was broken. Propose an alternative one: 'h2.font-mrs-eaves.font-h2.mb-m'.

2023-06-06 11:18:25 - [MESSAGE][PASSED] - Object 'Object Repository/Secure Portal DD/Page_Portal/h2_Enter the verification code we have sent_0a5385' is visible]]></system-out>
         <system-err><![CDATA[]]></system-err>
      </testcase>
      <system-out><![CDATA[2023-06-06 11:17:34 - [TEST_SUITE][PASSED] - DataDriven: Test Cases/Secure Portal DD]]></system-out>
      <system-err><![CDATA[]]></system-err>
   </testsuite>
</testsuites>
