<?xml version="1.0" encoding="UTF-8"?>
<testsuites name="OneCSWebSuite" time="145.233" tests="1" failures="0" errors="0">
   <testsuite name="OneCSWebSuite" tests="1" failures="0" errors="0" time="145.233" skipped="0" timestamp="2023-05-22 12:34:36" hostname="akile - AkILeShKiNgS.domain.name" id="Test Suites/OneCSWebSuite">
      <properties>
         <property name="deviceName" value=""/>
         <property name="devicePlatform" value=""/>
         <property name="logFolder" value="C:\\Users\\akile\\Katalon Studio\\OneCS\\Reports\\20230522_123426\\OneCSWebSuite\\20230522_123427"/>
         <property name="logFiles" value="C:\\Users\\akile\\Katalon Studio\\OneCS\\Reports\\20230522_123426\\OneCSWebSuite\\20230522_123427\\execution0.log"/>
         <property name="attachments" value=""/>
         <property name="hostName" value="akile - AkILeShKiNgS.domain.name"/>
         <property name="os" value="Windows 10 64bit"/>
         <property name="katalonVersion" value="8.6.0.208"/>
         <property name="browser" value="Chrome 113.0.0.0"/>
         <property name="hostAddress" value="10.146.3.1"/>
         <property name="sessionId" value="095a3c02a4ee65c1d8f19b44fa6499e5"/>
         <property name="seleniumVersion" value="3.141.59"/>
         <property name="proxyInformation" value="ProxyInformation { proxyOption=NO_PROXY, proxyServerType=HTTP, username=, password=********, proxyServerAddress=, proxyServerPort=0, executionList=&quot;&quot;, isApplyToDesiredCapabilities=true }"/>
         <property name="platform" value="Windows 10"/>
      </properties>
      <testcase name="Test Cases/RunFeatureFile" time="145.029" classname="Test Cases/RunFeatureFile" status="PASSED">
         <system-out><![CDATA[2023-05-22 12:34:37 - [TEST_CASE][PASSED] - Test Cases/RunFeatureFile: Test Cases/RunFeatureFile

2023-05-22 12:34:37 - [TEST_STEP][PASSED] - runFeatureFile("Include/features/OneCSWebIMS.feature"): Feature file: 'Include/features/OneCSWebIMS.feature' was passed

2023-05-22 12:34:37 - [MESSAGE][INFO] - Starting run keyword runFeatureFile: 'Include/features/OneCSWebIMS.feature' and extract report to folder: 'C:\Users\akile\Katalon Studio\OneCS\Reports\20230522_123426\OneCSWebSuite\20230522_123427/cucumber_report/1684739077398'...

2023-05-22 12:34:37 - [TEST_CASE][PASSED] - Start Test Case : SCENARIO 2.01 - verify the details displayed on the Sign In Welcome Screen: SCENARIO 2.01 - verify the details displayed on the Sign In Welcome Screen

2023-05-22 12:34:37 - [TEST_STEP][PASSED] - user launch OneCS Portal Dasboard page: user launch OneCS Portal Dasboard page

2023-05-22 12:34:38 - [TEST_CASE][PASSED] - Test Cases/IMSOnboarding: Test Cases/IMSOnboarding

2023-05-22 12:34:38 - [TEST_STEP][PASSED] - openBrowser(""): Browser is opened with url: ''

2023-05-22 12:34:38 - [MESSAGE][INFO] - Starting 'Chrome' driver

2023-05-22 12:34:38 - [MESSAGE][INFO] - Action delay is set to 0 milliseconds

2023-05-22 12:34:40 - [MESSAGE][PASSED] - Browser is opened with url: ''

2023-05-22 12:34:40 - [TEST_STEP][PASSED] - maximizeWindow(): Current window maximized

2023-05-22 12:34:40 - [MESSAGE][PASSED] - Current window maximized

2023-05-22 12:34:40 - [TEST_STEP][PASSED] - navigateToUrl("http://kdx03:Servehugematch93!@clientsupport.sit.charles-stanley.co.uk/app/"): Navigate to 'http://kdx03:Servehugematch93!@clientsupport.sit.charles-stanley.co.uk/app/' successfully

2023-05-22 12:34:43 - [MESSAGE][PASSED] - Navigate to 'http://kdx03:Servehugematch93!@clientsupport.sit.charles-stanley.co.uk/app/' successfully

2023-05-22 12:34:43 - [TEST_STEP][PASSED] - click(findTestObject("Object Repository/Page_Dashboard/button_Create new")): Object: 'Object Repository/Page_Dashboard/button_Create new' is clicked on

2023-05-22 12:34:49 - [MESSAGE][PASSED] - Object: 'Object Repository/Page_Dashboard/button_Create new' is clicked on

2023-05-22 12:34:49 - [TEST_STEP][PASSED] - selectOptionByValue(findTestObject("Object Repository/Page_Dashboard/select_Select Service IMS OneStep - Five-po_f58547"), "2", true): All options with value '2' are selected in object 'Object Repository/Page_Dashboard/select_Select Service IMS OneStep - Five-po_f58547'  using regular expression

2023-05-22 12:34:51 - [MESSAGE][PASSED] - All options with value '2' are selected in object 'Object Repository/Page_Dashboard/select_Select Service IMS OneStep - Five-po_f58547'  using regular expression

2023-05-22 12:34:51 - [TEST_STEP][PASSED] - click(findTestObject("Object Repository/Page_Dashboard/button_Create new")): Object: 'Object Repository/Page_Dashboard/button_Create new' is clicked on

2023-05-22 12:34:51 - [MESSAGE][PASSED] - Object: 'Object Repository/Page_Dashboard/button_Create new' is clicked on

2023-05-22 12:34:51 - [TEST_STEP][PASSED] - click(findTestObject("Object Repository/Page_Dashboard/span_Business getter code_anchor")): Object: 'Object Repository/Page_Dashboard/span_Business getter code_anchor' is clicked on

2023-05-22 12:35:07 - [MESSAGE][PASSED] - Object: 'Object Repository/Page_Dashboard/span_Business getter code_anchor' is clicked on

2023-05-22 12:35:07 - [TEST_STEP][PASSED] - click(findTestObject("Object Repository/Page_Dashboard/li_MRL - Aaron Murphy")): Object: 'Object Repository/Page_Dashboard/li_MRL - Aaron Murphy' is clicked on

2023-05-22 12:35:07 - [MESSAGE][PASSED] - Object: 'Object Repository/Page_Dashboard/li_MRL - Aaron Murphy' is clicked on

2023-05-22 12:35:07 - [TEST_STEP][PASSED] - click(findTestObject("Object Repository/Page_Dashboard/span_Client Details")): Object: 'Object Repository/Page_Dashboard/span_Client Details' is clicked on

2023-05-22 12:35:08 - [MESSAGE][PASSED] - Object: 'Object Repository/Page_Dashboard/span_Client Details' is clicked on

2023-05-22 12:35:08 - [TEST_STEP][PASSED] - selectOptionByValue(findTestObject("Object Repository/Page_Dashboard/select_Select titleMrMsMrsMissDrOther"), "1: Mr", true): All options with value '1: Mr' are selected in object 'Object Repository/Page_Dashboard/select_Select titleMrMsMrsMissDrOther'  using regular expression

2023-05-22 12:35:10 - [MESSAGE][PASSED] - All options with value '1: Mr' are selected in object 'Object Repository/Page_Dashboard/select_Select titleMrMsMrsMissDrOther'  using regular expression

2023-05-22 12:35:10 - [TEST_STEP][PASSED] - setText(findTestObject("Object Repository/Page_Dashboard/input_First names_client1firstnames"), "Arun"): Text 'Arun' is set on object 'Object Repository/Page_Dashboard/input_First names_client1firstnames'

2023-05-22 12:35:11 - [MESSAGE][PASSED] - Text 'Arun' is set on object 'Object Repository/Page_Dashboard/input_First names_client1firstnames'

2023-05-22 12:35:11 - [TEST_STEP][PASSED] - setText(findTestObject("Object Repository/Page_Dashboard/input_Last name_client1lastname"), "Last"): Text 'Last' is set on object 'Object Repository/Page_Dashboard/input_Last name_client1lastname'

2023-05-22 12:35:12 - [MESSAGE][PASSED] - Text 'Last' is set on object 'Object Repository/Page_Dashboard/input_Last name_client1lastname'

2023-05-22 12:35:12 - [TEST_STEP][PASSED] - setText(findTestObject("Object Repository/Page_Dashboard/input_Preferred name_client1PreferredName"), "aka"): Text 'aka' is set on object 'Object Repository/Page_Dashboard/input_Preferred name_client1PreferredName'

2023-05-22 12:35:13 - [MESSAGE][PASSED] - Text 'aka' is set on object 'Object Repository/Page_Dashboard/input_Preferred name_client1PreferredName'

2023-05-22 12:35:13 - [TEST_STEP][PASSED] - setText(findTestObject("Object Repository/Page_Dashboard/input_Date of birth_client1dob"), "10/10/1993"): Text '10/10/1993' is set on object 'Object Repository/Page_Dashboard/input_Date of birth_client1dob'

2023-05-22 12:35:14 - [MESSAGE][PASSED] - Text '10/10/1993' is set on object 'Object Repository/Page_Dashboard/input_Date of birth_client1dob'

2023-05-22 12:35:14 - [TEST_STEP][PASSED] - click(findTestObject("Object Repository/Page_Dashboard/input_Gender_gender1")): Object: 'Object Repository/Page_Dashboard/input_Gender_gender1' is clicked on

2023-05-22 12:35:14 - [MESSAGE][PASSED] - Object: 'Object Repository/Page_Dashboard/input_Gender_gender1' is clicked on

2023-05-22 12:35:14 - [TEST_STEP][PASSED] - selectOptionByValue(findTestObject("Object Repository/Page_Dashboard/select_Please selectSingleMarriedSeparatedD_f061ed"), "Single", true): All options with value 'Single' are selected in object 'Object Repository/Page_Dashboard/select_Please selectSingleMarriedSeparatedD_f061ed'  using regular expression

2023-05-22 12:35:15 - [MESSAGE][PASSED] - All options with value 'Single' are selected in object 'Object Repository/Page_Dashboard/select_Please selectSingleMarriedSeparatedD_f061ed'  using regular expression

2023-05-22 12:35:15 - [TEST_STEP][PASSED] - click(findTestObject("Object Repository/Page_Dashboard/a_Or enter address manually")): Object: 'Object Repository/Page_Dashboard/a_Or enter address manually' is clicked on

2023-05-22 12:35:15 - [MESSAGE][PASSED] - Object: 'Object Repository/Page_Dashboard/a_Or enter address manually' is clicked on

2023-05-22 12:35:15 - [TEST_STEP][PASSED] - setText(findTestObject("Object Repository/Page_Dashboard/input_Address line 1_addressLine1"), "fdsfsdfds"): Text 'fdsfsdfds' is set on object 'Object Repository/Page_Dashboard/input_Address line 1_addressLine1'

2023-05-22 12:35:16 - [MESSAGE][PASSED] - Text 'fdsfsdfds' is set on object 'Object Repository/Page_Dashboard/input_Address line 1_addressLine1'

2023-05-22 12:35:16 - [TEST_STEP][PASSED] - setText(findTestObject("Object Repository/Page_Dashboard/input_Address line 2_addressLine2"), "fsdfdsfds"): Text 'fsdfdsfds' is set on object 'Object Repository/Page_Dashboard/input_Address line 2_addressLine2'

2023-05-22 12:35:17 - [MESSAGE][PASSED] - Text 'fsdfdsfds' is set on object 'Object Repository/Page_Dashboard/input_Address line 2_addressLine2'

2023-05-22 12:35:17 - [TEST_STEP][PASSED] - click(findTestObject("Object Repository/Page_Dashboard/input_Address line 2_addressLine2")): Object: 'Object Repository/Page_Dashboard/input_Address line 2_addressLine2' is clicked on

2023-05-22 12:35:17 - [MESSAGE][PASSED] - Object: 'Object Repository/Page_Dashboard/input_Address line 2_addressLine2' is clicked on

2023-05-22 12:35:17 - [TEST_STEP][PASSED] - setText(findTestObject("Object Repository/Page_Dashboard/input_Address line 3_addressLine3"), "eefsdfds"): Text 'eefsdfds' is set on object 'Object Repository/Page_Dashboard/input_Address line 3_addressLine3'

2023-05-22 12:35:18 - [MESSAGE][PASSED] - Text 'eefsdfds' is set on object 'Object Repository/Page_Dashboard/input_Address line 3_addressLine3'

2023-05-22 12:35:18 - [TEST_STEP][PASSED] - setText(findTestObject("Object Repository/Page_Dashboard/input_TownCity_town"), "fsdfdsfds"): Text 'fsdfdsfds' is set on object 'Object Repository/Page_Dashboard/input_TownCity_town'

2023-05-22 12:35:19 - [MESSAGE][PASSED] - Text 'fsdfdsfds' is set on object 'Object Repository/Page_Dashboard/input_TownCity_town'

2023-05-22 12:35:19 - [TEST_STEP][PASSED] - setText(findTestObject("Object Repository/Page_Dashboard/input_County_county"), "fsdfdsfs"): Text 'fsdfdsfs' is set on object 'Object Repository/Page_Dashboard/input_County_county'

2023-05-22 12:35:19 - [MESSAGE][PASSED] - Text 'fsdfdsfs' is set on object 'Object Repository/Page_Dashboard/input_County_county'

2023-05-22 12:35:19 - [TEST_STEP][PASSED] - setText(findTestObject("Object Repository/Page_Dashboard/input_Postcode_postcode"), "fgvgbnb"): Text 'fgvgbnb' is set on object 'Object Repository/Page_Dashboard/input_Postcode_postcode'

2023-05-22 12:35:20 - [MESSAGE][PASSED] - Text 'fgvgbnb' is set on object 'Object Repository/Page_Dashboard/input_Postcode_postcode'

2023-05-22 12:35:20 - [TEST_STEP][PASSED] - selectOptionByValue(findTestObject("Object Repository/Page_Dashboard/select_United KingdomAlbaniaAlgeriaAmerican_c00340"), "Angola", true): All options with value 'Angola' are selected in object 'Object Repository/Page_Dashboard/select_United KingdomAlbaniaAlgeriaAmerican_c00340'  using regular expression

2023-05-22 12:35:25 - [MESSAGE][PASSED] - All options with value 'Angola' are selected in object 'Object Repository/Page_Dashboard/select_United KingdomAlbaniaAlgeriaAmerican_c00340'  using regular expression

2023-05-22 12:35:25 - [TEST_STEP][PASSED] - setText(findTestObject("Object Repository/Page_Dashboard/input_Email address_client1email"), "arun@gmail.com"): Text 'arun@gmail.com' is set on object 'Object Repository/Page_Dashboard/input_Email address_client1email'

2023-05-22 12:35:25 - [MESSAGE][PASSED] - Text 'arun@gmail.com' is set on object 'Object Repository/Page_Dashboard/input_Email address_client1email'

2023-05-22 12:35:25 - [TEST_STEP][PASSED] - setText(findTestObject("Object Repository/Page_Dashboard/input_Home telephone_client1hometelephone"), "3455667"): Text '3455667' is set on object 'Object Repository/Page_Dashboard/input_Home telephone_client1hometelephone'

2023-05-22 12:35:26 - [MESSAGE][PASSED] - Text '3455667' is set on object 'Object Repository/Page_Dashboard/input_Home telephone_client1hometelephone'

2023-05-22 12:35:26 - [TEST_STEP][PASSED] - setText(findTestObject("Object Repository/Page_Dashboard/input_Mobile telephone_client1mobiletelephone"), "767537635"): Text '767537635' is set on object 'Object Repository/Page_Dashboard/input_Mobile telephone_client1mobiletelephone'

2023-05-22 12:35:27 - [MESSAGE][PASSED] - Text '767537635' is set on object 'Object Repository/Page_Dashboard/input_Mobile telephone_client1mobiletelephone'

2023-05-22 12:35:27 - [TEST_STEP][PASSED] - setText(findTestObject("Object Repository/Page_Dashboard/input_Work telephone_client1worktelephone"), "65465464645654"): Text '65465464645654' is set on object 'Object Repository/Page_Dashboard/input_Work telephone_client1worktelephone'

2023-05-22 12:35:27 - [MESSAGE][PASSED] - Text '65465464645654' is set on object 'Object Repository/Page_Dashboard/input_Work telephone_client1worktelephone'

2023-05-22 12:35:27 - [TEST_STEP][PASSED] - click(findTestObject("Object Repository/Page_Dashboard/input_Communication and Marketing Preferenc_8fce92")): Object: 'Object Repository/Page_Dashboard/input_Communication and Marketing Preferenc_8fce92' is clicked on

2023-05-22 12:35:28 - [MESSAGE][PASSED] - Object: 'Object Repository/Page_Dashboard/input_Communication and Marketing Preferenc_8fce92' is clicked on

2023-05-22 12:35:28 - [TEST_STEP][PASSED] - click(findTestObject("Object Repository/Page_Dashboard/input_Communication and Marketing Preferenc_b744b6")): Object: 'Object Repository/Page_Dashboard/input_Communication and Marketing Preferenc_b744b6' is clicked on

2023-05-22 12:35:28 - [MESSAGE][PASSED] - Object: 'Object Repository/Page_Dashboard/input_Communication and Marketing Preferenc_b744b6' is clicked on

2023-05-22 12:35:28 - [TEST_STEP][PASSED] - click(findTestObject("Object Repository/Page_Dashboard/a_Back to top")): Object: 'Object Repository/Page_Dashboard/a_Back to top' is clicked on

2023-05-22 12:35:29 - [MESSAGE][PASSED] - Object: 'Object Repository/Page_Dashboard/a_Back to top' is clicked on

2023-05-22 12:35:29 - [TEST_STEP][PASSED] - click(findTestObject("Object Repository/Page_Dashboard/span_Risk Questions")): Object: 'Object Repository/Page_Dashboard/span_Risk Questions' is clicked on

2023-05-22 12:35:29 - [MESSAGE][PASSED] - Object: 'Object Repository/Page_Dashboard/span_Risk Questions' is clicked on

2023-05-22 12:35:29 - [TEST_STEP][PASSED] - click(findTestObject("Object Repository/Page_Dashboard/input_To achieve financial success, I would_75bff1")): Object: 'Object Repository/Page_Dashboard/input_To achieve financial success, I would_75bff1' is clicked on

2023-05-22 12:35:31 - [MESSAGE][PASSED] - Object: 'Object Repository/Page_Dashboard/input_To achieve financial success, I would_75bff1' is clicked on

2023-05-22 12:35:31 - [TEST_STEP][PASSED] - click(findTestObject("Object Repository/Page_Dashboard/input_I would take more financial risk if t_c577f4")): Object: 'Object Repository/Page_Dashboard/input_I would take more financial risk if t_c577f4' is clicked on

2023-05-22 12:35:31 - [MESSAGE][PASSED] - Object: 'Object Repository/Page_Dashboard/input_I would take more financial risk if t_c577f4' is clicked on

2023-05-22 12:35:31 - [TEST_STEP][PASSED] - click(findTestObject("Object Repository/Page_Dashboard/input_I am the kind of person who takes fin_ee299f")): Object: 'Object Repository/Page_Dashboard/input_I am the kind of person who takes fin_ee299f' is clicked on

2023-05-22 12:35:32 - [MESSAGE][PASSED] - Object: 'Object Repository/Page_Dashboard/input_I am the kind of person who takes fin_ee299f' is clicked on

2023-05-22 12:35:32 - [TEST_STEP][PASSED] - click(findTestObject("Object Repository/Page_Dashboard/input_Strongly disagree_riskQuestionsClient_f3727a")): Object: 'Object Repository/Page_Dashboard/input_Strongly disagree_riskQuestionsClient_f3727a' is clicked on

2023-05-22 12:35:32 - [MESSAGE][PASSED] - Object: 'Object Repository/Page_Dashboard/input_Strongly disagree_riskQuestionsClient_f3727a' is clicked on

2023-05-22 12:35:32 - [TEST_STEP][PASSED] - click(findTestObject("Object Repository/Page_Dashboard/input_Disagree_riskQuestionsClient124Answer95")): Object: 'Object Repository/Page_Dashboard/input_Disagree_riskQuestionsClient124Answer95' is clicked on

2023-05-22 12:35:32 - [MESSAGE][PASSED] - Object: 'Object Repository/Page_Dashboard/input_Disagree_riskQuestionsClient124Answer95' is clicked on

2023-05-22 12:35:32 - [TEST_STEP][PASSED] - click(findTestObject("Object Repository/Page_Dashboard/input_Neither agree nor disagree_riskQuesti_d0bb82")): Object: 'Object Repository/Page_Dashboard/input_Neither agree nor disagree_riskQuesti_d0bb82' is clicked on

2023-05-22 12:35:33 - [MESSAGE][PASSED] - Object: 'Object Repository/Page_Dashboard/input_Neither agree nor disagree_riskQuesti_d0bb82' is clicked on

2023-05-22 12:35:33 - [TEST_STEP][PASSED] - click(findTestObject("Object Repository/Page_Dashboard/input_Agree_riskQuestionsClient126Answer107")): Object: 'Object Repository/Page_Dashboard/input_Agree_riskQuestionsClient126Answer107' is clicked on

2023-05-22 12:35:33 - [MESSAGE][PASSED] - Object: 'Object Repository/Page_Dashboard/input_Agree_riskQuestionsClient126Answer107' is clicked on

2023-05-22 12:35:33 - [TEST_STEP][PASSED] - click(findTestObject("Object Repository/Page_Dashboard/input_Strongly disagree_riskQuestionsClient_d938cf")): Object: 'Object Repository/Page_Dashboard/input_Strongly disagree_riskQuestionsClient_d938cf' is clicked on

2023-05-22 12:35:33 - [MESSAGE][PASSED] - Object: 'Object Repository/Page_Dashboard/input_Strongly disagree_riskQuestionsClient_d938cf' is clicked on

2023-05-22 12:35:33 - [TEST_STEP][PASSED] - click(findTestObject("Object Repository/Page_Dashboard/input_Disagree_riskQuestionsClient128Answer115")): Object: 'Object Repository/Page_Dashboard/input_Disagree_riskQuestionsClient128Answer115' is clicked on

2023-05-22 12:35:34 - [MESSAGE][PASSED] - Object: 'Object Repository/Page_Dashboard/input_Disagree_riskQuestionsClient128Answer115' is clicked on

2023-05-22 12:35:34 - [TEST_STEP][PASSED] - click(findTestObject("Object Repository/Page_Dashboard/input_Disagree_riskQuestionsClient129Answer120")): Object: 'Object Repository/Page_Dashboard/input_Disagree_riskQuestionsClient129Answer120' is clicked on

2023-05-22 12:35:34 - [MESSAGE][PASSED] - Object: 'Object Repository/Page_Dashboard/input_Disagree_riskQuestionsClient129Answer120' is clicked on

2023-05-22 12:35:34 - [TEST_STEP][PASSED] - click(findTestObject("Object Repository/Page_Dashboard/input_Disagree_riskQuestionsClient130Answer125")): Object: 'Object Repository/Page_Dashboard/input_Disagree_riskQuestionsClient130Answer125' is clicked on

2023-05-22 12:35:35 - [MESSAGE][PASSED] - Object: 'Object Repository/Page_Dashboard/input_Disagree_riskQuestionsClient130Answer125' is clicked on

2023-05-22 12:35:35 - [TEST_STEP][PASSED] - click(findTestObject("Object Repository/Page_Dashboard/input_Disagree_riskQuestionsClient131Answer130")): Object: 'Object Repository/Page_Dashboard/input_Disagree_riskQuestionsClient131Answer130' is clicked on

2023-05-22 12:35:35 - [MESSAGE][PASSED] - Object: 'Object Repository/Page_Dashboard/input_Disagree_riskQuestionsClient131Answer130' is clicked on

2023-05-22 12:35:35 - [TEST_STEP][PASSED] - click(findTestObject("Object Repository/Page_Dashboard/input_Not concerned_riskQuestionsClient132A_1f2b3f")): Object: 'Object Repository/Page_Dashboard/input_Not concerned_riskQuestionsClient132A_1f2b3f' is clicked on

2023-05-22 12:35:36 - [MESSAGE][PASSED] - Object: 'Object Repository/Page_Dashboard/input_Not concerned_riskQuestionsClient132A_1f2b3f' is clicked on

2023-05-22 12:35:36 - [TEST_STEP][PASSED] - click(findTestObject("Object Repository/Page_Dashboard/input_Opportunity_riskQuestionsClient133Answer140")): Object: 'Object Repository/Page_Dashboard/input_Opportunity_riskQuestionsClient133Answer140' is clicked on

2023-05-22 12:35:36 - [MESSAGE][PASSED] - Object: 'Object Repository/Page_Dashboard/input_Opportunity_riskQuestionsClient133Answer140' is clicked on

2023-05-22 12:35:36 - [TEST_STEP][PASSED] - click(findTestObject("Object Repository/Page_Dashboard/input_I sometimes take risks_riskQuestionsC_03ac78")): Object: 'Object Repository/Page_Dashboard/input_I sometimes take risks_riskQuestionsC_03ac78' is clicked on

2023-05-22 12:35:36 - [MESSAGE][PASSED] - Object: 'Object Repository/Page_Dashboard/input_I sometimes take risks_riskQuestionsC_03ac78' is clicked on

2023-05-22 12:35:36 - [TEST_STEP][PASSED] - click(findTestObject("Object Repository/Page_Dashboard/span_Additional Client Details")): Object: 'Object Repository/Page_Dashboard/span_Additional Client Details' is clicked on

2023-05-22 12:35:37 - [MESSAGE][PASSED] - Object: 'Object Repository/Page_Dashboard/span_Additional Client Details' is clicked on

2023-05-22 12:35:37 - [TEST_STEP][PASSED] - selectOptionByValue(findTestObject("Object Repository/Page_Dashboard/select_Select NationalityBritishAfghaniAlba_eb0c08"), "American", true): All options with value 'American' are selected in object 'Object Repository/Page_Dashboard/select_Select NationalityBritishAfghaniAlba_eb0c08'  using regular expression

2023-05-22 12:35:42 - [MESSAGE][PASSED] - All options with value 'American' are selected in object 'Object Repository/Page_Dashboard/select_Select NationalityBritishAfghaniAlba_eb0c08'  using regular expression

2023-05-22 12:35:42 - [TEST_STEP][PASSED] - selectOptionByValue(findTestObject("Object Repository/Page_Dashboard/select_Please selectUnited KingdomAlbaniaAl_f3487d"), "Armenia", true): All options with value 'Armenia' are selected in object 'Object Repository/Page_Dashboard/select_Please selectUnited KingdomAlbaniaAl_f3487d'  using regular expression

2023-05-22 12:35:47 - [MESSAGE][PASSED] - All options with value 'Armenia' are selected in object 'Object Repository/Page_Dashboard/select_Please selectUnited KingdomAlbaniaAl_f3487d'  using regular expression

2023-05-22 12:35:47 - [TEST_STEP][PASSED] - click(findTestObject("Object Repository/Page_Dashboard/input_Yes_isPoliticallyExposedPerson1")): Object: 'Object Repository/Page_Dashboard/input_Yes_isPoliticallyExposedPerson1' is clicked on

2023-05-22 12:35:48 - [MESSAGE][PASSED] - Object: 'Object Repository/Page_Dashboard/input_Yes_isPoliticallyExposedPerson1' is clicked on

2023-05-22 12:35:48 - [TEST_STEP][PASSED] - click(findTestObject("Object Repository/Page_Dashboard/input_Passport_verificationIdType1")): Object: 'Object Repository/Page_Dashboard/input_Passport_verificationIdType1' is clicked on

2023-05-22 12:35:48 - [MESSAGE][PASSED] - Object: 'Object Repository/Page_Dashboard/input_Passport_verificationIdType1' is clicked on

2023-05-22 12:35:48 - [TEST_STEP][PASSED] - setText(findTestObject("Object Repository/Page_Dashboard/input_Driving licence number_client1-drivin_e255d6"), "4567890-bkhvbjvcj"): Text '4567890-bkhvbjvcj' is set on object 'Object Repository/Page_Dashboard/input_Driving licence number_client1-drivin_e255d6'

2023-05-22 12:35:49 - [MESSAGE][PASSED] - Text '4567890-bkhvbjvcj' is set on object 'Object Repository/Page_Dashboard/input_Driving licence number_client1-drivin_e255d6'

2023-05-22 12:35:49 - [TEST_STEP][PASSED] - setText(findTestObject("Object Repository/Page_Dashboard/input_Expiry date_client1-expiry-date"), "10/11/1984"): Text '10/11/1984' is set on object 'Object Repository/Page_Dashboard/input_Expiry date_client1-expiry-date'

2023-05-22 12:35:50 - [MESSAGE][PASSED] - Text '10/11/1984' is set on object 'Object Repository/Page_Dashboard/input_Expiry date_client1-expiry-date'

2023-05-22 12:35:50 - [TEST_STEP][PASSED] - selectOptionByValue(findTestObject("Object Repository/Page_Dashboard/select_Please selectFull-Time EmployedPart-_fbbedb"), "null", true): All options with value 'null' are selected in object 'Object Repository/Page_Dashboard/select_Please selectFull-Time EmployedPart-_fbbedb'  using regular expression

2023-05-22 12:35:51 - [MESSAGE][PASSED] - All options with value 'null' are selected in object 'Object Repository/Page_Dashboard/select_Please selectFull-Time EmployedPart-_fbbedb'  using regular expression

2023-05-22 12:35:51 - [TEST_STEP][PASSED] - selectOptionByValue(findTestObject("Object Repository/Page_Dashboard/select_Please selectFull-Time EmployedPart-_fbbedb"), "Full-Time Employed", true): All options with value 'Full-Time Employed' are selected in object 'Object Repository/Page_Dashboard/select_Please selectFull-Time EmployedPart-_fbbedb'  using regular expression

2023-05-22 12:35:52 - [MESSAGE][PASSED] - All options with value 'Full-Time Employed' are selected in object 'Object Repository/Page_Dashboard/select_Please selectFull-Time EmployedPart-_fbbedb'  using regular expression

2023-05-22 12:35:52 - [TEST_STEP][PASSED] - setText(findTestObject("Object Repository/Page_Dashboard/input_Expected retirement age_client1-emplo_dac0ea"), "80"): Text '80' is set on object 'Object Repository/Page_Dashboard/input_Expected retirement age_client1-emplo_dac0ea'

2023-05-22 12:35:52 - [MESSAGE][PASSED] - Text '80' is set on object 'Object Repository/Page_Dashboard/input_Expected retirement age_client1-emplo_dac0ea'

2023-05-22 12:35:52 - [TEST_STEP][PASSED] - setText(findTestObject("Object Repository/Page_Dashboard/input_OccupationJob title_client1-employed-_f9375d"), "fishing"): Text 'fishing' is set on object 'Object Repository/Page_Dashboard/input_OccupationJob title_client1-employed-_f9375d'

2023-05-22 12:35:53 - [MESSAGE][PASSED] - Text 'fishing' is set on object 'Object Repository/Page_Dashboard/input_OccupationJob title_client1-employed-_f9375d'

2023-05-22 12:35:53 - [TEST_STEP][PASSED] - setText(findTestObject("Object Repository/Page_Dashboard/input_Name of employer Company name_client1_eaba97"), "oruvan tech"): Text 'oruvan tech' is set on object 'Object Repository/Page_Dashboard/input_Name of employer Company name_client1_eaba97'

2023-05-22 12:35:54 - [MESSAGE][PASSED] - Text 'oruvan tech' is set on object 'Object Repository/Page_Dashboard/input_Name of employer Company name_client1_eaba97'

2023-05-22 12:35:54 - [TEST_STEP][PASSED] - setText(findTestObject("Object Repository/Page_Dashboard/input_Nature of business employment_client1_ffa724"), "fun"): Text 'fun' is set on object 'Object Repository/Page_Dashboard/input_Nature of business employment_client1_ffa724'

2023-05-22 12:35:54 - [MESSAGE][PASSED] - Text 'fun' is set on object 'Object Repository/Page_Dashboard/input_Nature of business employment_client1_ffa724'

2023-05-22 12:35:54 - [TEST_STEP][PASSED] - selectOptionByValue(findTestObject("Object Repository/Page_Dashboard/select_Please selectUnited KingdomAlbaniaAl_f3487d_1"), "null", true): All options with value 'null' are selected in object 'Object Repository/Page_Dashboard/select_Please selectUnited KingdomAlbaniaAl_f3487d_1'  using regular expression

2023-05-22 12:35:59 - [MESSAGE][PASSED] - All options with value 'null' are selected in object 'Object Repository/Page_Dashboard/select_Please selectUnited KingdomAlbaniaAl_f3487d_1'  using regular expression

2023-05-22 12:35:59 - [TEST_STEP][PASSED] - selectOptionByValue(findTestObject("Object Repository/Page_Dashboard/select_Please selectUnited KingdomAlbaniaAl_f3487d_1"), "Australia", true): All options with value 'Australia' are selected in object 'Object Repository/Page_Dashboard/select_Please selectUnited KingdomAlbaniaAl_f3487d_1'  using regular expression

2023-05-22 12:36:04 - [MESSAGE][PASSED] - All options with value 'Australia' are selected in object 'Object Repository/Page_Dashboard/select_Please selectUnited KingdomAlbaniaAl_f3487d_1'  using regular expression

2023-05-22 12:36:04 - [TEST_STEP][PASSED] - click(findTestObject("Object Repository/Page_Dashboard/label_Under 2 years")): Object: 'Object Repository/Page_Dashboard/label_Under 2 years' is clicked on

2023-05-22 12:36:04 - [MESSAGE][PASSED] - Object: 'Object Repository/Page_Dashboard/label_Under 2 years' is clicked on

2023-05-22 12:36:04 - [TEST_STEP][PASSED] - click(findTestObject("Object Repository/Page_Dashboard/input_Yes_hasQualifications1")): Object: 'Object Repository/Page_Dashboard/input_Yes_hasQualifications1' is clicked on

2023-05-22 12:36:05 - [MESSAGE][PASSED] - Object: 'Object Repository/Page_Dashboard/input_Yes_hasQualifications1' is clicked on

2023-05-22 12:36:05 - [TEST_STEP][PASSED] - click(findTestObject("Object Repository/Page_Dashboard/input_Does client have any financial depend_717934")): Object: 'Object Repository/Page_Dashboard/input_Does client have any financial depend_717934' is clicked on

2023-05-22 12:36:05 - [MESSAGE][PASSED] - Object: 'Object Repository/Page_Dashboard/input_Does client have any financial depend_717934' is clicked on

2023-05-22 12:36:05 - [TEST_STEP][PASSED] - setText(findTestObject("Object Repository/Page_Dashboard/input_Name_client1-financial-dependents-name0"), "akash"): Text 'akash' is set on object 'Object Repository/Page_Dashboard/input_Name_client1-financial-dependents-name0'

2023-05-22 12:36:06 - [MESSAGE][PASSED] - Text 'akash' is set on object 'Object Repository/Page_Dashboard/input_Name_client1-financial-dependents-name0'

2023-05-22 12:36:06 - [TEST_STEP][PASSED] - selectOptionByValue(findTestObject("Object Repository/Page_Dashboard/select_Please selectSpouseEx-spouseChildRel_684a2e"), "null", true): All options with value 'null' are selected in object 'Object Repository/Page_Dashboard/select_Please selectSpouseEx-spouseChildRel_684a2e'  using regular expression

2023-05-22 12:36:07 - [MESSAGE][PASSED] - All options with value 'null' are selected in object 'Object Repository/Page_Dashboard/select_Please selectSpouseEx-spouseChildRel_684a2e'  using regular expression

2023-05-22 12:36:07 - [TEST_STEP][PASSED] - selectOptionByValue(findTestObject("Object Repository/Page_Dashboard/select_Please selectSpouseEx-spouseChildRel_684a2e"), "Spouse", true): All options with value 'Spouse' are selected in object 'Object Repository/Page_Dashboard/select_Please selectSpouseEx-spouseChildRel_684a2e'  using regular expression

2023-05-22 12:36:08 - [MESSAGE][PASSED] - All options with value 'Spouse' are selected in object 'Object Repository/Page_Dashboard/select_Please selectSpouseEx-spouseChildRel_684a2e'  using regular expression

2023-05-22 12:36:08 - [TEST_STEP][PASSED] - setText(findTestObject("Object Repository/Page_Dashboard/input_Year of birth_client1-financial-depen_e0587e"), "1995"): Text '1995' is set on object 'Object Repository/Page_Dashboard/input_Year of birth_client1-financial-depen_e0587e'

2023-05-22 12:36:09 - [MESSAGE][PASSED] - Text '1995' is set on object 'Object Repository/Page_Dashboard/input_Year of birth_client1-financial-depen_e0587e'

2023-05-22 12:36:09 - [TEST_STEP][PASSED] - click(findTestObject("Object Repository/Page_Dashboard/span_Financial Details")): Object: 'Object Repository/Page_Dashboard/span_Financial Details' is clicked on

2023-05-22 12:36:09 - [MESSAGE][PASSED] - Object: 'Object Repository/Page_Dashboard/span_Financial Details' is clicked on

2023-05-22 12:36:09 - [TEST_STEP][PASSED] - setText(findTestObject("Object Repository/Page_Dashboard/input__form-control ng-untouched ng-valid ng-dirty"), "223"): Text '223' is set on object 'Object Repository/Page_Dashboard/input__form-control ng-untouched ng-valid ng-dirty'

2023-05-22 12:36:11 - [MESSAGE][PASSED] - Text '223' is set on object 'Object Repository/Page_Dashboard/input__form-control ng-untouched ng-valid ng-dirty'

2023-05-22 12:36:11 - [TEST_STEP][PASSED] - click(findTestObject("Object Repository/Page_Dashboard/label_Add")): Object: 'Object Repository/Page_Dashboard/label_Add' is clicked on

2023-05-22 12:36:11 - [MESSAGE][PASSED] - Object: 'Object Repository/Page_Dashboard/label_Add' is clicked on

2023-05-22 12:36:11 - [TEST_STEP][PASSED] - setText(findTestObject("Object Repository/Page_Dashboard/input__form-control ng-untouched ng-valid ng-dirty_1"), "234"): Text '234' is set on object 'Object Repository/Page_Dashboard/input__form-control ng-untouched ng-valid ng-dirty_1'

2023-05-22 12:36:12 - [MESSAGE][PASSED] - Text '234' is set on object 'Object Repository/Page_Dashboard/input__form-control ng-untouched ng-valid ng-dirty_1'

2023-05-22 12:36:12 - [TEST_STEP][PASSED] - setText(findTestObject("Object Repository/Page_Dashboard/input__form-control ng-untouched ng-valid ng-dirty_1_2"), "334"): Text '334' is set on object 'Object Repository/Page_Dashboard/input__form-control ng-untouched ng-valid ng-dirty_1_2'

2023-05-22 12:36:13 - [MESSAGE][PASSED] - Text '334' is set on object 'Object Repository/Page_Dashboard/input__form-control ng-untouched ng-valid ng-dirty_1_2'

2023-05-22 12:36:13 - [TEST_STEP][PASSED] - setText(findTestObject("Object Repository/Page_Dashboard/input__form-control ng-untouched ng-valid ng-dirty_1_2_3"), "345"): Text '345' is set on object 'Object Repository/Page_Dashboard/input__form-control ng-untouched ng-valid ng-dirty_1_2_3'

2023-05-22 12:36:13 - [MESSAGE][PASSED] - Text '345' is set on object 'Object Repository/Page_Dashboard/input__form-control ng-untouched ng-valid ng-dirty_1_2_3'

2023-05-22 12:36:13 - [TEST_STEP][PASSED] - setText(findTestObject("Object Repository/Page_Dashboard/input__form-control ng-untouched ng-valid ng-dirty_1_2_3_4"), "222"): Text '222' is set on object 'Object Repository/Page_Dashboard/input__form-control ng-untouched ng-valid ng-dirty_1_2_3_4'

2023-05-22 12:36:14 - [MESSAGE][PASSED] - Text '222' is set on object 'Object Repository/Page_Dashboard/input__form-control ng-untouched ng-valid ng-dirty_1_2_3_4'

2023-05-22 12:36:14 - [TEST_STEP][PASSED] - setText(findTestObject("Object Repository/Page_Dashboard/input__form-control ng-untouched ng-valid ng-dirty_1_2_3_4_5"), "678"): Text '678' is set on object 'Object Repository/Page_Dashboard/input__form-control ng-untouched ng-valid ng-dirty_1_2_3_4_5'

2023-05-22 12:36:15 - [MESSAGE][PASSED] - Text '678' is set on object 'Object Repository/Page_Dashboard/input__form-control ng-untouched ng-valid ng-dirty_1_2_3_4_5'

2023-05-22 12:36:15 - [TEST_STEP][PASSED] - setText(findTestObject("Object Repository/Page_Dashboard/input__form-control ng-untouched ng-valid ng-dirty_1_2_3_4_5_6"), "234"): Text '234' is set on object 'Object Repository/Page_Dashboard/input__form-control ng-untouched ng-valid ng-dirty_1_2_3_4_5_6'

2023-05-22 12:36:15 - [MESSAGE][PASSED] - Text '234' is set on object 'Object Repository/Page_Dashboard/input__form-control ng-untouched ng-valid ng-dirty_1_2_3_4_5_6'

2023-05-22 12:36:15 - [TEST_STEP][PASSED] - setText(findTestObject("Object Repository/Page_Dashboard/input__form-control ng-untouched ng-valid ng-dirty_1_2_3_4_5_6_7"), "123"): Text '123' is set on object 'Object Repository/Page_Dashboard/input__form-control ng-untouched ng-valid ng-dirty_1_2_3_4_5_6_7'

2023-05-22 12:36:16 - [MESSAGE][PASSED] - Text '123' is set on object 'Object Repository/Page_Dashboard/input__form-control ng-untouched ng-valid ng-dirty_1_2_3_4_5_6_7'

2023-05-22 12:36:16 - [TEST_STEP][PASSED] - setText(findTestObject("Object Repository/Page_Dashboard/input__form-control ng-untouched ng-valid ng-dirty_1_2_3_4_5_6_7_8"), "343"): Text '343' is set on object 'Object Repository/Page_Dashboard/input__form-control ng-untouched ng-valid ng-dirty_1_2_3_4_5_6_7_8'

2023-05-22 12:36:17 - [MESSAGE][PASSED] - Text '343' is set on object 'Object Repository/Page_Dashboard/input__form-control ng-untouched ng-valid ng-dirty_1_2_3_4_5_6_7_8'

2023-05-22 12:36:17 - [TEST_STEP][PASSED] - click(findTestObject("Object Repository/Page_Dashboard/label_Withdraw")): Object: 'Object Repository/Page_Dashboard/label_Withdraw' is clicked on

2023-05-22 12:36:17 - [MESSAGE][PASSED] - Object: 'Object Repository/Page_Dashboard/label_Withdraw' is clicked on

2023-05-22 12:36:17 - [TEST_STEP][PASSED] - setText(findTestObject("Object Repository/Page_Dashboard/input__form-control ng-untouched ng-valid ng-dirty_1_2_3_4_5_6_7_8_9"), "2354"): Text '2354' is set on object 'Object Repository/Page_Dashboard/input__form-control ng-untouched ng-valid ng-dirty_1_2_3_4_5_6_7_8_9'

2023-05-22 12:36:18 - [MESSAGE][PASSED] - Text '2354' is set on object 'Object Repository/Page_Dashboard/input__form-control ng-untouched ng-valid ng-dirty_1_2_3_4_5_6_7_8_9'

2023-05-22 12:36:18 - [TEST_STEP][PASSED] - click(findTestObject("Object Repository/Page_Dashboard/input_Yes_isMemberOfDefinedBenefitsOrFinalS_81c75e")): Object: 'Object Repository/Page_Dashboard/input_Yes_isMemberOfDefinedBenefitsOrFinalS_81c75e' is clicked on

2023-05-22 12:36:18 - [MESSAGE][PASSED] - Object: 'Object Repository/Page_Dashboard/input_Yes_isMemberOfDefinedBenefitsOrFinalS_81c75e' is clicked on

2023-05-22 12:36:18 - [TEST_STEP][PASSED] - setText(findTestObject("Object Repository/Page_Dashboard/input__form-control ng-valid ng-touched ng-dirty"), "2312"): Text '2312' is set on object 'Object Repository/Page_Dashboard/input__form-control ng-valid ng-touched ng-dirty'

2023-05-22 12:36:19 - [MESSAGE][PASSED] - Text '2312' is set on object 'Object Repository/Page_Dashboard/input__form-control ng-valid ng-touched ng-dirty'

2023-05-22 12:36:19 - [TEST_STEP][PASSED] - setText(findTestObject("Object Repository/Page_Dashboard/input__form-control ng-valid ng-dirty ng-touched"), "1233"): Text '1233' is set on object 'Object Repository/Page_Dashboard/input__form-control ng-valid ng-dirty ng-touched'

2023-05-22 12:36:20 - [MESSAGE][PASSED] - Text '1233' is set on object 'Object Repository/Page_Dashboard/input__form-control ng-valid ng-dirty ng-touched'

2023-05-22 12:36:20 - [TEST_STEP][PASSED] - setText(findTestObject("Object Repository/Page_Dashboard/input__form-control ng-valid ng-dirty ng-touched_1"), "345"): Text '345' is set on object 'Object Repository/Page_Dashboard/input__form-control ng-valid ng-dirty ng-touched_1'

2023-05-22 12:36:20 - [MESSAGE][PASSED] - Text '345' is set on object 'Object Repository/Page_Dashboard/input__form-control ng-valid ng-dirty ng-touched_1'

2023-05-22 12:36:20 - [TEST_STEP][PASSED] - setText(findTestObject("Object Repository/Page_Dashboard/input__form-control ng-valid ng-dirty ng-touched_1_2"), "567"): Text '567' is set on object 'Object Repository/Page_Dashboard/input__form-control ng-valid ng-dirty ng-touched_1_2'

2023-05-22 12:36:21 - [MESSAGE][PASSED] - Text '567' is set on object 'Object Repository/Page_Dashboard/input__form-control ng-valid ng-dirty ng-touched_1_2'

2023-05-22 12:36:21 - [TEST_STEP][PASSED] - setText(findTestObject("Object Repository/Page_Dashboard/input__form-control ng-valid ng-dirty ng-touched_1_2_3"), "222"): Text '222' is set on object 'Object Repository/Page_Dashboard/input__form-control ng-valid ng-dirty ng-touched_1_2_3'

2023-05-22 12:36:22 - [MESSAGE][PASSED] - Text '222' is set on object 'Object Repository/Page_Dashboard/input__form-control ng-valid ng-dirty ng-touched_1_2_3'

2023-05-22 12:36:22 - [TEST_STEP][PASSED] - setText(findTestObject("Object Repository/Page_Dashboard/input__form-control ng-untouched ng-valid ng-dirty_1_2_3_4_5_6_7_8_9_10_11"), "333"): Text '333' is set on object 'Object Repository/Page_Dashboard/input__form-control ng-untouched ng-valid ng-dirty_1_2_3_4_5_6_7_8_9_10_11'

2023-05-22 12:36:22 - [MESSAGE][PASSED] - Text '333' is set on object 'Object Repository/Page_Dashboard/input__form-control ng-untouched ng-valid ng-dirty_1_2_3_4_5_6_7_8_9_10_11'

2023-05-22 12:36:22 - [TEST_STEP][PASSED] - setText(findTestObject("Object Repository/Page_Dashboard/input__form-control ng-untouched ng-valid n_6110fe"), "222"): Text '222' is set on object 'Object Repository/Page_Dashboard/input__form-control ng-untouched ng-valid n_6110fe'

2023-05-22 12:36:23 - [MESSAGE][PASSED] - Text '222' is set on object 'Object Repository/Page_Dashboard/input__form-control ng-untouched ng-valid n_6110fe'

2023-05-22 12:36:23 - [TEST_STEP][PASSED] - setText(findTestObject("Object Repository/Page_Dashboard/input_Anticipated payoff date_undefined"), "10/10/1993"): Text '10/10/1993' is set on object 'Object Repository/Page_Dashboard/input_Anticipated payoff date_undefined'

2023-05-22 12:36:24 - [MESSAGE][PASSED] - Text '10/10/1993' is set on object 'Object Repository/Page_Dashboard/input_Anticipated payoff date_undefined'

2023-05-22 12:36:24 - [TEST_STEP][PASSED] - setText(findTestObject("Object Repository/Page_Dashboard/input__form-control ng-untouched ng-valid ng-dirty_1_2_3_4_5_6_7_8_9_10_11_12"), "999"): Text '999' is set on object 'Object Repository/Page_Dashboard/input__form-control ng-untouched ng-valid ng-dirty_1_2_3_4_5_6_7_8_9_10_11_12'

2023-05-22 12:36:24 - [MESSAGE][PASSED] - Text '999' is set on object 'Object Repository/Page_Dashboard/input__form-control ng-untouched ng-valid ng-dirty_1_2_3_4_5_6_7_8_9_10_11_12'

2023-05-22 12:36:24 - [TEST_STEP][PASSED] - setText(findTestObject("Object Repository/Page_Dashboard/input__form-control ng-untouched ng-valid n_6110fe_1"), "1234"): Text '1234' is set on object 'Object Repository/Page_Dashboard/input__form-control ng-untouched ng-valid n_6110fe_1'

2023-05-22 12:36:25 - [MESSAGE][PASSED] - Text '1234' is set on object 'Object Repository/Page_Dashboard/input__form-control ng-untouched ng-valid n_6110fe_1'

2023-05-22 12:36:25 - [TEST_STEP][PASSED] - setText(findTestObject("Object Repository/Page_Dashboard/input_Anticipated payoff date_undefined_1"), "11/11/1995"): Text '11/11/1995' is set on object 'Object Repository/Page_Dashboard/input_Anticipated payoff date_undefined_1'

2023-05-22 12:36:26 - [MESSAGE][PASSED] - Text '11/11/1995' is set on object 'Object Repository/Page_Dashboard/input_Anticipated payoff date_undefined_1'

2023-05-22 12:36:26 - [TEST_STEP][PASSED] - setText(findTestObject("Object Repository/Page_Dashboard/input__form-control ng-untouched ng-valid ng-dirty_1_2_3_4_5_6_7_8_9_10_11_12_13"), "222"): Text '222' is set on object 'Object Repository/Page_Dashboard/input__form-control ng-untouched ng-valid ng-dirty_1_2_3_4_5_6_7_8_9_10_11_12_13'

2023-05-22 12:36:27 - [MESSAGE][PASSED] - Text '222' is set on object 'Object Repository/Page_Dashboard/input__form-control ng-untouched ng-valid ng-dirty_1_2_3_4_5_6_7_8_9_10_11_12_13'

2023-05-22 12:36:27 - [TEST_STEP][PASSED] - setText(findTestObject("Object Repository/Page_Dashboard/input__form-control ng-untouched ng-valid ng-dirty_1_2_3_4_5_6_7_8_9_10_11_12_13_14"), "444"): Text '444' is set on object 'Object Repository/Page_Dashboard/input__form-control ng-untouched ng-valid ng-dirty_1_2_3_4_5_6_7_8_9_10_11_12_13_14'

2023-05-22 12:36:27 - [MESSAGE][PASSED] - Text '444' is set on object 'Object Repository/Page_Dashboard/input__form-control ng-untouched ng-valid ng-dirty_1_2_3_4_5_6_7_8_9_10_11_12_13_14'

2023-05-22 12:36:27 - [TEST_STEP][PASSED] - click(findTestObject("Object Repository/Page_Dashboard/input_Yes_isBonusDiscretionary1")): Object: 'Object Repository/Page_Dashboard/input_Yes_isBonusDiscretionary1' is clicked on

2023-05-22 12:36:28 - [MESSAGE][PASSED] - Object: 'Object Repository/Page_Dashboard/input_Yes_isBonusDiscretionary1' is clicked on

2023-05-22 12:36:28 - [TEST_STEP][PASSED] - setText(findTestObject("Object Repository/Page_Dashboard/input__form-control ng-untouched ng-valid ng-dirty_1_2_3_4_5_6_7_8_9_10_11_12_13_14_15"), "1234"): Text '1234' is set on object 'Object Repository/Page_Dashboard/input__form-control ng-untouched ng-valid ng-dirty_1_2_3_4_5_6_7_8_9_10_11_12_13_14_15'

2023-05-22 12:36:28 - [MESSAGE][PASSED] - Text '1234' is set on object 'Object Repository/Page_Dashboard/input__form-control ng-untouched ng-valid ng-dirty_1_2_3_4_5_6_7_8_9_10_11_12_13_14_15'

2023-05-22 12:36:28 - [TEST_STEP][PASSED] - setText(findTestObject("Object Repository/Page_Dashboard/input__form-control ng-untouched ng-valid ng-dirty_1_2_3_4_5_6_7_8_9_10_11_12_13_14_15_16"), "345"): Text '345' is set on object 'Object Repository/Page_Dashboard/input__form-control ng-untouched ng-valid ng-dirty_1_2_3_4_5_6_7_8_9_10_11_12_13_14_15_16'

2023-05-22 12:36:29 - [MESSAGE][PASSED] - Text '345' is set on object 'Object Repository/Page_Dashboard/input__form-control ng-untouched ng-valid ng-dirty_1_2_3_4_5_6_7_8_9_10_11_12_13_14_15_16'

2023-05-22 12:36:29 - [TEST_STEP][PASSED] - setText(findTestObject("Object Repository/Page_Dashboard/input__form-control ng-untouched ng-valid ng-dirty_1_2_3_4_5_6_7_8_9_10_11_12_13_14_15_16_17"), "3245"): Text '3245' is set on object 'Object Repository/Page_Dashboard/input__form-control ng-untouched ng-valid ng-dirty_1_2_3_4_5_6_7_8_9_10_11_12_13_14_15_16_17'

2023-05-22 12:36:30 - [MESSAGE][PASSED] - Text '3245' is set on object 'Object Repository/Page_Dashboard/input__form-control ng-untouched ng-valid ng-dirty_1_2_3_4_5_6_7_8_9_10_11_12_13_14_15_16_17'

2023-05-22 12:36:30 - [TEST_STEP][PASSED] - setText(findTestObject("Object Repository/Page_Dashboard/input__form-control ng-untouched ng-valid ng-dirty_1_2_3_4_5_6_7_8_9_10_11_12_13_14_15_16_17_18"), "456"): Text '456' is set on object 'Object Repository/Page_Dashboard/input__form-control ng-untouched ng-valid ng-dirty_1_2_3_4_5_6_7_8_9_10_11_12_13_14_15_16_17_18'

2023-05-22 12:36:30 - [MESSAGE][PASSED] - Text '456' is set on object 'Object Repository/Page_Dashboard/input__form-control ng-untouched ng-valid ng-dirty_1_2_3_4_5_6_7_8_9_10_11_12_13_14_15_16_17_18'

2023-05-22 12:36:30 - [TEST_STEP][PASSED] - setText(findTestObject("Object Repository/Page_Dashboard/input__form-control ng-untouched ng-valid ng-dirty_1_2_3_4_5_6_7_8_9_10_11_12_13_14_15_16_17_18_19"), "123"): Text '123' is set on object 'Object Repository/Page_Dashboard/input__form-control ng-untouched ng-valid ng-dirty_1_2_3_4_5_6_7_8_9_10_11_12_13_14_15_16_17_18_19'

2023-05-22 12:36:31 - [MESSAGE][PASSED] - Text '123' is set on object 'Object Repository/Page_Dashboard/input__form-control ng-untouched ng-valid ng-dirty_1_2_3_4_5_6_7_8_9_10_11_12_13_14_15_16_17_18_19'

2023-05-22 12:36:31 - [TEST_STEP][PASSED] - setText(findTestObject("Object Repository/Page_Dashboard/input__form-control ng-untouched ng-valid ng-dirty_1_2_3_4_5_6_7_8_9_10_11_12_13_14_15_16_17_18_19_20"), "4567"): Text '4567' is set on object 'Object Repository/Page_Dashboard/input__form-control ng-untouched ng-valid ng-dirty_1_2_3_4_5_6_7_8_9_10_11_12_13_14_15_16_17_18_19_20'

2023-05-22 12:36:32 - [MESSAGE][PASSED] - Text '4567' is set on object 'Object Repository/Page_Dashboard/input__form-control ng-untouched ng-valid ng-dirty_1_2_3_4_5_6_7_8_9_10_11_12_13_14_15_16_17_18_19_20'

2023-05-22 12:36:32 - [TEST_STEP][PASSED] - setText(findTestObject("Object Repository/Page_Dashboard/input__form-control ng-untouched ng-valid ng-dirty_1_2_3_4_5_6_7_8_9_10_11_12_13_14_15_16_17_18_19_20_21"), "234"): Text '234' is set on object 'Object Repository/Page_Dashboard/input__form-control ng-untouched ng-valid ng-dirty_1_2_3_4_5_6_7_8_9_10_11_12_13_14_15_16_17_18_19_20_21'

2023-05-22 12:36:32 - [MESSAGE][PASSED] - Text '234' is set on object 'Object Repository/Page_Dashboard/input__form-control ng-untouched ng-valid ng-dirty_1_2_3_4_5_6_7_8_9_10_11_12_13_14_15_16_17_18_19_20_21'

2023-05-22 12:36:32 - [TEST_STEP][PASSED] - setText(findTestObject("Object Repository/Page_Dashboard/input__form-control ng-untouched ng-valid ng-dirty_1_2_3_4_5_6_7_8_9_10_11_12_13_14_15_16_17_18_19_20_21_22"), "567"): Text '567' is set on object 'Object Repository/Page_Dashboard/input__form-control ng-untouched ng-valid ng-dirty_1_2_3_4_5_6_7_8_9_10_11_12_13_14_15_16_17_18_19_20_21_22'

2023-05-22 12:36:33 - [MESSAGE][PASSED] - Text '567' is set on object 'Object Repository/Page_Dashboard/input__form-control ng-untouched ng-valid ng-dirty_1_2_3_4_5_6_7_8_9_10_11_12_13_14_15_16_17_18_19_20_21_22'

2023-05-22 12:36:33 - [TEST_STEP][PASSED] - setText(findTestObject("Object Repository/Page_Dashboard/input__form-control ng-untouched ng-valid ng-dirty_1_2_3_4_5_6_7_8_9_10_11_12_13_14_15_16_17_18_19_20_21_22_23"), "234"): Text '234' is set on object 'Object Repository/Page_Dashboard/input__form-control ng-untouched ng-valid ng-dirty_1_2_3_4_5_6_7_8_9_10_11_12_13_14_15_16_17_18_19_20_21_22_23'

2023-05-22 12:36:33 - [MESSAGE][PASSED] - Text '234' is set on object 'Object Repository/Page_Dashboard/input__form-control ng-untouched ng-valid ng-dirty_1_2_3_4_5_6_7_8_9_10_11_12_13_14_15_16_17_18_19_20_21_22_23'

2023-05-22 12:36:33 - [TEST_STEP][PASSED] - setText(findTestObject("Object Repository/Page_Dashboard/input__form-control ng-untouched ng-valid ng-dirty_1_2_3_4_5_6_7_8_9_10_11_12_13_14_15_16_17_18_19_20_21_22_23_24"), "234"): Text '234' is set on object 'Object Repository/Page_Dashboard/input__form-control ng-untouched ng-valid ng-dirty_1_2_3_4_5_6_7_8_9_10_11_12_13_14_15_16_17_18_19_20_21_22_23_24'

2023-05-22 12:36:34 - [MESSAGE][PASSED] - Text '234' is set on object 'Object Repository/Page_Dashboard/input__form-control ng-untouched ng-valid ng-dirty_1_2_3_4_5_6_7_8_9_10_11_12_13_14_15_16_17_18_19_20_21_22_23_24'

2023-05-22 12:36:34 - [TEST_STEP][PASSED] - click(findTestObject("Object Repository/Page_Dashboard/input_Yes_willNetAnnualIncomeChangeInNext12Months1")): Object: 'Object Repository/Page_Dashboard/input_Yes_willNetAnnualIncomeChangeInNext12Months1' is clicked on

2023-05-22 12:36:34 - [MESSAGE][PASSED] - Object: 'Object Repository/Page_Dashboard/input_Yes_willNetAnnualIncomeChangeInNext12Months1' is clicked on

2023-05-22 12:36:34 - [TEST_STEP][PASSED] - click(findTestObject("Object Repository/Page_Dashboard/input_Yes_isOtherFinancialInformationAvailable1")): Object: 'Object Repository/Page_Dashboard/input_Yes_isOtherFinancialInformationAvailable1' is clicked on

2023-05-22 12:36:35 - [MESSAGE][PASSED] - Object: 'Object Repository/Page_Dashboard/input_Yes_isOtherFinancialInformationAvailable1' is clicked on

2023-05-22 12:36:35 - [TEST_STEP][PASSED] - click(findTestObject("Object Repository/Page_Dashboard/span_Five Point Health Check")): Object: 'Object Repository/Page_Dashboard/span_Five Point Health Check' is clicked on

2023-05-22 12:36:35 - [MESSAGE][PASSED] - Object: 'Object Repository/Page_Dashboard/span_Five Point Health Check' is clicked on

2023-05-22 12:36:35 - [TEST_STEP][PASSED] - click(findTestObject("Object Repository/Page_Dashboard/input_How would you describe your health_he_9bfa41")): Object: 'Object Repository/Page_Dashboard/input_How would you describe your health_he_9bfa41' is clicked on

2023-05-22 12:36:36 - [MESSAGE][PASSED] - Object: 'Object Repository/Page_Dashboard/input_How would you describe your health_he_9bfa41' is clicked on

2023-05-22 12:36:36 - [TEST_STEP][PASSED] - setText(findTestObject("Object Repository/Page_Dashboard/input__form-control dark-control ng-untouch_636786"), "245"): Text '245' is set on object 'Object Repository/Page_Dashboard/input__form-control dark-control ng-untouch_636786'

2023-05-22 12:36:37 - [MESSAGE][PASSED] - Text '245' is set on object 'Object Repository/Page_Dashboard/input__form-control dark-control ng-untouch_636786'

2023-05-22 12:36:37 - [TEST_STEP][PASSED] - click(findTestObject("Object Repository/Page_Dashboard/input_Yes_continueToReceiveIncomeInillness")): Object: 'Object Repository/Page_Dashboard/input_Yes_continueToReceiveIncomeInillness' is clicked on

2023-05-22 12:36:37 - [MESSAGE][PASSED] - Object: 'Object Repository/Page_Dashboard/input_Yes_continueToReceiveIncomeInillness' is clicked on

2023-05-22 12:36:37 - [TEST_STEP][PASSED] - click(findTestObject("Object Repository/Page_Dashboard/input_Yes_provisionForFamilyInCaseOfDeath")): Object: 'Object Repository/Page_Dashboard/input_Yes_provisionForFamilyInCaseOfDeath' is clicked on

2023-05-22 12:36:38 - [MESSAGE][PASSED] - Object: 'Object Repository/Page_Dashboard/input_Yes_provisionForFamilyInCaseOfDeath' is clicked on

2023-05-22 12:36:38 - [TEST_STEP][PASSED] - click(findTestObject("Object Repository/Page_Dashboard/input_Yes_liabilitiesInCaseOfDeath")): Object: 'Object Repository/Page_Dashboard/input_Yes_liabilitiesInCaseOfDeath' is clicked on

2023-05-22 12:36:38 - [MESSAGE][PASSED] - Object: 'Object Repository/Page_Dashboard/input_Yes_liabilitiesInCaseOfDeath' is clicked on

2023-05-22 12:36:38 - [TEST_STEP][PASSED] - click(findTestObject("Object Repository/Page_Dashboard/input_Do you have an up to date will_haveUp_45cd25")): Object: 'Object Repository/Page_Dashboard/input_Do you have an up to date will_haveUp_45cd25' is clicked on

2023-05-22 12:36:38 - [MESSAGE][PASSED] - Object: 'Object Repository/Page_Dashboard/input_Do you have an up to date will_haveUp_45cd25' is clicked on

2023-05-22 12:36:38 - [TEST_STEP][PASSED] - click(findTestObject("Object Repository/Page_Dashboard/input_Have you set-up a Power of Attorney_f_b54f70")): Object: 'Object Repository/Page_Dashboard/input_Have you set-up a Power of Attorney_f_b54f70' is clicked on

2023-05-22 12:36:39 - [MESSAGE][PASSED] - Object: 'Object Repository/Page_Dashboard/input_Have you set-up a Power of Attorney_f_b54f70' is clicked on

2023-05-22 12:36:39 - [TEST_STEP][PASSED] - click(findTestObject("Object Repository/Page_Dashboard/input_Or Please tick all applicable_five-po_b5c783")): Object: 'Object Repository/Page_Dashboard/input_Or Please tick all applicable_five-po_b5c783' is clicked on

2023-05-22 12:36:39 - [MESSAGE][PASSED] - Object: 'Object Repository/Page_Dashboard/input_Or Please tick all applicable_five-po_b5c783' is clicked on

2023-05-22 12:36:39 - [TEST_STEP][PASSED] - click(findTestObject("Object Repository/Page_Dashboard/input_Health and Welfare Lasting Power of A_f44e7f")): Object: 'Object Repository/Page_Dashboard/input_Health and Welfare Lasting Power of A_f44e7f' is clicked on

2023-05-22 12:36:39 - [MESSAGE][PASSED] - Object: 'Object Repository/Page_Dashboard/input_Health and Welfare Lasting Power of A_f44e7f' is clicked on

2023-05-22 12:36:39 - [TEST_STEP][PASSED] - click(findTestObject("Object Repository/Page_Dashboard/input_Power and Financial Affairs Lasting P_88d934")): Object: 'Object Repository/Page_Dashboard/input_Power and Financial Affairs Lasting P_88d934' is clicked on

2023-05-22 12:36:40 - [MESSAGE][PASSED] - Object: 'Object Repository/Page_Dashboard/input_Power and Financial Affairs Lasting P_88d934' is clicked on

2023-05-22 12:36:40 - [TEST_STEP][PASSED] - click(findTestObject("Object Repository/Page_Dashboard/input_Enduring Power of Attorney (if set-up_98d3eb")): Object: 'Object Repository/Page_Dashboard/input_Enduring Power of Attorney (if set-up_98d3eb' is clicked on

2023-05-22 12:36:40 - [MESSAGE][PASSED] - Object: 'Object Repository/Page_Dashboard/input_Enduring Power of Attorney (if set-up_98d3eb' is clicked on

2023-05-22 12:36:40 - [TEST_STEP][PASSED] - setText(findTestObject("Object Repository/Page_Dashboard/input__form-control dark-control ng-untouch_636786_1"), "567"): Text '567' is set on object 'Object Repository/Page_Dashboard/input__form-control dark-control ng-untouch_636786_1'

2023-05-22 12:36:41 - [MESSAGE][PASSED] - Text '567' is set on object 'Object Repository/Page_Dashboard/input__form-control dark-control ng-untouch_636786_1'

2023-05-22 12:36:41 - [TEST_STEP][PASSED] - setText(findTestObject("Object Repository/Page_Dashboard/input__form-control dark-control ng-untouch_636786_1_2"), "3456"): Text '3456' is set on object 'Object Repository/Page_Dashboard/input__form-control dark-control ng-untouch_636786_1_2'

2023-05-22 12:36:42 - [MESSAGE][PASSED] - Text '3456' is set on object 'Object Repository/Page_Dashboard/input__form-control dark-control ng-untouch_636786_1_2'

2023-05-22 12:36:42 - [TEST_STEP][PASSED] - click(findTestObject("Object Repository/Page_Dashboard/input_Interest only_mortgageType")): Object: 'Object Repository/Page_Dashboard/input_Interest only_mortgageType' is clicked on

2023-05-22 12:36:42 - [MESSAGE][PASSED] - Object: 'Object Repository/Page_Dashboard/input_Interest only_mortgageType' is clicked on

2023-05-22 12:36:42 - [TEST_STEP][PASSED] - setText(findTestObject("Object Repository/Page_Dashboard/input_What is the interest rate_form-contro_764aad"), "234"): Text '234' is set on object 'Object Repository/Page_Dashboard/input_What is the interest rate_form-contro_764aad'

2023-05-22 12:36:43 - [MESSAGE][PASSED] - Text '234' is set on object 'Object Repository/Page_Dashboard/input_What is the interest rate_form-contro_764aad'

2023-05-22 12:36:43 - [TEST_STEP][PASSED] - setText(findTestObject("Object Repository/Page_Dashboard/input_What year will the mortgage be repaid_749b19"), "2015"): Text '2015' is set on object 'Object Repository/Page_Dashboard/input_What year will the mortgage be repaid_749b19'

2023-05-22 12:36:43 - [MESSAGE][PASSED] - Text '2015' is set on object 'Object Repository/Page_Dashboard/input_What year will the mortgage be repaid_749b19'

2023-05-22 12:36:43 - [TEST_STEP][PASSED] - click(findTestObject("Object Repository/Page_Dashboard/a_Add spending plan")): Object: 'Object Repository/Page_Dashboard/a_Add spending plan' is clicked on

2023-05-22 12:36:44 - [MESSAGE][PASSED] - Object: 'Object Repository/Page_Dashboard/a_Add spending plan' is clicked on

2023-05-22 12:36:44 - [TEST_STEP][PASSED] - setText(findTestObject("Object Repository/Page_Dashboard/input_Target date (Year)_form-control dark-_5177ce"), "Onion"): Text 'Onion' is set on object 'Object Repository/Page_Dashboard/input_Target date (Year)_form-control dark-_5177ce'

2023-05-22 12:36:45 - [MESSAGE][PASSED] - Text 'Onion' is set on object 'Object Repository/Page_Dashboard/input_Target date (Year)_form-control dark-_5177ce'

2023-05-22 12:36:45 - [TEST_STEP][PASSED] - setText(findTestObject("Object Repository/Page_Dashboard/input__form-control dark-control ng-untouch_3b60e3"), "250"): Text '250' is set on object 'Object Repository/Page_Dashboard/input__form-control dark-control ng-untouch_3b60e3'

2023-05-22 12:36:45 - [MESSAGE][PASSED] - Text '250' is set on object 'Object Repository/Page_Dashboard/input__form-control dark-control ng-untouch_3b60e3'

2023-05-22 12:36:45 - [TEST_STEP][PASSED] - setText(findTestObject("Object Repository/Page_Dashboard/input__form-control ng-untouched ng-pristin_178ccb"), "2015"): Text '2015' is set on object 'Object Repository/Page_Dashboard/input__form-control ng-untouched ng-pristin_178ccb'

2023-05-22 12:36:46 - [MESSAGE][PASSED] - Text '2015' is set on object 'Object Repository/Page_Dashboard/input__form-control ng-untouched ng-pristin_178ccb'

2023-05-22 12:36:46 - [TEST_STEP][PASSED] - click(findTestObject("Object Repository/Page_Dashboard/button_Save application")): Object: 'Object Repository/Page_Dashboard/button_Save application' is clicked on

2023-05-22 12:36:46 - [MESSAGE][PASSED] - Object: 'Object Repository/Page_Dashboard/button_Save application' is clicked on

2023-05-22 12:36:46 - [TEST_STEP][PASSED] - click(findTestObject("Object Repository/Page_Dashboard/span_Summary")): Object: 'Object Repository/Page_Dashboard/span_Summary' is clicked on

2023-05-22 12:36:47 - [MESSAGE][PASSED] - Object: 'Object Repository/Page_Dashboard/span_Summary' is clicked on

2023-05-22 12:36:47 - [TEST_STEP][PASSED] - click(findTestObject("Object Repository/Page_Dashboard/button_Publish settings")): Object: 'Object Repository/Page_Dashboard/button_Publish settings' is clicked on

2023-05-22 12:36:48 - [MESSAGE][PASSED] - Object: 'Object Repository/Page_Dashboard/button_Publish settings' is clicked on

2023-05-22 12:36:48 - [TEST_STEP][PASSED] - selectOptionByValue(findTestObject("Object Repository/Page_Dashboard/select_UnpublishedPublishSigned off_1_2_3_4"), "1: 1", true): All options with value '1: 1' are selected in object 'Object Repository/Page_Dashboard/select_UnpublishedPublishSigned off_1_2_3_4'  using regular expression

2023-05-22 12:36:50 - [MESSAGE][PASSED] - All options with value '1: 1' are selected in object 'Object Repository/Page_Dashboard/select_UnpublishedPublishSigned off_1_2_3_4'  using regular expression

2023-05-22 12:36:50 - [TEST_STEP][PASSED] - selectOptionByValue(findTestObject("Object Repository/Page_Dashboard/select_UnpublishedPublishSigned off_1_2_3_4"), "1: 1", true): All options with value '1: 1' are selected in object 'Object Repository/Page_Dashboard/select_UnpublishedPublishSigned off_1_2_3_4'  using regular expression

2023-05-22 12:36:51 - [MESSAGE][PASSED] - All options with value '1: 1' are selected in object 'Object Repository/Page_Dashboard/select_UnpublishedPublishSigned off_1_2_3_4'  using regular expression

2023-05-22 12:36:51 - [TEST_STEP][PASSED] - selectOptionByValue(findTestObject("Object Repository/Page_Dashboard/select_UnpublishedPublishSigned off_1_2_3_4_5"), "1: 1", true): All options with value '1: 1' are selected in object 'Object Repository/Page_Dashboard/select_UnpublishedPublishSigned off_1_2_3_4_5'  using regular expression

2023-05-22 12:36:52 - [MESSAGE][PASSED] - All options with value '1: 1' are selected in object 'Object Repository/Page_Dashboard/select_UnpublishedPublishSigned off_1_2_3_4_5'  using regular expression

2023-05-22 12:36:52 - [TEST_STEP][PASSED] - selectOptionByValue(findTestObject("Object Repository/Page_Dashboard/select_UnpublishedPublishSigned off_1_2_3_4_5"), "1: 1", true): All options with value '1: 1' are selected in object 'Object Repository/Page_Dashboard/select_UnpublishedPublishSigned off_1_2_3_4_5'  using regular expression

2023-05-22 12:36:53 - [MESSAGE][PASSED] - All options with value '1: 1' are selected in object 'Object Repository/Page_Dashboard/select_UnpublishedPublishSigned off_1_2_3_4_5'  using regular expression

2023-05-22 12:36:53 - [TEST_STEP][PASSED] - selectOptionByValue(findTestObject("Object Repository/Page_Dashboard/select_UnpublishedPublishSigned off_1_2_3_4_5_6"), "1: 1", true): All options with value '1: 1' are selected in object 'Object Repository/Page_Dashboard/select_UnpublishedPublishSigned off_1_2_3_4_5_6'  using regular expression

2023-05-22 12:36:54 - [MESSAGE][PASSED] - All options with value '1: 1' are selected in object 'Object Repository/Page_Dashboard/select_UnpublishedPublishSigned off_1_2_3_4_5_6'  using regular expression

2023-05-22 12:36:54 - [TEST_STEP][PASSED] - selectOptionByValue(findTestObject("Object Repository/Page_Dashboard/select_UnpublishedPublishSigned off_1_2_3_4_5_6"), "1: 1", true): All options with value '1: 1' are selected in object 'Object Repository/Page_Dashboard/select_UnpublishedPublishSigned off_1_2_3_4_5_6'  using regular expression

2023-05-22 12:36:55 - [MESSAGE][PASSED] - All options with value '1: 1' are selected in object 'Object Repository/Page_Dashboard/select_UnpublishedPublishSigned off_1_2_3_4_5_6'  using regular expression

2023-05-22 12:36:55 - [TEST_STEP][PASSED] - selectOptionByValue(findTestObject("Object Repository/Page_Dashboard/select_UnpublishedPublishSigned off_1_2_3_4_5_6_7"), "1: 1", true): All options with value '1: 1' are selected in object 'Object Repository/Page_Dashboard/select_UnpublishedPublishSigned off_1_2_3_4_5_6_7'  using regular expression

2023-05-22 12:36:56 - [MESSAGE][PASSED] - All options with value '1: 1' are selected in object 'Object Repository/Page_Dashboard/select_UnpublishedPublishSigned off_1_2_3_4_5_6_7'  using regular expression

2023-05-22 12:36:56 - [TEST_STEP][PASSED] - selectOptionByValue(findTestObject("Object Repository/Page_Dashboard/select_UnpublishedPublishSigned off_1_2_3_4_5_6_7"), "1: 1", true): All options with value '1: 1' are selected in object 'Object Repository/Page_Dashboard/select_UnpublishedPublishSigned off_1_2_3_4_5_6_7'  using regular expression

2023-05-22 12:36:57 - [MESSAGE][PASSED] - All options with value '1: 1' are selected in object 'Object Repository/Page_Dashboard/select_UnpublishedPublishSigned off_1_2_3_4_5_6_7'  using regular expression

2023-05-22 12:36:57 - [TEST_STEP][PASSED] - selectOptionByValue(findTestObject("Object Repository/Page_Dashboard/select_UnpublishedPublishSigned off_1_2_3_4_5_6_7_8"), "1: 1", true): All options with value '1: 1' are selected in object 'Object Repository/Page_Dashboard/select_UnpublishedPublishSigned off_1_2_3_4_5_6_7_8'  using regular expression

2023-05-22 12:36:58 - [MESSAGE][PASSED] - All options with value '1: 1' are selected in object 'Object Repository/Page_Dashboard/select_UnpublishedPublishSigned off_1_2_3_4_5_6_7_8'  using regular expression

2023-05-22 12:36:58 - [TEST_STEP][PASSED] - selectOptionByValue(findTestObject("Object Repository/Page_Dashboard/select_UnpublishedPublishSigned off_1_2_3_4_5_6_7_8"), "1: 1", true): All options with value '1: 1' are selected in object 'Object Repository/Page_Dashboard/select_UnpublishedPublishSigned off_1_2_3_4_5_6_7_8'  using regular expression

2023-05-22 12:36:59 - [MESSAGE][PASSED] - All options with value '1: 1' are selected in object 'Object Repository/Page_Dashboard/select_UnpublishedPublishSigned off_1_2_3_4_5_6_7_8'  using regular expression

2023-05-22 12:36:59 - [TEST_STEP][PASSED] - selectOptionByValue(findTestObject("Object Repository/Page_Dashboard/select_UnpublishedPublishSigned off_1_2_3_4_5_6_7_8_9"), "1: 1", true): All options with value '1: 1' are selected in object 'Object Repository/Page_Dashboard/select_UnpublishedPublishSigned off_1_2_3_4_5_6_7_8_9'  using regular expression

2023-05-22 12:37:00 - [MESSAGE][PASSED] - All options with value '1: 1' are selected in object 'Object Repository/Page_Dashboard/select_UnpublishedPublishSigned off_1_2_3_4_5_6_7_8_9'  using regular expression

2023-05-22 12:37:00 - [TEST_STEP][PASSED] - selectOptionByValue(findTestObject("Object Repository/Page_Dashboard/select_UnpublishedPublishSigned off_1_2_3_4_5_6_7_8_9"), "1: 1", true): All options with value '1: 1' are selected in object 'Object Repository/Page_Dashboard/select_UnpublishedPublishSigned off_1_2_3_4_5_6_7_8_9'  using regular expression

2023-05-22 12:37:01 - [MESSAGE][PASSED] - All options with value '1: 1' are selected in object 'Object Repository/Page_Dashboard/select_UnpublishedPublishSigned off_1_2_3_4_5_6_7_8_9'  using regular expression

2023-05-22 12:37:01 - [TEST_STEP][PASSED] - click(findTestObject("Object Repository/Page_Dashboard/button_Save changes")): Object: 'Object Repository/Page_Dashboard/button_Save changes' is clicked on

2023-05-22 12:37:01 - [MESSAGE][PASSED] - Object: 'Object Repository/Page_Dashboard/button_Save changes' is clicked on

2023-05-22 12:37:01 - [TEST_STEP][PASSED] - closeBrowser(): Browser is closed

2023-05-22 12:37:02 - [MESSAGE][PASSED] - Browser is closed

2023-05-22 12:37:02 - [MESSAGE][PASSED] - Call Test Case 'Test Cases/IMSOnboarding' successfully

2023-05-22 12:37:02 - [MESSAGE][PASSED] - user launch OneCS Portal Dasboard page

2023-05-22 12:37:02 - [MESSAGE][PASSED] - Feature file: 'Include/features/OneCSWebIMS.feature' was passed]]></system-out>
         <system-err><![CDATA[]]></system-err>
      </testcase>
      <system-out><![CDATA[2023-05-22 12:34:36 - [TEST_SUITE][PASSED] - OneCSWebSuite: Test Cases/RunFeatureFile]]></system-out>
      <system-err><![CDATA[]]></system-err>
   </testsuite>
</testsuites>
