<?xml version="1.0" encoding="UTF-8"?>
<testsuites name="OneCS App Android" time="209.364" tests="2" failures="0" errors="0">
   <testsuite name="OneCS App Android" tests="2" failures="0" errors="0" time="209.364" skipped="0" timestamp="2023-06-07 13:52:58" hostname="akile - AkILeShKiNgS.domain.name" id="Test Suites/OneCS App Android">
      <properties>
         <property name="deviceName"/>
         <property name="devicePlatform" value=""/>
         <property name="logFolder" value="C:\\Users\\akile\\git\\KatalonMobileWeb\\Reports\\20230607_135247\\OneCS App Android\\20230607_135247"/>
         <property name="logFiles" value="C:\\Users\\akile\\git\\KatalonMobileWeb\\Reports\\20230607_135247\\OneCS App Android\\20230607_135247\\execution0.log"/>
         <property name="attachments" value=""/>
         <property name="hostName" value="akile - AkILeShKiNgS.domain.name"/>
         <property name="remoteDriverUrl" value="http://hub.browserstack.com/wd/hub"/>
         <property name="desiredCapabilities" value="{
  &quot;app&quot;: &quot;bs://5fd9ba484e52c4fb6694bb1fe99a7e51fb074835&quot;,
  &quot;build&quot;: &quot;OneCS QA&quot;,
  &quot;browserstack.key&quot;: &quot;XL3oy1yprCJD24apFpHu&quot;,
  &quot;os_version&quot;: &quot;12.0&quot;,
  &quot;project&quot;: &quot;OneCS Mobile&quot;,
  &quot;browserstack.user&quot;: &quot;akileshs_Jit0Ln&quot;,
  &quot;device&quot;: &quot;Samsung Galaxy S21&quot;,
  &quot;browserstack.idleTimeout&quot;: &quot;120&quot;
}"/>
         <property name="os" value="Windows 10 64bit"/>
         <property name="appiumServerStatus" value="{&quot;status&quot;:0,&quot;sessionId&quot;:null,&quot;value&quot;:{&quot;build&quot;:{&quot;time&quot;:&quot;2015-02-26 23:59:50&quot;,&quot;version&quot;:&quot;2.45.0&quot;,&quot;revision&quot;:&quot;5017cb8&quot;}},&quot;state&quot;:&quot;success&quot;}"/>
         <property name="katalonVersion" value="8.6.0.208"/>
         <property name="appiumVersion" value="2.45.0"/>
         <property name="hostAddress" value="192.168.1.7"/>
      </properties>
      <testcase name="Test Cases/Modules/More Module" time="64.472" classname="Test Cases/Modules/More Module" status="PASSED">
         <system-out><![CDATA[2023-06-07 13:52:58 - [TEST_CASE][PASSED] - Test Cases/Modules/More Module: Test Cases/Modules/More Module

2023-06-07 13:52:59 - [TEST_STEP][PASSED] - runFeatureFile("Include/features/Android_More.feature"): Feature file: 'Include/features/Android_More.feature' was passed

2023-06-07 13:52:59 - [MESSAGE][INFO] - Starting run keyword runFeatureFile: 'Include/features/Android_More.feature' and extract report to folder: 'C:\Users\akile\git\KatalonMobileWeb\Reports\20230607_135247\OneCS App Android\20230607_135247/cucumber_report/1686126179586'...

2023-06-07 13:53:00 - [TEST_CASE][PASSED] - Start Test Case : SCENARIO 8.01 - verify the details displayed on the Sign In Welcome Screen: SCENARIO 8.01 - verify the details displayed on the Sign In Welcome Screen

2023-06-07 13:53:00 - [TEST_STEP][PASSED] - the user launches the OneCS Mobile app: the user launches the OneCS Mobile app

2023-06-07 13:53:01 - [TEST_CASE][PASSED] - Test Cases/Initiating Mobile App: Test Cases/Initiating Mobile App

2023-06-07 13:53:01 - [TEST_STEP][PASSED] - startApplication(bsApp, true): Started app at: 'bs://5fd9ba484e52c4fb6694bb1fe99a7e51fb074835'

2023-06-07 13:53:32 - [MESSAGE][PASSED] - Started app at: 'bs://5fd9ba484e52c4fb6694bb1fe99a7e51fb074835'

2023-06-07 13:53:32 - [MESSAGE][PASSED] - Call Test Case 'Test Cases/Initiating Mobile App' successfully

2023-06-07 13:53:33 - [MESSAGE][PASSED] - the user launches the OneCS Mobile app

2023-06-07 13:53:33 - [TEST_STEP][PASSED] - the user validates the following for More Screen: the user validates the following for More Screen

2023-06-07 13:53:33 - [TEST_CASE][PASSED] - Test Cases/More/8.01_Android: Test Cases/More/8.01_Android

2023-06-07 13:53:33 - [TEST_STEP][PASSED] - tap(findTestObject("Object Repository/Android Objects/Sign in Button"), 0): Tapped on element 'Object Repository/Android Objects/Sign in Button'

2023-06-07 13:53:33 - [MESSAGE][WARNING] - Timeout '0' is invalid. Using default page load timeout: '30'

2023-06-07 13:53:37 - [MESSAGE][PASSED] - Tapped on element 'Object Repository/Android Objects/Sign in Button'

2023-06-07 13:53:37 - [TEST_STEP][PASSED] - verifyElementText(findTestObject("Object Repository/Android Objects/android.widget.TextView - Sign in step 1 of 4"), "Sign in step 1 of 4"): Actual text and expected text of test object 'Object Repository/Android Objects/android.widget.TextView - Sign in step 1 of 4' are matched.

2023-06-07 13:53:40 - [MESSAGE][PASSED] - Actual text and expected text of test object 'Object Repository/Android Objects/android.widget.TextView - Sign in step 1 of 4' are matched.

2023-06-07 13:53:40 - [TEST_STEP][PASSED] - verifyElementExist(findTestObject("Object Repository/Android Objects/X_Button"), 0): Element 'Object Repository/Android Objects/X_Button' is exist

2023-06-07 13:53:40 - [MESSAGE][WARNING] - Timeout '0' is invalid. Using default page load timeout: '30'

2023-06-07 13:53:42 - [MESSAGE][PASSED] - Element 'Object Repository/Android Objects/X_Button' is exist

2023-06-07 13:53:42 - [TEST_STEP][PASSED] - verifyElementText(findTestObject("Object Repository/Android Objects/android.widget.TextView - Username  password"), "Username & password"): Actual text and expected text of test object 'Object Repository/Android Objects/android.widget.TextView - Username  password' are matched.

2023-06-07 13:53:45 - [MESSAGE][PASSED] - Actual text and expected text of test object 'Object Repository/Android Objects/android.widget.TextView - Username  password' are matched.

2023-06-07 13:53:45 - [TEST_STEP][PASSED] - verifyElementText(findTestObject("Object Repository/Android Objects/android.widget.TextView - Please enter your username and password associated with your Charles Stanley account"), "Please enter your username and password associated with your Charles Stanley account."): Actual text and expected text of test object 'Object Repository/Android Objects/android.widget.TextView - Please enter your username and password associated with your Charles Stanley account' are matched.

2023-06-07 13:53:48 - [MESSAGE][PASSED] - Actual text and expected text of test object 'Object Repository/Android Objects/android.widget.TextView - Please enter your username and password associated with your Charles Stanley account' are matched.

2023-06-07 13:53:48 - [TEST_STEP][PASSED] - verifyElementText(findTestObject("Object Repository/Android Objects/Usernamefiled"), ""): Actual text and expected text of test object 'Object Repository/Android Objects/Usernamefiled' are matched.

2023-06-07 13:53:52 - [MESSAGE][PASSED] - Actual text and expected text of test object 'Object Repository/Android Objects/Usernamefiled' are matched.

2023-06-07 13:53:52 - [TEST_STEP][PASSED] - verifyElementText(findTestObject("Object Repository/Android Objects/Passwordfiled"), ""): Actual text and expected text of test object 'Object Repository/Android Objects/Passwordfiled' are matched.

2023-06-07 13:53:55 - [MESSAGE][PASSED] - Actual text and expected text of test object 'Object Repository/Android Objects/Passwordfiled' are matched.

2023-06-07 13:53:55 - [TEST_STEP][PASSED] - verifyElementVisible(findTestObject("Object Repository/Android Objects/eyebuttoninsignin"), 0): Element 'Object Repository/Android Objects/eyebuttoninsignin' is visible

2023-06-07 13:53:55 - [MESSAGE][WARNING] - Timeout '0' is invalid. Using default page load timeout: '30'

2023-06-07 13:53:58 - [MESSAGE][PASSED] - Element 'Object Repository/Android Objects/eyebuttoninsignin' is visible

2023-06-07 13:53:58 - [TEST_STEP][PASSED] - verifyElementVisible(findTestObject("Object Repository/SignIn/android.widget.TextView - Ive forgotten my details"), 0): Element 'Object Repository/SignIn/android.widget.TextView - Ive forgotten my details' is visible

2023-06-07 13:53:58 - [MESSAGE][WARNING] - Timeout '0' is invalid. Using default page load timeout: '30'

2023-06-07 13:54:01 - [MESSAGE][PASSED] - Element 'Object Repository/SignIn/android.widget.TextView - Ive forgotten my details' is visible

2023-06-07 13:54:01 - [TEST_STEP][PASSED] - getDriver().closeApp(): null

2023-06-07 13:54:02 - [TEST_STEP][PASSED] - getDriver().quit(): null

2023-06-07 13:54:03 - [MESSAGE][PASSED] - Call Test Case 'Test Cases/More/8.01_Android' successfully

2023-06-07 13:54:03 - [MESSAGE][PASSED] - the user validates the following for More Screen

2023-06-07 13:54:03 - [MESSAGE][PASSED] - Feature file: 'Include/features/Android_More.feature' was passed]]></system-out>
         <system-err><![CDATA[]]></system-err>
      </testcase>
      <testcase name="Test Cases/Modules/SignIn Module" time="144.486" classname="Test Cases/Modules/SignIn Module" status="PASSED">
         <system-out><![CDATA[2023-06-07 13:54:03 - [TEST_CASE][PASSED] - Test Cases/Modules/SignIn Module: Test Cases/Modules/SignIn Module

2023-06-07 13:54:03 - [TEST_STEP][PASSED] - runFeatureFile("Include/features/Android_Registration.feature"): Feature file: 'Include/features/Android_Registration.feature' was passed

2023-06-07 13:54:03 - [MESSAGE][INFO] - Starting run keyword runFeatureFile: 'Include/features/Android_Registration.feature' and extract report to folder: 'C:\Users\akile\git\KatalonMobileWeb\Reports\20230607_135247\OneCS App Android\20230607_135247/cucumber_report/1686126243880'...

2023-06-07 13:54:04 - [TEST_CASE][PASSED] - Start Test Case : SCENARIO 2.01 - verify the details displayed on the Sign In Welcome Screen: SCENARIO 2.01 - verify the details displayed on the Sign In Welcome Screen

2023-06-07 13:54:04 - [TEST_STEP][PASSED] - the user launches the OneCS Mobile app: the user launches the OneCS Mobile app

2023-06-07 13:54:04 - [TEST_CASE][PASSED] - Test Cases/Initiating Mobile App: Test Cases/Initiating Mobile App

2023-06-07 13:54:04 - [TEST_STEP][PASSED] - startApplication(bsApp, true): Started app at: 'bs://5fd9ba484e52c4fb6694bb1fe99a7e51fb074835'

2023-06-07 13:54:34 - [MESSAGE][PASSED] - Started app at: 'bs://5fd9ba484e52c4fb6694bb1fe99a7e51fb074835'

2023-06-07 13:54:34 - [MESSAGE][PASSED] - Call Test Case 'Test Cases/Initiating Mobile App' successfully

2023-06-07 13:54:34 - [MESSAGE][PASSED] - the user launches the OneCS Mobile app

2023-06-07 13:54:34 - [TEST_STEP][PASSED] - the user validates the following for Sign In Welcome Screen: the user validates the following for Sign In Welcome Screen

2023-06-07 13:54:34 - [TEST_CASE][PASSED] - Test Cases/Sign In/2.01_Android: Test Cases/Sign In/2.01_Android

2023-06-07 13:54:34 - [TEST_STEP][PASSED] - verifyElementExist(findTestObject("Object Repository/Android Objects/logo"), 0): Element 'Object Repository/Android Objects/logo' is exist

2023-06-07 13:54:34 - [MESSAGE][WARNING] - Timeout '0' is invalid. Using default page load timeout: '30'

2023-06-07 13:54:35 - [MESSAGE][PASSED] - Element 'Object Repository/Android Objects/logo' is exist

2023-06-07 13:54:35 - [TEST_STEP][PASSED] - verifyElementExist(findTestObject("Object Repository/Android Objects/Create a secure"), 0): Element 'Object Repository/Android Objects/Create a secure' is exist

2023-06-07 13:54:35 - [MESSAGE][WARNING] - Timeout '0' is invalid. Using default page load timeout: '30'

2023-06-07 13:54:36 - [MESSAGE][PASSED] - Element 'Object Repository/Android Objects/Create a secure' is exist

2023-06-07 13:54:36 - [TEST_STEP][PASSED] - verifyElementText(findTestObject("Object Repository/Android Objects/Sign in Button"), "Sign in"): Actual text and expected text of test object 'Object Repository/Android Objects/Sign in Button' are matched.

2023-06-07 13:54:37 - [MESSAGE][PASSED] - Actual text and expected text of test object 'Object Repository/Android Objects/Sign in Button' are matched.

2023-06-07 13:54:37 - [TEST_STEP][PASSED] - verifyElementText(findTestObject("Object Repository/Android Objects/android.widget.TextView - Dont have an account"), "Don't have an account?"): Actual text and expected text of test object 'Object Repository/Android Objects/android.widget.TextView - Dont have an account' are matched.

2023-06-07 13:54:37 - [MESSAGE][PASSED] - Actual text and expected text of test object 'Object Repository/Android Objects/android.widget.TextView - Dont have an account' are matched.

2023-06-07 13:54:37 - [TEST_STEP][PASSED] - verifyElementText(findTestObject("Object Repository/Android Objects/android.widget.TextView - Create one on our website"), "Create one on our website"): Actual text and expected text of test object 'Object Repository/Android Objects/android.widget.TextView - Create one on our website' are matched.

2023-06-07 13:54:38 - [MESSAGE][PASSED] - Actual text and expected text of test object 'Object Repository/Android Objects/android.widget.TextView - Create one on our website' are matched.

2023-06-07 13:54:38 - [TEST_STEP][PASSED] - tap(findTestObject("Object Repository/Android Objects/Create one on our website"), 0): Tapped on element 'Object Repository/Android Objects/Create one on our website'

2023-06-07 13:54:38 - [MESSAGE][WARNING] - Timeout '0' is invalid. Using default page load timeout: '30'

2023-06-07 13:54:40 - [MESSAGE][PASSED] - Tapped on element 'Object Repository/Android Objects/Create one on our website'

2023-06-07 13:54:40 - [TEST_STEP][PASSED] - continuebutton = getText(findTestObject("Object Repository/Android Objects/weburl"), 0): Text of element 'Object Repository/Android Objects/weburl' is: 'charles-stanley.co.uk/services/save'

2023-06-07 13:54:40 - [MESSAGE][WARNING] - Timeout '0' is invalid. Using default page load timeout: '30'

2023-06-07 13:54:43 - [MESSAGE][PASSED] - Text of element 'Object Repository/Android Objects/weburl' is: 'charles-stanley.co.uk/services/save'

2023-06-07 13:54:43 - [TEST_STEP][PASSED] - Assert.assertEquals(continuebutton, "charles-stanley.co.uk/services/save"): null

2023-06-07 13:54:43 - [TEST_STEP][PASSED] - pressBack(): Press back button successfully

2023-06-07 13:54:44 - [MESSAGE][PASSED] - Press back button successfully

2023-06-07 13:54:44 - [TEST_STEP][PASSED] - verifyElementVisible(findTestObject("Object Repository/Android Objects/logo"), 0): Element 'Object Repository/Android Objects/logo' is visible

2023-06-07 13:54:44 - [MESSAGE][WARNING] - Timeout '0' is invalid. Using default page load timeout: '30'

2023-06-07 13:54:44 - [MESSAGE][PASSED] - Element 'Object Repository/Android Objects/logo' is visible

2023-06-07 13:54:44 - [TEST_STEP][PASSED] - getDriver().closeApp(): null

2023-06-07 13:54:45 - [TEST_STEP][PASSED] - getDriver().quit(): null

2023-06-07 13:54:46 - [MESSAGE][PASSED] - Call Test Case 'Test Cases/Sign In/2.01_Android' successfully

2023-06-07 13:54:46 - [MESSAGE][PASSED] - the user validates the following for Sign In Welcome Screen

2023-06-07 13:54:46 - [TEST_CASE][PASSED] - Start Test Case : SCENARIO 2.02 - To verify the details displayed on the "Sign In Registration" Screens: SCENARIO 2.02 - To verify the details displayed on the "Sign In Registration" Screens

2023-06-07 13:54:46 - [TEST_STEP][PASSED] - the user launches the OneCS Mobile app: the user launches the OneCS Mobile app

2023-06-07 13:54:46 - [TEST_CASE][PASSED] - Test Cases/Initiating Mobile App: Test Cases/Initiating Mobile App

2023-06-07 13:54:46 - [TEST_STEP][PASSED] - startApplication(bsApp, true): Started app at: 'bs://5fd9ba484e52c4fb6694bb1fe99a7e51fb074835'

2023-06-07 13:55:09 - [MESSAGE][PASSED] - Started app at: 'bs://5fd9ba484e52c4fb6694bb1fe99a7e51fb074835'

2023-06-07 13:55:09 - [MESSAGE][PASSED] - Call Test Case 'Test Cases/Initiating Mobile App' successfully

2023-06-07 13:55:09 - [MESSAGE][PASSED] - the user launches the OneCS Mobile app

2023-06-07 13:55:09 - [TEST_STEP][PASSED] - the user validates the following for Sign In Registration: the user validates the following for Sign In Registration

2023-06-07 13:55:09 - [TEST_CASE][PASSED] - Test Cases/Sign In/2.02_Android: Test Cases/Sign In/2.02_Android

2023-06-07 13:55:09 - [TEST_STEP][PASSED] - tap(findTestObject("Object Repository/Android Objects/Sign in Button"), 0): Tapped on element 'Object Repository/Android Objects/Sign in Button'

2023-06-07 13:55:09 - [MESSAGE][WARNING] - Timeout '0' is invalid. Using default page load timeout: '30'

2023-06-07 13:55:13 - [MESSAGE][PASSED] - Tapped on element 'Object Repository/Android Objects/Sign in Button'

2023-06-07 13:55:13 - [TEST_STEP][PASSED] - verifyElementText(findTestObject("Object Repository/Android Objects/android.widget.TextView - Sign in step 1 of 4"), "Sign in step 1 of 4"): Actual text and expected text of test object 'Object Repository/Android Objects/android.widget.TextView - Sign in step 1 of 4' are matched.

2023-06-07 13:55:15 - [MESSAGE][PASSED] - Actual text and expected text of test object 'Object Repository/Android Objects/android.widget.TextView - Sign in step 1 of 4' are matched.

2023-06-07 13:55:15 - [TEST_STEP][PASSED] - verifyElementExist(findTestObject("Object Repository/Android Objects/X_Button"), 0): Element 'Object Repository/Android Objects/X_Button' is exist

2023-06-07 13:55:15 - [MESSAGE][WARNING] - Timeout '0' is invalid. Using default page load timeout: '30'

2023-06-07 13:55:17 - [MESSAGE][PASSED] - Element 'Object Repository/Android Objects/X_Button' is exist

2023-06-07 13:55:17 - [TEST_STEP][PASSED] - verifyElementText(findTestObject("Object Repository/Android Objects/android.widget.TextView - Username  password"), "Username & password"): Actual text and expected text of test object 'Object Repository/Android Objects/android.widget.TextView - Username  password' are matched.

2023-06-07 13:55:19 - [MESSAGE][PASSED] - Actual text and expected text of test object 'Object Repository/Android Objects/android.widget.TextView - Username  password' are matched.

2023-06-07 13:55:19 - [TEST_STEP][PASSED] - verifyElementText(findTestObject("Object Repository/Android Objects/android.widget.TextView - Please enter your username and password associated with your Charles Stanley account"), "Please enter your username and password associated with your Charles Stanley account."): Actual text and expected text of test object 'Object Repository/Android Objects/android.widget.TextView - Please enter your username and password associated with your Charles Stanley account' are matched.

2023-06-07 13:55:21 - [MESSAGE][PASSED] - Actual text and expected text of test object 'Object Repository/Android Objects/android.widget.TextView - Please enter your username and password associated with your Charles Stanley account' are matched.

2023-06-07 13:55:21 - [TEST_STEP][PASSED] - verifyElementText(findTestObject("Object Repository/Android Objects/Usernamefiled"), ""): Actual text and expected text of test object 'Object Repository/Android Objects/Usernamefiled' are matched.

2023-06-07 13:55:24 - [MESSAGE][PASSED] - Actual text and expected text of test object 'Object Repository/Android Objects/Usernamefiled' are matched.

2023-06-07 13:55:24 - [TEST_STEP][PASSED] - verifyElementText(findTestObject("Object Repository/Android Objects/Passwordfiled"), ""): Actual text and expected text of test object 'Object Repository/Android Objects/Passwordfiled' are matched.

2023-06-07 13:55:27 - [MESSAGE][PASSED] - Actual text and expected text of test object 'Object Repository/Android Objects/Passwordfiled' are matched.

2023-06-07 13:55:27 - [TEST_STEP][PASSED] - verifyElementVisible(findTestObject("Object Repository/Android Objects/eyebuttoninsignin"), 0): Element 'Object Repository/Android Objects/eyebuttoninsignin' is visible

2023-06-07 13:55:27 - [MESSAGE][WARNING] - Timeout '0' is invalid. Using default page load timeout: '30'

2023-06-07 13:55:29 - [MESSAGE][PASSED] - Element 'Object Repository/Android Objects/eyebuttoninsignin' is visible

2023-06-07 13:55:29 - [TEST_STEP][PASSED] - verifyElementVisible(findTestObject("Object Repository/SignIn/android.widget.TextView - Ive forgotten my details"), 0): Element 'Object Repository/SignIn/android.widget.TextView - Ive forgotten my details' is visible

2023-06-07 13:55:29 - [MESSAGE][WARNING] - Timeout '0' is invalid. Using default page load timeout: '30'

2023-06-07 13:55:31 - [MESSAGE][PASSED] - Element 'Object Repository/SignIn/android.widget.TextView - Ive forgotten my details' is visible

2023-06-07 13:55:31 - [TEST_STEP][PASSED] - getDriver().closeApp(): null

2023-06-07 13:55:31 - [TEST_STEP][PASSED] - getDriver().quit(): null

2023-06-07 13:55:33 - [MESSAGE][PASSED] - Call Test Case 'Test Cases/Sign In/2.02_Android' successfully

2023-06-07 13:55:33 - [MESSAGE][PASSED] - the user validates the following for Sign In Registration

2023-06-07 13:55:33 - [TEST_CASE][PASSED] - Start Test Case : SCENARIO 2.04 - To verify the validation for the Progress bar present on the "Registration" and "2FA" Screen: SCENARIO 2.04 - To verify the validation for the Progress bar present on the "Registration" and "2FA" Screen

2023-06-07 13:55:33 - [TEST_STEP][PASSED] - the user launches the OneCS Mobile app: the user launches the OneCS Mobile app

2023-06-07 13:55:33 - [TEST_CASE][PASSED] - Test Cases/Initiating Mobile App: Test Cases/Initiating Mobile App

2023-06-07 13:55:33 - [TEST_STEP][PASSED] - startApplication(bsApp, true): Started app at: 'bs://5fd9ba484e52c4fb6694bb1fe99a7e51fb074835'

2023-06-07 13:55:58 - [MESSAGE][PASSED] - Started app at: 'bs://5fd9ba484e52c4fb6694bb1fe99a7e51fb074835'

2023-06-07 13:55:58 - [MESSAGE][PASSED] - Call Test Case 'Test Cases/Initiating Mobile App' successfully

2023-06-07 13:55:58 - [MESSAGE][PASSED] - the user launches the OneCS Mobile app

2023-06-07 13:55:58 - [TEST_STEP][PASSED] - the user validates the following for Progress bar: the user validates the following for Progress bar

2023-06-07 13:55:58 - [TEST_CASE][PASSED] - Test Cases/Sign In/2.04_Android: Test Cases/Sign In/2.04_Android

2023-06-07 13:55:58 - [TEST_STEP][PASSED] - tap(findTestObject("Object Repository/Android Objects/Sign in Button"), 0): Tapped on element 'Object Repository/Android Objects/Sign in Button'

2023-06-07 13:55:58 - [MESSAGE][WARNING] - Timeout '0' is invalid. Using default page load timeout: '30'

2023-06-07 13:56:00 - [MESSAGE][PASSED] - Tapped on element 'Object Repository/Android Objects/Sign in Button'

2023-06-07 13:56:00 - [TEST_STEP][PASSED] - setText(findTestObject("Object Repository/Android Objects/Usernamefiled"), "onecsapps", 0): Text 'onecsapps' has been set to element 'Object Repository/Android Objects/Usernamefiled'

2023-06-07 13:56:00 - [MESSAGE][WARNING] - Timeout '0' is invalid. Using default page load timeout: '30'

2023-06-07 13:56:03 - [MESSAGE][PASSED] - Text 'onecsapps' has been set to element 'Object Repository/Android Objects/Usernamefiled'

2023-06-07 13:56:03 - [TEST_STEP][PASSED] - setText(findTestObject("Object Repository/Android Objects/Passwordfiled"), "Cupholder1", 0): Text 'Cupholder1' has been set to element 'Object Repository/Android Objects/Passwordfiled'

2023-06-07 13:56:03 - [MESSAGE][WARNING] - Timeout '0' is invalid. Using default page load timeout: '30'

2023-06-07 13:56:06 - [MESSAGE][PASSED] - Text 'Cupholder1' has been set to element 'Object Repository/Android Objects/Passwordfiled'

2023-06-07 13:56:06 - [TEST_STEP][PASSED] - tap(findTestObject("Object Repository/Android Objects/Continue_Button"), 0): Tapped on element 'Object Repository/Android Objects/Continue_Button'

2023-06-07 13:56:06 - [MESSAGE][WARNING] - Timeout '0' is invalid. Using default page load timeout: '30'

2023-06-07 13:56:08 - [MESSAGE][PASSED] - Tapped on element 'Object Repository/Android Objects/Continue_Button'

2023-06-07 13:56:08 - [TEST_STEP][PASSED] - verifyElementText(findTestObject("Object Repository/SignIn/android.widget.TextView - Sign in step 2 of 4"), "Sign in step 2 of 4"): Actual text and expected text of test object 'Object Repository/SignIn/android.widget.TextView - Sign in step 2 of 4' are matched.

2023-06-07 13:56:13 - [MESSAGE][PASSED] - Actual text and expected text of test object 'Object Repository/SignIn/android.widget.TextView - Sign in step 2 of 4' are matched.

2023-06-07 13:56:13 - [TEST_STEP][PASSED] - pressBack(): Press back button successfully

2023-06-07 13:56:15 - [MESSAGE][PASSED] - Press back button successfully

2023-06-07 13:56:15 - [TEST_STEP][PASSED] - verifyElementText(findTestObject("Object Repository/Android Objects/Usernamefiled"), "onecsapps"): Actual text and expected text of test object 'Object Repository/Android Objects/Usernamefiled' are matched.

2023-06-07 13:56:17 - [MESSAGE][PASSED] - Actual text and expected text of test object 'Object Repository/Android Objects/Usernamefiled' are matched.

2023-06-07 13:56:17 - [TEST_STEP][PASSED] - verifyElementText(findTestObject("Object Repository/Android Objects/Passwordfiled"), "••••••••••"): Actual text and expected text of test object 'Object Repository/Android Objects/Passwordfiled' are matched.

2023-06-07 13:56:19 - [MESSAGE][PASSED] - Actual text and expected text of test object 'Object Repository/Android Objects/Passwordfiled' are matched.

2023-06-07 13:56:19 - [TEST_STEP][PASSED] - tap(findTestObject("Object Repository/Android Objects/Continue_Button"), 0): Tapped on element 'Object Repository/Android Objects/Continue_Button'

2023-06-07 13:56:19 - [MESSAGE][WARNING] - Timeout '0' is invalid. Using default page load timeout: '30'

2023-06-07 13:56:22 - [MESSAGE][PASSED] - Tapped on element 'Object Repository/Android Objects/Continue_Button'

2023-06-07 13:56:22 - [TEST_STEP][PASSED] - verifyElementText(findTestObject("Object Repository/SignIn/android.widget.TextView - Verify your account"), "Verify your account"): Actual text and expected text of test object 'Object Repository/SignIn/android.widget.TextView - Verify your account' are matched.

2023-06-07 13:56:26 - [MESSAGE][PASSED] - Actual text and expected text of test object 'Object Repository/SignIn/android.widget.TextView - Verify your account' are matched.

2023-06-07 13:56:26 - [TEST_STEP][PASSED] - getDriver().closeApp(): null

2023-06-07 13:56:26 - [TEST_STEP][PASSED] - getDriver().quit(): null

2023-06-07 13:56:27 - [MESSAGE][PASSED] - Call Test Case 'Test Cases/Sign In/2.04_Android' successfully

2023-06-07 13:56:27 - [MESSAGE][PASSED] - the user validates the following for Progress bar

2023-06-07 13:56:27 - [MESSAGE][PASSED] - Feature file: 'Include/features/Android_Registration.feature' was passed]]></system-out>
         <system-err><![CDATA[]]></system-err>
      </testcase>
      <system-out><![CDATA[2023-06-07 13:52:58 - [TEST_SUITE][PASSED] - OneCS App Android: Test Cases/Modules/SignIn Module]]></system-out>
      <system-err><![CDATA[]]></system-err>
   </testsuite>
</testsuites>
