<?xml version="1.0" encoding="UTF-8"?>
<testsuites name="Visual Testing Suite" time="78.922" tests="1" failures="0" errors="0">
   <testsuite name="Visual Testing Suite" tests="1" failures="0" errors="0" time="78.922" skipped="0" timestamp="2023-06-12 18:24:59" hostname="akile - AkILeShKiNgS.mshome.net" id="Test Suites/Visual Testing Suite">
      <properties>
         <property name="deviceName"/>
         <property name="devicePlatform" value=""/>
         <property name="logFolder" value="C:\\Users\\akile\\git\\KatalonMobileWeb\\Reports\\20230612_182449\\Visual Testing Suite\\20230612_182450"/>
         <property name="logFiles" value="C:\\Users\\akile\\git\\KatalonMobileWeb\\Reports\\20230612_182449\\Visual Testing Suite\\20230612_182450\\execution0.log"/>
         <property name="attachments" value="keyes\keyes-logoScreen.png, keyes\keyes-SignIn.png, keyes\keyes-UsernmaePassword.png, keyes\keyes-2FA.png"/>
         <property name="hostName" value="akile - AkILeShKiNgS.mshome.net"/>
         <property name="remoteDriverUrl" value="http://hub.browserstack.com/wd/hub"/>
         <property name="desiredCapabilities" value="{
  &quot;app&quot;: &quot;bs://42357bf6cdd0b22ec96727a4dd91b055497b9807&quot;,
  &quot;build&quot;: &quot;OneCS QA&quot;,
  &quot;browserstack.key&quot;: &quot;XL3oy1yprCJD24apFpHu&quot;,
  &quot;os_version&quot;: &quot;12.0&quot;,
  &quot;project&quot;: &quot;OneCS Mobile&quot;,
  &quot;browserstack.user&quot;: &quot;akileshs_Jit0Ln&quot;,
  &quot;device&quot;: &quot;Samsung Galaxy S21&quot;,
  &quot;browserstack.idleTimeout&quot;: &quot;120&quot;
}"/>
         <property name="os" value="Windows 10 64bit"/>
         <property name="appiumServerStatus" value="{&quot;status&quot;:0,&quot;sessionId&quot;:null,&quot;value&quot;:{&quot;build&quot;:{&quot;time&quot;:&quot;2015-02-26 23:59:50&quot;,&quot;version&quot;:&quot;2.45.0&quot;,&quot;revision&quot;:&quot;5017cb8&quot;}},&quot;state&quot;:&quot;success&quot;}"/>
         <property name="katalonVersion" value="8.6.5.208"/>
         <property name="appiumVersion" value="2.45.0"/>
         <property name="hostAddress" value="172.26.0.1"/>
      </properties>
      <testcase name="Test Cases/Ui Testing/UI Testing Mobile Android" time="78.691" classname="Test Cases/Ui Testing/UI Testing Mobile Android" status="PASSED">
         <system-out><![CDATA[2023-06-12 18:24:59 - [TEST_CASE][PASSED] - Test Cases/Ui Testing/UI Testing Mobile Android: Test Cases/Ui Testing/UI Testing Mobile Android

2023-06-12 18:24:59 - [TEST_STEP][PASSED] - startApplication(bsApp, true): Started app at: 'bs://42357bf6cdd0b22ec96727a4dd91b055497b9807'

2023-06-12 18:25:29 - [MESSAGE][PASSED] - Started app at: 'bs://42357bf6cdd0b22ec96727a4dd91b055497b9807'

2023-06-12 18:25:29 - [TEST_STEP][PASSED] - takeScreenshotAsCheckpoint("logoScreen"): Screenshot is taken

2023-06-12 18:25:37 - [MESSAGE][INFO] - 0 hidden object(s)

2023-06-12 18:25:37 - [MESSAGE][PASSED] - Screenshot is taken
[[ATTACHMENT|keyes\keyes-logoScreen.png]]

2023-06-12 18:25:38 - [TEST_STEP][PASSED] - tap(findTestObject("Object Repository/Ui Testing/android.widget.TextView - Sign in"), 0): Tapped on element 'Object Repository/Ui Testing/android.widget.TextView - Sign in'

2023-06-12 18:25:38 - [MESSAGE][WARNING] - Timeout '0' is invalid. Using default page load timeout: '30'

2023-06-12 18:25:42 - [MESSAGE][PASSED] - Tapped on element 'Object Repository/Ui Testing/android.widget.TextView - Sign in'

2023-06-12 18:25:42 - [TEST_STEP][PASSED] - waitForElementPresent(findTestObject("Object Repository/Ui Testing/android.widget.EditText"), 0): Element 'Object Repository/Ui Testing/android.widget.EditText' is present

2023-06-12 18:25:42 - [MESSAGE][WARNING] - Timeout '0' is invalid. Using default page load timeout: '30'

2023-06-12 18:25:46 - [MESSAGE][PASSED] - Element 'Object Repository/Ui Testing/android.widget.EditText' is present

2023-06-12 18:25:46 - [TEST_STEP][PASSED] - takeScreenshotAsCheckpoint("SignIn"): Screenshot is taken

2023-06-12 18:25:50 - [MESSAGE][INFO] - 0 hidden object(s)

2023-06-12 18:25:50 - [MESSAGE][PASSED] - Screenshot is taken
[[ATTACHMENT|keyes\keyes-SignIn.png]]

2023-06-12 18:25:50 - [TEST_STEP][PASSED] - setText(findTestObject("Object Repository/Ui Testing/android.widget.EditText"), "bob", 0): Text 'bob' has been set to element 'Object Repository/Ui Testing/android.widget.EditText'

2023-06-12 18:25:51 - [MESSAGE][WARNING] - Timeout '0' is invalid. Using default page load timeout: '30'

2023-06-12 18:25:55 - [MESSAGE][PASSED] - Text 'bob' has been set to element 'Object Repository/Ui Testing/android.widget.EditText'

2023-06-12 18:25:55 - [TEST_STEP][PASSED] - setText(findTestObject("Object Repository/Ui Testing/android.widget.EditText (1)"), "Pass123$", 0): Text 'Pass123$' has been set to element 'Object Repository/Ui Testing/android.widget.EditText (1)'

2023-06-12 18:25:55 - [MESSAGE][WARNING] - Timeout '0' is invalid. Using default page load timeout: '30'

2023-06-12 18:25:58 - [MESSAGE][PASSED] - Text 'Pass123$' has been set to element 'Object Repository/Ui Testing/android.widget.EditText (1)'

2023-06-12 18:25:58 - [TEST_STEP][PASSED] - takeScreenshotAsCheckpoint("UsernmaePassword"): Screenshot is taken

2023-06-12 18:26:03 - [MESSAGE][INFO] - 0 hidden object(s)

2023-06-12 18:26:03 - [MESSAGE][PASSED] - Screenshot is taken
[[ATTACHMENT|keyes\keyes-UsernmaePassword.png]]

2023-06-12 18:26:03 - [TEST_STEP][PASSED] - tap(findTestObject("Object Repository/Ui Testing/android.widget.TextView - Continue"), 0): Tapped on element 'Object Repository/Ui Testing/android.widget.TextView - Continue'

2023-06-12 18:26:03 - [MESSAGE][WARNING] - Timeout '0' is invalid. Using default page load timeout: '30'

2023-06-12 18:26:07 - [MESSAGE][PASSED] - Tapped on element 'Object Repository/Ui Testing/android.widget.TextView - Continue'

2023-06-12 18:26:07 - [TEST_STEP][PASSED] - waitForElementPresent(findTestObject("Object Repository/Ui Testing/android.widget.TextView - Verify your account"), 0): Element 'Object Repository/Ui Testing/android.widget.TextView - Verify your account' is present

2023-06-12 18:26:07 - [MESSAGE][WARNING] - Timeout '0' is invalid. Using default page load timeout: '30'

2023-06-12 18:26:11 - [MESSAGE][PASSED] - Element 'Object Repository/Ui Testing/android.widget.TextView - Verify your account' is present

2023-06-12 18:26:11 - [TEST_STEP][PASSED] - takeScreenshotAsCheckpoint("2FA"): Screenshot is taken

2023-06-12 18:26:15 - [MESSAGE][INFO] - 0 hidden object(s)

2023-06-12 18:26:16 - [MESSAGE][PASSED] - Screenshot is taken
[[ATTACHMENT|keyes\keyes-2FA.png]]

2023-06-12 18:26:16 - [TEST_STEP][PASSED] - getDriver().closeApp(): null

2023-06-12 18:26:17 - [TEST_STEP][PASSED] - getDriver().quit(): null

2023-06-12 18:26:18 - [TEST_STEP][PASSED] - Start listener action : sampleAfterTestCase: null]]></system-out>
         <system-err><![CDATA[]]></system-err>
      </testcase>
      <system-out><![CDATA[2023-06-12 18:24:59 - [TEST_SUITE][PASSED] - Visual Testing Suite: Test Cases/Ui Testing/UI Testing Mobile Android]]></system-out>
      <system-err><![CDATA[]]></system-err>
   </testsuite>
</testsuites>
