<?xml version="1.0" encoding="UTF-8"?>
<testsuites name="DataDriven" time="51.259" tests="6" failures="0" errors="0">
   <testsuite name="DataDriven" tests="6" failures="0" errors="0" time="51.259" skipped="0" timestamp="2023-06-06 11:12:49" hostname="akile - 10.146.4.42" id="Test Suites/DataDriven">
      <properties>
         <property name="deviceName" value=""/>
         <property name="devicePlatform" value=""/>
         <property name="logFolder" value="C:\\Users\\akile\\git\\KatalonMobileWeb\\Reports\\20230606_111239\\DataDriven\\20230606_111240"/>
         <property name="logFiles" value="C:\\Users\\akile\\git\\KatalonMobileWeb\\Reports\\20230606_111239\\DataDriven\\20230606_111240\\execution0.log"/>
         <property name="attachments" value=""/>
         <property name="hostName" value="akile - 10.146.4.42"/>
         <property name="os" value="Windows 10 64bit"/>
         <property name="katalonVersion" value="8.6.0.208"/>
         <property name="browser" value="Chrome 114.0.0.0"/>
         <property name="hostAddress" value="10.146.4.42"/>
         <property name="sessionId" value="bc5d3d318a79d923c3c76f1336fef25a"/>
         <property name="seleniumVersion" value="3.141.59"/>
         <property name="proxyInformation" value="ProxyInformation { proxyOption=NO_PROXY, proxyServerType=HTTP, username=, password=********, proxyServerAddress=, proxyServerPort=0, executionList=&quot;&quot;, isApplyToDesiredCapabilities=true }"/>
         <property name="platform" value="Windows 10"/>
      </properties>
      <testcase name="Test Cases/Secure Portal DD" time="9.679" classname="Test Cases/Secure Portal DD" status="PASSED">
         <system-out><![CDATA[2023-06-06 11:12:49 - [TEST_CASE][PASSED] - Test Cases/Secure Portal DD: Test Cases/Secure Portal DD

2023-06-06 11:12:50 - [TEST_STEP][PASSED] - openBrowser(""): Browser is opened with url: ''

2023-06-06 11:12:50 - [MESSAGE][INFO] - Starting 'Chrome' driver

2023-06-06 11:12:50 - [MESSAGE][INFO] - Action delay is set to 0 milliseconds

2023-06-06 11:12:52 - [MESSAGE][WARNING] - FFmpeg was not installed! Browser Recording will be disabled. Please follow this document to install FFmpeg first: https://docs.katalon.com/katalon-studio/docs/screenshots-videos.html#browser-based-recorder

2023-06-06 11:12:52 - [MESSAGE][PASSED] - Browser is opened with url: ''

2023-06-06 11:12:52 - [TEST_STEP][PASSED] - navigateToUrl(SecurePortal): Navigate to 'http://secure-sit.charles-stanley.co.uk/' successfully

2023-06-06 11:12:55 - [MESSAGE][PASSED] - Navigate to 'http://secure-sit.charles-stanley.co.uk/' successfully

2023-06-06 11:12:55 - [TEST_STEP][PASSED] - setText(findTestObject("Object Repository/Secure Portal DD/Page_Portal/input_Username_username"), Username): Text 'bob' is set on object 'Object Repository/Secure Portal DD/Page_Portal/input_Username_username'

2023-06-06 11:12:56 - [MESSAGE][PASSED] - Text 'bob' is set on object 'Object Repository/Secure Portal DD/Page_Portal/input_Username_username'

2023-06-06 11:12:56 - [TEST_STEP][PASSED] - setText(findTestObject("Object Repository/Secure Portal DD/Page_Portal/input_Password_password"), Password): Text 'Pass123$' is set on object 'Object Repository/Secure Portal DD/Page_Portal/input_Password_password'

2023-06-06 11:12:56 - [MESSAGE][PASSED] - Text 'Pass123$' is set on object 'Object Repository/Secure Portal DD/Page_Portal/input_Password_password'

2023-06-06 11:12:56 - [TEST_STEP][PASSED] - click(findTestObject("Object Repository/Secure Portal DD/Page_Portal/button_Continue")): Object: 'Object Repository/Secure Portal DD/Page_Portal/button_Continue' is clicked on

2023-06-06 11:12:57 - [MESSAGE][PASSED] - Object: 'Object Repository/Secure Portal DD/Page_Portal/button_Continue' is clicked on

2023-06-06 11:12:57 - [TEST_STEP][PASSED] - verifyElementVisible(findTestObject("Object Repository/Secure Portal DD/Page_Portal/h2_Enter the verification code we have sent_0a5385")): Object 'Object Repository/Secure Portal DD/Page_Portal/h2_Enter the verification code we have sent_0a5385' is visible

2023-06-06 11:12:59 - [MESSAGE][PASSED] - Object 'Object Repository/Secure Portal DD/Page_Portal/h2_Enter the verification code we have sent_0a5385' is visible]]></system-out>
         <system-err><![CDATA[]]></system-err>
      </testcase>
      <testcase name="Test Cases/Secure Portal DD" time="8.283" classname="Test Cases/Secure Portal DD" status="PASSED">
         <system-out><![CDATA[2023-06-06 11:12:59 - [TEST_CASE][PASSED] - Test Cases/Secure Portal DD: Test Cases/Secure Portal DD

2023-06-06 11:12:59 - [TEST_STEP][PASSED] - openBrowser(""): Browser is opened with url: ''

2023-06-06 11:12:59 - [MESSAGE][WARNING] - A browser is already opened. Closing browser and opening a new one

2023-06-06 11:13:00 - [MESSAGE][INFO] - Starting 'Chrome' driver

2023-06-06 11:13:00 - [MESSAGE][INFO] - Action delay is set to 0 milliseconds

2023-06-06 11:13:01 - [MESSAGE][WARNING] - FFmpeg was not installed! Browser Recording will be disabled. Please follow this document to install FFmpeg first: https://docs.katalon.com/katalon-studio/docs/screenshots-videos.html#browser-based-recorder

2023-06-06 11:13:01 - [MESSAGE][PASSED] - Browser is opened with url: ''

2023-06-06 11:13:01 - [TEST_STEP][PASSED] - navigateToUrl(SecurePortal): Navigate to 'http://secure-sit.charles-stanley.co.uk/' successfully

2023-06-06 11:13:04 - [MESSAGE][PASSED] - Navigate to 'http://secure-sit.charles-stanley.co.uk/' successfully

2023-06-06 11:13:04 - [TEST_STEP][PASSED] - setText(findTestObject("Object Repository/Secure Portal DD/Page_Portal/input_Username_username"), Username): Text 'execution' is set on object 'Object Repository/Secure Portal DD/Page_Portal/input_Username_username'

2023-06-06 11:13:04 - [MESSAGE][PASSED] - Text 'execution' is set on object 'Object Repository/Secure Portal DD/Page_Portal/input_Username_username'

2023-06-06 11:13:04 - [TEST_STEP][PASSED] - setText(findTestObject("Object Repository/Secure Portal DD/Page_Portal/input_Password_password"), Password): Text 'Cupholder1' is set on object 'Object Repository/Secure Portal DD/Page_Portal/input_Password_password'

2023-06-06 11:13:05 - [MESSAGE][PASSED] - Text 'Cupholder1' is set on object 'Object Repository/Secure Portal DD/Page_Portal/input_Password_password'

2023-06-06 11:13:05 - [TEST_STEP][PASSED] - click(findTestObject("Object Repository/Secure Portal DD/Page_Portal/button_Continue")): Object: 'Object Repository/Secure Portal DD/Page_Portal/button_Continue' is clicked on

2023-06-06 11:13:05 - [MESSAGE][PASSED] - Object: 'Object Repository/Secure Portal DD/Page_Portal/button_Continue' is clicked on

2023-06-06 11:13:05 - [TEST_STEP][PASSED] - verifyElementVisible(findTestObject("Object Repository/Secure Portal DD/Page_Portal/h2_Enter the verification code we have sent_0a5385")): Object 'Object Repository/Secure Portal DD/Page_Portal/h2_Enter the verification code we have sent_0a5385' is visible

2023-06-06 11:13:07 - [MESSAGE][PASSED] - Object 'Object Repository/Secure Portal DD/Page_Portal/h2_Enter the verification code we have sent_0a5385' is visible]]></system-out>
         <system-err><![CDATA[]]></system-err>
      </testcase>
      <testcase name="Test Cases/Secure Portal DD" time="8.118" classname="Test Cases/Secure Portal DD" status="PASSED">
         <system-out><![CDATA[2023-06-06 11:13:07 - [TEST_CASE][PASSED] - Test Cases/Secure Portal DD: Test Cases/Secure Portal DD

2023-06-06 11:13:07 - [TEST_STEP][PASSED] - openBrowser(""): Browser is opened with url: ''

2023-06-06 11:13:07 - [MESSAGE][WARNING] - A browser is already opened. Closing browser and opening a new one

2023-06-06 11:13:08 - [MESSAGE][INFO] - Starting 'Chrome' driver

2023-06-06 11:13:08 - [MESSAGE][INFO] - Action delay is set to 0 milliseconds

2023-06-06 11:13:09 - [MESSAGE][WARNING] - FFmpeg was not installed! Browser Recording will be disabled. Please follow this document to install FFmpeg first: https://docs.katalon.com/katalon-studio/docs/screenshots-videos.html#browser-based-recorder

2023-06-06 11:13:09 - [MESSAGE][PASSED] - Browser is opened with url: ''

2023-06-06 11:13:09 - [TEST_STEP][PASSED] - navigateToUrl(SecurePortal): Navigate to 'http://secure-sit.charles-stanley.co.uk/' successfully

2023-06-06 11:13:12 - [MESSAGE][PASSED] - Navigate to 'http://secure-sit.charles-stanley.co.uk/' successfully

2023-06-06 11:13:12 - [TEST_STEP][PASSED] - setText(findTestObject("Object Repository/Secure Portal DD/Page_Portal/input_Username_username"), Username): Text 'Username' is set on object 'Object Repository/Secure Portal DD/Page_Portal/input_Username_username'

2023-06-06 11:13:13 - [MESSAGE][PASSED] - Text 'Username' is set on object 'Object Repository/Secure Portal DD/Page_Portal/input_Username_username'

2023-06-06 11:13:13 - [TEST_STEP][PASSED] - setText(findTestObject("Object Repository/Secure Portal DD/Page_Portal/input_Password_password"), Password): Text 'Password' is set on object 'Object Repository/Secure Portal DD/Page_Portal/input_Password_password'

2023-06-06 11:13:13 - [MESSAGE][PASSED] - Text 'Password' is set on object 'Object Repository/Secure Portal DD/Page_Portal/input_Password_password'

2023-06-06 11:13:13 - [TEST_STEP][PASSED] - click(findTestObject("Object Repository/Secure Portal DD/Page_Portal/button_Continue")): Object: 'Object Repository/Secure Portal DD/Page_Portal/button_Continue' is clicked on

2023-06-06 11:13:14 - [MESSAGE][PASSED] - Object: 'Object Repository/Secure Portal DD/Page_Portal/button_Continue' is clicked on

2023-06-06 11:13:14 - [TEST_STEP][PASSED] - verifyElementVisible(findTestObject("Object Repository/Secure Portal DD/Page_Portal/h2_Enter the verification code we have sent_0a5385")): Object 'Object Repository/Secure Portal DD/Page_Portal/h2_Enter the verification code we have sent_0a5385' is visible

2023-06-06 11:13:15 - [MESSAGE][INFO] - Unable to find the element located by 'By.xpath: (.//*[normalize-space(text()) and normalize-space(.)='Update my number'])[1]/preceding::h2[1]'. Please recheck the objects properties to make sure the desired element is located. 

2023-06-06 11:13:15 - [MESSAGE][WARNING] - [SELF-HEALING] Failed to find element with id 'Object Repository/Secure Portal DD/Page_Portal/h2_Enter the verification code we have sent_0a5385'. Try using Self-healing.

2023-06-06 11:13:16 - [MESSAGE][WARNING] - [SELF-HEALING] The current locator of test object 'Object Repository/Secure Portal DD/Page_Portal/h2_Enter the verification code we have sent_0a5385' was broken. Propose an alternative one: '//h2'.

2023-06-06 11:13:16 - [MESSAGE][PASSED] - Object 'Object Repository/Secure Portal DD/Page_Portal/h2_Enter the verification code we have sent_0a5385' is visible]]></system-out>
         <system-err><![CDATA[]]></system-err>
      </testcase>
      <testcase name="Test Cases/Secure Portal DD" time="8.937" classname="Test Cases/Secure Portal DD" status="PASSED">
         <system-out><![CDATA[2023-06-06 11:13:16 - [TEST_CASE][PASSED] - Test Cases/Secure Portal DD: Test Cases/Secure Portal DD

2023-06-06 11:13:16 - [TEST_STEP][PASSED] - openBrowser(""): Browser is opened with url: ''

2023-06-06 11:13:16 - [MESSAGE][WARNING] - A browser is already opened. Closing browser and opening a new one

2023-06-06 11:13:16 - [MESSAGE][INFO] - Starting 'Chrome' driver

2023-06-06 11:13:16 - [MESSAGE][INFO] - Action delay is set to 0 milliseconds

2023-06-06 11:13:17 - [MESSAGE][WARNING] - FFmpeg was not installed! Browser Recording will be disabled. Please follow this document to install FFmpeg first: https://docs.katalon.com/katalon-studio/docs/screenshots-videos.html#browser-based-recorder

2023-06-06 11:13:17 - [MESSAGE][PASSED] - Browser is opened with url: ''

2023-06-06 11:13:17 - [TEST_STEP][PASSED] - navigateToUrl(SecurePortal): Navigate to 'http://secure-sit.charles-stanley.co.uk/' successfully

2023-06-06 11:13:21 - [MESSAGE][PASSED] - Navigate to 'http://secure-sit.charles-stanley.co.uk/' successfully

2023-06-06 11:13:21 - [TEST_STEP][PASSED] - setText(findTestObject("Object Repository/Secure Portal DD/Page_Portal/input_Username_username"), Username): Text 'bob' is set on object 'Object Repository/Secure Portal DD/Page_Portal/input_Username_username'

2023-06-06 11:13:21 - [MESSAGE][PASSED] - Text 'bob' is set on object 'Object Repository/Secure Portal DD/Page_Portal/input_Username_username'

2023-06-06 11:13:21 - [TEST_STEP][PASSED] - setText(findTestObject("Object Repository/Secure Portal DD/Page_Portal/input_Password_password"), Password): Text 'Pass123$' is set on object 'Object Repository/Secure Portal DD/Page_Portal/input_Password_password'

2023-06-06 11:13:22 - [MESSAGE][PASSED] - Text 'Pass123$' is set on object 'Object Repository/Secure Portal DD/Page_Portal/input_Password_password'

2023-06-06 11:13:22 - [TEST_STEP][PASSED] - click(findTestObject("Object Repository/Secure Portal DD/Page_Portal/button_Continue")): Object: 'Object Repository/Secure Portal DD/Page_Portal/button_Continue' is clicked on

2023-06-06 11:13:23 - [MESSAGE][PASSED] - Object: 'Object Repository/Secure Portal DD/Page_Portal/button_Continue' is clicked on

2023-06-06 11:13:23 - [TEST_STEP][PASSED] - verifyElementVisible(findTestObject("Object Repository/Secure Portal DD/Page_Portal/h2_Enter the verification code we have sent_0a5385")): Object 'Object Repository/Secure Portal DD/Page_Portal/h2_Enter the verification code we have sent_0a5385' is visible

2023-06-06 11:13:24 - [MESSAGE][PASSED] - Object 'Object Repository/Secure Portal DD/Page_Portal/h2_Enter the verification code we have sent_0a5385' is visible]]></system-out>
         <system-err><![CDATA[]]></system-err>
      </testcase>
      <testcase name="Test Cases/Secure Portal DD" time="7.982" classname="Test Cases/Secure Portal DD" status="PASSED">
         <system-out><![CDATA[2023-06-06 11:13:25 - [TEST_CASE][PASSED] - Test Cases/Secure Portal DD: Test Cases/Secure Portal DD

2023-06-06 11:13:25 - [TEST_STEP][PASSED] - openBrowser(""): Browser is opened with url: ''

2023-06-06 11:13:25 - [MESSAGE][WARNING] - A browser is already opened. Closing browser and opening a new one

2023-06-06 11:13:25 - [MESSAGE][INFO] - Starting 'Chrome' driver

2023-06-06 11:13:25 - [MESSAGE][INFO] - Action delay is set to 0 milliseconds

2023-06-06 11:13:26 - [MESSAGE][WARNING] - FFmpeg was not installed! Browser Recording will be disabled. Please follow this document to install FFmpeg first: https://docs.katalon.com/katalon-studio/docs/screenshots-videos.html#browser-based-recorder

2023-06-06 11:13:26 - [MESSAGE][PASSED] - Browser is opened with url: ''

2023-06-06 11:13:26 - [TEST_STEP][PASSED] - navigateToUrl(SecurePortal): Navigate to 'http://secure-sit.charles-stanley.co.uk/' successfully

2023-06-06 11:13:29 - [MESSAGE][PASSED] - Navigate to 'http://secure-sit.charles-stanley.co.uk/' successfully

2023-06-06 11:13:29 - [TEST_STEP][PASSED] - setText(findTestObject("Object Repository/Secure Portal DD/Page_Portal/input_Username_username"), Username): Text 'execution' is set on object 'Object Repository/Secure Portal DD/Page_Portal/input_Username_username'

2023-06-06 11:13:29 - [MESSAGE][PASSED] - Text 'execution' is set on object 'Object Repository/Secure Portal DD/Page_Portal/input_Username_username'

2023-06-06 11:13:29 - [TEST_STEP][PASSED] - setText(findTestObject("Object Repository/Secure Portal DD/Page_Portal/input_Password_password"), Password): Text 'Cupholder1' is set on object 'Object Repository/Secure Portal DD/Page_Portal/input_Password_password'

2023-06-06 11:13:30 - [MESSAGE][PASSED] - Text 'Cupholder1' is set on object 'Object Repository/Secure Portal DD/Page_Portal/input_Password_password'

2023-06-06 11:13:30 - [TEST_STEP][PASSED] - click(findTestObject("Object Repository/Secure Portal DD/Page_Portal/button_Continue")): Object: 'Object Repository/Secure Portal DD/Page_Portal/button_Continue' is clicked on

2023-06-06 11:13:31 - [MESSAGE][PASSED] - Object: 'Object Repository/Secure Portal DD/Page_Portal/button_Continue' is clicked on

2023-06-06 11:13:31 - [TEST_STEP][PASSED] - verifyElementVisible(findTestObject("Object Repository/Secure Portal DD/Page_Portal/h2_Enter the verification code we have sent_0a5385")): Object 'Object Repository/Secure Portal DD/Page_Portal/h2_Enter the verification code we have sent_0a5385' is visible

2023-06-06 11:13:32 - [MESSAGE][PASSED] - Object 'Object Repository/Secure Portal DD/Page_Portal/h2_Enter the verification code we have sent_0a5385' is visible]]></system-out>
         <system-err><![CDATA[]]></system-err>
      </testcase>
      <testcase name="Test Cases/Secure Portal DD" time="7.896" classname="Test Cases/Secure Portal DD" status="PASSED">
         <system-out><![CDATA[2023-06-06 11:13:33 - [TEST_CASE][PASSED] - Test Cases/Secure Portal DD: Test Cases/Secure Portal DD

2023-06-06 11:13:33 - [TEST_STEP][PASSED] - openBrowser(""): Browser is opened with url: ''

2023-06-06 11:13:33 - [MESSAGE][WARNING] - A browser is already opened. Closing browser and opening a new one

2023-06-06 11:13:33 - [MESSAGE][INFO] - Starting 'Chrome' driver

2023-06-06 11:13:33 - [MESSAGE][INFO] - Action delay is set to 0 milliseconds

2023-06-06 11:13:34 - [MESSAGE][WARNING] - FFmpeg was not installed! Browser Recording will be disabled. Please follow this document to install FFmpeg first: https://docs.katalon.com/katalon-studio/docs/screenshots-videos.html#browser-based-recorder

2023-06-06 11:13:34 - [MESSAGE][PASSED] - Browser is opened with url: ''

2023-06-06 11:13:34 - [TEST_STEP][PASSED] - navigateToUrl(SecurePortal): Navigate to 'http://secure-sit.charles-stanley.co.uk/' successfully

2023-06-06 11:13:37 - [MESSAGE][PASSED] - Navigate to 'http://secure-sit.charles-stanley.co.uk/' successfully

2023-06-06 11:13:37 - [TEST_STEP][PASSED] - setText(findTestObject("Object Repository/Secure Portal DD/Page_Portal/input_Username_username"), Username): Text 'Username' is set on object 'Object Repository/Secure Portal DD/Page_Portal/input_Username_username'

2023-06-06 11:13:37 - [MESSAGE][PASSED] - Text 'Username' is set on object 'Object Repository/Secure Portal DD/Page_Portal/input_Username_username'

2023-06-06 11:13:37 - [TEST_STEP][PASSED] - setText(findTestObject("Object Repository/Secure Portal DD/Page_Portal/input_Password_password"), Password): Text 'Password' is set on object 'Object Repository/Secure Portal DD/Page_Portal/input_Password_password'

2023-06-06 11:13:38 - [MESSAGE][PASSED] - Text 'Password' is set on object 'Object Repository/Secure Portal DD/Page_Portal/input_Password_password'

2023-06-06 11:13:38 - [TEST_STEP][PASSED] - click(findTestObject("Object Repository/Secure Portal DD/Page_Portal/button_Continue")): Object: 'Object Repository/Secure Portal DD/Page_Portal/button_Continue' is clicked on

2023-06-06 11:13:39 - [MESSAGE][PASSED] - Object: 'Object Repository/Secure Portal DD/Page_Portal/button_Continue' is clicked on

2023-06-06 11:13:39 - [TEST_STEP][PASSED] - verifyElementVisible(findTestObject("Object Repository/Secure Portal DD/Page_Portal/h2_Enter the verification code we have sent_0a5385")): Object 'Object Repository/Secure Portal DD/Page_Portal/h2_Enter the verification code we have sent_0a5385' is visible

2023-06-06 11:13:40 - [MESSAGE][INFO] - Unable to find the element located by 'By.xpath: (.//*[normalize-space(text()) and normalize-space(.)='Update my number'])[1]/preceding::h2[1]'. Please recheck the objects properties to make sure the desired element is located. 

2023-06-06 11:13:40 - [MESSAGE][WARNING] - [SELF-HEALING] Failed to find element with id 'Object Repository/Secure Portal DD/Page_Portal/h2_Enter the verification code we have sent_0a5385'. Try using Self-healing.

2023-06-06 11:13:40 - [MESSAGE][WARNING] - [SELF-HEALING] The current locator of test object 'Object Repository/Secure Portal DD/Page_Portal/h2_Enter the verification code we have sent_0a5385' was broken. Propose an alternative one: '//h2'.

2023-06-06 11:13:40 - [MESSAGE][PASSED] - Object 'Object Repository/Secure Portal DD/Page_Portal/h2_Enter the verification code we have sent_0a5385' is visible]]></system-out>
         <system-err><![CDATA[]]></system-err>
      </testcase>
      <system-out><![CDATA[2023-06-06 11:12:49 - [TEST_SUITE][PASSED] - DataDriven: Test Cases/Secure Portal DD]]></system-out>
      <system-err><![CDATA[]]></system-err>
   </testsuite>
</testsuites>
