<?xml version="1.0" encoding="UTF-8"?>
<testsuites name="Parallel Testing Demo" time="22.903" tests="2" failures="0" errors="0">
   <testsuite name="Parallel Testing Demo" tests="2" failures="0" errors="0" time="22.903" skipped="0" timestamp="2023-07-19 15:12:47" hostname="10679768 - LTILMAA21203680.lntinfotech.com" id="Test Suites/Parallel Testing Demo">
      <properties>
         <property name="deviceName" value=""/>
         <property name="devicePlatform" value=""/>
         <property name="logFolder" value="C:\\Users\\10679768\\git\\KatalonPOC\\Reports\\20230719_151237\\Parallel Testing Demo\\20230719_151238"/>
         <property name="logFiles" value="C:\\Users\\10679768\\git\\KatalonPOC\\Reports\\20230719_151237\\Parallel Testing Demo\\20230719_151238\\execution0.log"/>
         <property name="attachments" value=""/>
         <property name="hostName" value="10679768 - LTILMAA21203680.lntinfotech.com"/>
         <property name="os" value="Windows 11 64bit"/>
         <property name="katalonVersion" value="8.6.5.208"/>
         <property name="browser" value="Edge Chromium 114"/>
         <property name="hostAddress" value="10.207.112.69"/>
         <property name="sessionId" value="6ce8e19d3eed5df596dc86200043ae60"/>
         <property name="seleniumVersion" value="3.141.59"/>
         <property name="proxyInformation" value="ProxyInformation { proxyOption=NO_PROXY, proxyServerType=HTTP, username=, password=********, proxyServerAddress=, proxyServerPort=0, executionList=&quot;&quot;, isApplyToDesiredCapabilities=true }"/>
         <property name="platform" value="Windows 11"/>
      </properties>
      <testcase name="Test Cases/TC1" time="12.347" classname="Test Cases/TC1" status="PASSED">
         <system-out><![CDATA[2023-07-19 15:12:47 - [TEST_CASE][PASSED] - Test Cases/TC1: Test Cases/TC1

2023-07-19 15:12:48 - [TEST_STEP][PASSED] - openBrowser(""): Browser is opened with url: ''

2023-07-19 15:12:48 - [MESSAGE][INFO] - Starting 'Edge Chromium' driver

2023-07-19 15:12:49 - [MESSAGE][INFO] - Action delay is set to 0 milliseconds

2023-07-19 15:12:52 - [MESSAGE][WARNING] - FFmpeg was not installed! Browser Recording will be disabled. Please follow this document to install FFmpeg first: https://docs.katalon.com/katalon-studio/docs/screenshots-videos.html#browser-based-recorder

2023-07-19 15:12:52 - [MESSAGE][PASSED] - Browser is opened with url: ''

2023-07-19 15:12:52 - [TEST_STEP][PASSED] - maximizeWindow(): Current window maximized

2023-07-19 15:12:52 - [MESSAGE][PASSED] - Current window maximized

2023-07-19 15:12:52 - [TEST_STEP][PASSED] - navigateToUrl("http://secure-sit.charles-stanley.co.uk/"): Navigate to 'http://secure-sit.charles-stanley.co.uk/' successfully

2023-07-19 15:12:54 - [MESSAGE][PASSED] - Navigate to 'http://secure-sit.charles-stanley.co.uk/' successfully

2023-07-19 15:12:54 - [TEST_STEP][PASSED] - setText(findTestObject("Object Repository/TC1/Page_Portal/input_Username_username"), "bob"): Text 'bob' is set on object 'Object Repository/TC1/Page_Portal/input_Username_username'

2023-07-19 15:12:55 - [MESSAGE][PASSED] - Text 'bob' is set on object 'Object Repository/TC1/Page_Portal/input_Username_username'

2023-07-19 15:12:55 - [TEST_STEP][PASSED] - setEncryptedText(findTestObject("Object Repository/TC1/Page_Portal/input_Password_password"), "xSEXy/5U3tx8KW40H+YXew=="): Text ****** has been set on object 'Object Repository/TC1/Page_Portal/input_Password_password'

2023-07-19 15:12:56 - [MESSAGE][PASSED] - Text ****** has been set on object 'Object Repository/TC1/Page_Portal/input_Password_password'

2023-07-19 15:12:56 - [TEST_STEP][PASSED] - click(findTestObject("Object Repository/TC1/Page_Portal/button_Continue")): Object: 'Object Repository/TC1/Page_Portal/button_Continue' is clicked on

2023-07-19 15:12:57 - [MESSAGE][PASSED] - Object: 'Object Repository/TC1/Page_Portal/button_Continue' is clicked on

2023-07-19 15:12:57 - [TEST_STEP][PASSED] - verifyElementVisible(findTestObject("Object Repository/TC1/Page_Portal/h2_Enter the verification code we have sent_0a5385")): Object 'Object Repository/TC1/Page_Portal/h2_Enter the verification code we have sent_0a5385' is visible

2023-07-19 15:12:58 - [MESSAGE][PASSED] - Object 'Object Repository/TC1/Page_Portal/h2_Enter the verification code we have sent_0a5385' is visible

2023-07-19 15:12:58 - [TEST_STEP][PASSED] - closeBrowser(): Browser is closed

2023-07-19 15:13:00 - [MESSAGE][PASSED] - Browser is closed

2023-07-19 15:13:00 - [TEST_STEP][PASSED] - Start listener action : sampleAfterTestCase: null]]></system-out>
         <system-err><![CDATA[]]></system-err>
      </testcase>
      <testcase name="Test Cases/TC2" time="10.265" classname="Test Cases/TC2" status="PASSED">
         <system-out><![CDATA[2023-07-19 15:13:00 - [TEST_CASE][PASSED] - Test Cases/TC2: Test Cases/TC2

2023-07-19 15:13:00 - [TEST_STEP][PASSED] - openBrowser(""): Browser is opened with url: ''

2023-07-19 15:13:00 - [MESSAGE][INFO] - Starting 'Edge Chromium' driver

2023-07-19 15:13:01 - [MESSAGE][INFO] - Action delay is set to 0 milliseconds

2023-07-19 15:13:02 - [MESSAGE][WARNING] - FFmpeg was not installed! Browser Recording will be disabled. Please follow this document to install FFmpeg first: https://docs.katalon.com/katalon-studio/docs/screenshots-videos.html#browser-based-recorder

2023-07-19 15:13:02 - [MESSAGE][PASSED] - Browser is opened with url: ''

2023-07-19 15:13:02 - [TEST_STEP][PASSED] - navigateToUrl("http://secure-sit.charles-stanley.co.uk/"): Navigate to 'http://secure-sit.charles-stanley.co.uk/' successfully

2023-07-19 15:13:04 - [MESSAGE][PASSED] - Navigate to 'http://secure-sit.charles-stanley.co.uk/' successfully

2023-07-19 15:13:04 - [TEST_STEP][PASSED] - setText(findTestObject("Object Repository/TC2/Page_Portal/input_Username_username"), "execution"): Text 'execution' is set on object 'Object Repository/TC2/Page_Portal/input_Username_username'

2023-07-19 15:13:05 - [MESSAGE][PASSED] - Text 'execution' is set on object 'Object Repository/TC2/Page_Portal/input_Username_username'

2023-07-19 15:13:05 - [TEST_STEP][PASSED] - setEncryptedText(findTestObject("Object Repository/TC2/Page_Portal/input_Password_password"), "kcCFLyWPDWbFPddzBbsULw=="): Text ****** has been set on object 'Object Repository/TC2/Page_Portal/input_Password_password'

2023-07-19 15:13:05 - [MESSAGE][PASSED] - Text ****** has been set on object 'Object Repository/TC2/Page_Portal/input_Password_password'

2023-07-19 15:13:05 - [TEST_STEP][PASSED] - click(findTestObject("Object Repository/TC2/Page_Portal/button_Continue")): Object: 'Object Repository/TC2/Page_Portal/button_Continue' is clicked on

2023-07-19 15:13:06 - [MESSAGE][PASSED] - Object: 'Object Repository/TC2/Page_Portal/button_Continue' is clicked on

2023-07-19 15:13:06 - [TEST_STEP][PASSED] - verifyElementVisible(findTestObject("Object Repository/TC2/Page_Portal/h2_Enter the verification code we have sent_0a5385")): Object 'Object Repository/TC2/Page_Portal/h2_Enter the verification code we have sent_0a5385' is visible

2023-07-19 15:13:09 - [MESSAGE][PASSED] - Object 'Object Repository/TC2/Page_Portal/h2_Enter the verification code we have sent_0a5385' is visible

2023-07-19 15:13:09 - [TEST_STEP][PASSED] - closeBrowser(): Browser is closed

2023-07-19 15:13:10 - [MESSAGE][PASSED] - Browser is closed

2023-07-19 15:13:10 - [TEST_STEP][PASSED] - Start listener action : sampleAfterTestCase: null]]></system-out>
         <system-err><![CDATA[]]></system-err>
      </testcase>
      <system-out><![CDATA[2023-07-19 15:12:47 - [TEST_SUITE][PASSED] - Parallel Testing Demo: Test Cases/TC2]]></system-out>
      <system-err><![CDATA[]]></system-err>
   </testsuite>
</testsuites>
