<?xml version="1.0" encoding="UTF-8"?>
<testsuites name="Visual Testing Suite" time="42.4" tests="1" failures="0" errors="0">
   <testsuite name="Visual Testing Suite" tests="1" failures="0" errors="0" time="42.4" skipped="0" timestamp="2023-06-08 09:10:20" hostname="akile - 10.146.5.71" id="Test Suites/Visual Testing Suite">
      <properties>
         <property name="deviceName" value=""/>
         <property name="devicePlatform" value=""/>
         <property name="logFolder" value="C:\\Users\\akile\\git\\KatalonMobileWeb\\Reports\\20230608_091010\\Visual Testing Suite\\20230608_091010"/>
         <property name="logFiles" value="C:\\Users\\akile\\git\\KatalonMobileWeb\\Reports\\20230608_091010\\Visual Testing Suite\\20230608_091010\\execution0.log"/>
         <property name="attachments" value="keyes\keyes-Application Selection.png, keyes\keyes-Retirement Planning.png, keyes\keyes-Summary.png, keyes\keyes-Businessgettercode.png, keyes\keyes-ClientDetails.png"/>
         <property name="hostName" value="akile - 10.146.5.71"/>
         <property name="os" value="Windows 10 64bit"/>
         <property name="katalonVersion" value="8.6.0.208"/>
         <property name="browser" value="Chrome 114.0.0.0"/>
         <property name="hostAddress" value="10.146.5.71"/>
         <property name="sessionId" value="39f08e71ec75d9d2e9023e8574c9574c"/>
         <property name="seleniumVersion" value="3.141.59"/>
         <property name="proxyInformation" value="ProxyInformation { proxyOption=NO_PROXY, proxyServerType=HTTP, username=, password=********, proxyServerAddress=, proxyServerPort=0, executionList=&quot;&quot;, isApplyToDesiredCapabilities=true }"/>
         <property name="platform" value="Windows 10"/>
      </properties>
      <testcase name="Test Cases/Ui Testing/UI Testing IMS Portal" time="41.992" classname="Test Cases/Ui Testing/UI Testing IMS Portal" status="PASSED">
         <system-out><![CDATA[2023-06-08 09:10:20 - [TEST_CASE][PASSED] - Test Cases/Ui Testing/UI Testing IMS Portal: Test Cases/Ui Testing/UI Testing IMS Portal

2023-06-08 09:10:20 - [TEST_STEP][PASSED] - openBrowser(""): Browser is opened with url: ''

2023-06-08 09:10:21 - [MESSAGE][INFO] - Starting 'Chrome' driver

2023-06-08 09:10:21 - [MESSAGE][INFO] - Action delay is set to 0 milliseconds

2023-06-08 09:10:24 - [MESSAGE][WARNING] - FFmpeg was not installed! Browser Recording will be disabled. Please follow this document to install FFmpeg first: https://docs.katalon.com/katalon-studio/docs/screenshots-videos.html#browser-based-recorder

2023-06-08 09:10:24 - [MESSAGE][PASSED] - Browser is opened with url: ''

2023-06-08 09:10:24 - [TEST_STEP][PASSED] - navigateToUrl("http://kdx03:Servehugematch93!@clientsupport.sit.charles-stanley.co.uk/app/"): Navigate to 'http://kdx03:Servehugematch93!@clientsupport.sit.charles-stanley.co.uk/app/' successfully

2023-06-08 09:10:26 - [MESSAGE][PASSED] - Navigate to 'http://kdx03:Servehugematch93!@clientsupport.sit.charles-stanley.co.uk/app/' successfully

2023-06-08 09:10:26 - [TEST_STEP][PASSED] - click(findTestObject("Object Repository/Ui Testing/Page_Dashboard/button_Create new")): Object: 'Object Repository/Ui Testing/Page_Dashboard/button_Create new' is clicked on

2023-06-08 09:10:37 - [MESSAGE][PASSED] - Object: 'Object Repository/Ui Testing/Page_Dashboard/button_Create new' is clicked on

2023-06-08 09:10:37 - [TEST_STEP][PASSED] - takeElementScreenshotAsCheckpoint("Application Selection", findTestObject("Object Repository/Ui Testing/Page_Dashboard/Application Service Type Selection")): Taking screenshot successfully

2023-06-08 09:10:37 - [MESSAGE][WARNING] - Timeout '0' is invalid. Using default page load timeout: '30'

2023-06-08 09:10:38 - [MESSAGE][INFO] - 0 hidden object(s)

2023-06-08 09:10:38 - [MESSAGE][PASSED] - Taking screenshot successfully
[[ATTACHMENT|keyes\keyes-Application Selection.png]]

2023-06-08 09:10:38 - [TEST_STEP][PASSED] - selectOptionByValue(findTestObject("Object Repository/Ui Testing/Page_Dashboard/select_Select Service IMS OneStep - Five-po_f58547"), "3", true): All options with value '3' are selected in object 'Object Repository/Ui Testing/Page_Dashboard/select_Select Service IMS OneStep - Five-po_f58547'  using regular expression

2023-06-08 09:10:40 - [MESSAGE][PASSED] - All options with value '3' are selected in object 'Object Repository/Ui Testing/Page_Dashboard/select_Select Service IMS OneStep - Five-po_f58547'  using regular expression

2023-06-08 09:10:40 - [TEST_STEP][PASSED] - takeElementScreenshotAsCheckpoint("Retirement Planning", findTestObject("Object Repository/Ui Testing/Page_Dashboard/Application Service Type Selection")): Taking screenshot successfully

2023-06-08 09:10:40 - [MESSAGE][WARNING] - Timeout '0' is invalid. Using default page load timeout: '30'

2023-06-08 09:10:41 - [MESSAGE][INFO] - 0 hidden object(s)

2023-06-08 09:10:41 - [MESSAGE][PASSED] - Taking screenshot successfully
[[ATTACHMENT|keyes\keyes-Retirement Planning.png]]

2023-06-08 09:10:41 - [TEST_STEP][PASSED] - click(findTestObject("Object Repository/Page_Dashboard/button_Create new")): Object: 'Object Repository/Page_Dashboard/button_Create new' is clicked on

2023-06-08 09:10:41 - [MESSAGE][PASSED] - Object: 'Object Repository/Page_Dashboard/button_Create new' is clicked on

2023-06-08 09:10:41 - [TEST_STEP][PASSED] - waitForElementVisible(findTestObject("Object Repository/Ui Testing/Page_Dashboard/span_Business getter code_anchor"), 0): Object 'Object Repository/Ui Testing/Page_Dashboard/span_Business getter code_anchor' is visible

2023-06-08 09:10:41 - [MESSAGE][WARNING] - Timeout '0' is invalid. Using default page load timeout: '30'

2023-06-08 09:10:55 - [MESSAGE][PASSED] - Object 'Object Repository/Ui Testing/Page_Dashboard/span_Business getter code_anchor' is visible

2023-06-08 09:10:55 - [TEST_STEP][PASSED] - takeFullPageScreenshotAsCheckpoint("Summary"): Taking screenshot successfully

2023-06-08 09:10:56 - [MESSAGE][INFO] - 0 hidden object(s)

2023-06-08 09:10:56 - [MESSAGE][PASSED] - Taking screenshot successfully
[[ATTACHMENT|keyes\keyes-Summary.png]]

2023-06-08 09:10:56 - [TEST_STEP][PASSED] - click(findTestObject("Object Repository/Ui Testing/Page_Dashboard/span_Business getter code_anchor")): Object: 'Object Repository/Ui Testing/Page_Dashboard/span_Business getter code_anchor' is clicked on

2023-06-08 09:10:57 - [MESSAGE][PASSED] - Object: 'Object Repository/Ui Testing/Page_Dashboard/span_Business getter code_anchor' is clicked on

2023-06-08 09:10:57 - [TEST_STEP][PASSED] - click(findTestObject("Object Repository/Ui Testing/Page_Dashboard/li_MRL - Aaron Murphy")): Object: 'Object Repository/Ui Testing/Page_Dashboard/li_MRL - Aaron Murphy' is clicked on

2023-06-08 09:10:57 - [MESSAGE][PASSED] - Object: 'Object Repository/Ui Testing/Page_Dashboard/li_MRL - Aaron Murphy' is clicked on

2023-06-08 09:10:57 - [TEST_STEP][PASSED] - takeFullPageScreenshotAsCheckpoint("Businessgettercode"): Taking screenshot successfully

2023-06-08 09:10:58 - [MESSAGE][INFO] - 0 hidden object(s)

2023-06-08 09:10:58 - [MESSAGE][PASSED] - Taking screenshot successfully
[[ATTACHMENT|keyes\keyes-Businessgettercode.png]]

2023-06-08 09:10:58 - [TEST_STEP][PASSED] - click(findTestObject("Object Repository/Ui Testing/Page_Dashboard/span_Client Details")): Object: 'Object Repository/Ui Testing/Page_Dashboard/span_Client Details' is clicked on

2023-06-08 09:10:59 - [MESSAGE][PASSED] - Object: 'Object Repository/Ui Testing/Page_Dashboard/span_Client Details' is clicked on

2023-06-08 09:10:59 - [TEST_STEP][PASSED] - waitForElementVisible(findTestObject("Page_Dashboard/input_First names_client1firstnames"), 0): Object 'Object Repository/Page_Dashboard/input_First names_client1firstnames' is visible

2023-06-08 09:10:59 - [MESSAGE][WARNING] - Timeout '0' is invalid. Using default page load timeout: '30'

2023-06-08 09:11:00 - [MESSAGE][PASSED] - Object 'Object Repository/Page_Dashboard/input_First names_client1firstnames' is visible

2023-06-08 09:11:00 - [TEST_STEP][PASSED] - takeFullPageScreenshotAsCheckpoint("ClientDetails"): Taking screenshot successfully

2023-06-08 09:11:01 - [MESSAGE][INFO] - 0 hidden object(s)

2023-06-08 09:11:02 - [MESSAGE][PASSED] - Taking screenshot successfully
[[ATTACHMENT|keyes\keyes-ClientDetails.png]]]]></system-out>
         <system-err><![CDATA[]]></system-err>
      </testcase>
      <system-out><![CDATA[2023-06-08 09:10:20 - [TEST_SUITE][PASSED] - Visual Testing Suite: Test Cases/Ui Testing/UI Testing IMS Portal]]></system-out>
      <system-err><![CDATA[]]></system-err>
   </testsuite>
</testsuites>
