<?xml version="1.0" encoding="UTF-8"?>
<testsuites name="Android Mob UI Automation" time="52.952" tests="1" failures="0" errors="0">
   <testsuite name="Android Mob UI Automation" tests="1" failures="0" errors="0" time="52.952" skipped="0" timestamp="2023-06-08 10:23:47" hostname="akile - 10.146.5.71" id="Test Suites/Android Mob UI Automation">
      <properties>
         <property name="deviceName"/>
         <property name="devicePlatform" value=""/>
         <property name="logFolder" value="C:\\Users\\akile\\git\\KatalonMobileWeb\\Reports\\20230608_102336\\Android Mob UI Automation\\20230608_102337"/>
         <property name="logFiles" value="C:\\Users\\akile\\git\\KatalonMobileWeb\\Reports\\20230608_102336\\Android Mob UI Automation\\20230608_102337\\execution0.log"/>
         <property name="attachments" value="keyes\keyes-logoScreen.png, keyes\keyes-SignIn.png, keyes\keyes-UsernmaePassword.png, keyes\keyes-2FA.png"/>
         <property name="hostName" value="akile - 10.146.5.71"/>
         <property name="remoteDriverUrl" value="http://hub.browserstack.com/wd/hub"/>
         <property name="desiredCapabilities" value="{
  &quot;app&quot;: &quot;bs://42357bf6cdd0b22ec96727a4dd91b055497b9807&quot;,
  &quot;build&quot;: &quot;OneCS QA&quot;,
  &quot;browserstack.key&quot;: &quot;XL3oy1yprCJD24apFpHu&quot;,
  &quot;os_version&quot;: &quot;12.0&quot;,
  &quot;project&quot;: &quot;OneCS Mobile&quot;,
  &quot;browserstack.user&quot;: &quot;akileshs_Jit0Ln&quot;,
  &quot;device&quot;: &quot;Samsung Galaxy S21&quot;,
  &quot;browserstack.idleTimeout&quot;: &quot;120&quot;
}"/>
         <property name="os" value="Windows 10 64bit"/>
         <property name="appiumServerStatus" value="{&quot;status&quot;:0,&quot;sessionId&quot;:null,&quot;value&quot;:{&quot;build&quot;:{&quot;time&quot;:&quot;2015-02-26 23:59:50&quot;,&quot;version&quot;:&quot;2.45.0&quot;,&quot;revision&quot;:&quot;5017cb8&quot;}},&quot;state&quot;:&quot;success&quot;}"/>
         <property name="katalonVersion" value="8.6.0.208"/>
         <property name="appiumVersion" value="2.45.0"/>
         <property name="hostAddress" value="10.146.5.71"/>
      </properties>
      <testcase name="Test Cases/Ui Testing/UI Testing Mobile Android" time="52.726" classname="Test Cases/Ui Testing/UI Testing Mobile Android" status="PASSED">
         <system-out><![CDATA[2023-06-08 10:23:47 - [TEST_CASE][PASSED] - Test Cases/Ui Testing/UI Testing Mobile Android: Test Cases/Ui Testing/UI Testing Mobile Android

2023-06-08 10:23:47 - [TEST_STEP][PASSED] - startApplication(bsApp, true): Started app at: 'bs://42357bf6cdd0b22ec96727a4dd91b055497b9807'

2023-06-08 10:24:12 - [MESSAGE][PASSED] - Started app at: 'bs://42357bf6cdd0b22ec96727a4dd91b055497b9807'

2023-06-08 10:24:12 - [TEST_STEP][PASSED] - takeScreenshotAsCheckpoint("logoScreen"): Screenshot is taken

2023-06-08 10:24:16 - [MESSAGE][INFO] - 0 hidden object(s)

2023-06-08 10:24:16 - [MESSAGE][PASSED] - Screenshot is taken
[[ATTACHMENT|keyes\keyes-logoScreen.png]]

2023-06-08 10:24:16 - [TEST_STEP][PASSED] - tap(findTestObject("Object Repository/Ui Testing/android.widget.TextView - Sign in"), 0): Tapped on element 'Object Repository/Ui Testing/android.widget.TextView - Sign in'

2023-06-08 10:24:16 - [MESSAGE][WARNING] - Timeout '0' is invalid. Using default page load timeout: '30'

2023-06-08 10:24:19 - [MESSAGE][PASSED] - Tapped on element 'Object Repository/Ui Testing/android.widget.TextView - Sign in'

2023-06-08 10:24:19 - [TEST_STEP][PASSED] - waitForElementPresent(findTestObject("Object Repository/Ui Testing/android.widget.EditText"), 0): Element 'Object Repository/Ui Testing/android.widget.EditText' is present

2023-06-08 10:24:19 - [MESSAGE][WARNING] - Timeout '0' is invalid. Using default page load timeout: '30'

2023-06-08 10:24:21 - [MESSAGE][PASSED] - Element 'Object Repository/Ui Testing/android.widget.EditText' is present

2023-06-08 10:24:21 - [TEST_STEP][PASSED] - takeScreenshotAsCheckpoint("SignIn"): Screenshot is taken

2023-06-08 10:24:23 - [MESSAGE][INFO] - 0 hidden object(s)

2023-06-08 10:24:23 - [MESSAGE][PASSED] - Screenshot is taken
[[ATTACHMENT|keyes\keyes-SignIn.png]]

2023-06-08 10:24:24 - [TEST_STEP][PASSED] - setText(findTestObject("Object Repository/Ui Testing/android.widget.EditText"), "bob", 0): Text 'bob' has been set to element 'Object Repository/Ui Testing/android.widget.EditText'

2023-06-08 10:24:24 - [MESSAGE][WARNING] - Timeout '0' is invalid. Using default page load timeout: '30'

2023-06-08 10:24:26 - [MESSAGE][PASSED] - Text 'bob' has been set to element 'Object Repository/Ui Testing/android.widget.EditText'

2023-06-08 10:24:26 - [TEST_STEP][PASSED] - setText(findTestObject("Object Repository/Ui Testing/android.widget.EditText (1)"), "Pass123$", 0): Text 'Pass123$' has been set to element 'Object Repository/Ui Testing/android.widget.EditText (1)'

2023-06-08 10:24:26 - [MESSAGE][WARNING] - Timeout '0' is invalid. Using default page load timeout: '30'

2023-06-08 10:24:28 - [MESSAGE][PASSED] - Text 'Pass123$' has been set to element 'Object Repository/Ui Testing/android.widget.EditText (1)'

2023-06-08 10:24:28 - [TEST_STEP][PASSED] - takeScreenshotAsCheckpoint("UsernmaePassword"): Screenshot is taken

2023-06-08 10:24:30 - [MESSAGE][INFO] - 0 hidden object(s)

2023-06-08 10:24:30 - [MESSAGE][PASSED] - Screenshot is taken
[[ATTACHMENT|keyes\keyes-UsernmaePassword.png]]

2023-06-08 10:24:31 - [TEST_STEP][PASSED] - tap(findTestObject("Object Repository/Ui Testing/android.widget.TextView - Continue"), 0): Tapped on element 'Object Repository/Ui Testing/android.widget.TextView - Continue'

2023-06-08 10:24:31 - [MESSAGE][WARNING] - Timeout '0' is invalid. Using default page load timeout: '30'

2023-06-08 10:24:32 - [MESSAGE][PASSED] - Tapped on element 'Object Repository/Ui Testing/android.widget.TextView - Continue'

2023-06-08 10:24:32 - [TEST_STEP][PASSED] - waitForElementPresent(findTestObject("Object Repository/Ui Testing/android.widget.TextView - Verify your account"), 0): Element 'Object Repository/Ui Testing/android.widget.TextView - Verify your account' is present

2023-06-08 10:24:32 - [MESSAGE][WARNING] - Timeout '0' is invalid. Using default page load timeout: '30'

2023-06-08 10:24:36 - [MESSAGE][PASSED] - Element 'Object Repository/Ui Testing/android.widget.TextView - Verify your account' is present

2023-06-08 10:24:36 - [TEST_STEP][PASSED] - takeScreenshotAsCheckpoint("2FA"): Screenshot is taken

2023-06-08 10:24:38 - [MESSAGE][INFO] - 0 hidden object(s)

2023-06-08 10:24:38 - [MESSAGE][PASSED] - Screenshot is taken
[[ATTACHMENT|keyes\keyes-2FA.png]]

2023-06-08 10:24:39 - [TEST_STEP][PASSED] - closeApplication(): Close app successfully

2023-06-08 10:24:39 - [MESSAGE][PASSED] - Close app successfully]]></system-out>
         <system-err><![CDATA[]]></system-err>
      </testcase>
      <system-out><![CDATA[2023-06-08 10:23:47 - [TEST_SUITE][PASSED] - Android Mob UI Automation: Test Cases/Ui Testing/UI Testing Mobile Android]]></system-out>
      <system-err><![CDATA[]]></system-err>
   </testsuite>
</testsuites>
